Accuracy: 0.6713266443701227
 Epoches: 1
 Time: 6ms
 Indices: [8]
 Weights: [1.0]

Accuracy: 0.6330657748049052
 Epoches: 1
 Time: 9ms
 Indices: [10]
 Weights: [1.0]

Accuracy: 0.6317056856187291
 Epoches: 1
 Time: 27ms
 Indices: [1]
 Weights: [1.0]

Accuracy: 0.6045484949832776
 Epoches: 1
 Time: 5ms
 Indices: [5]
 Weights: [1.0]

Accuracy: 0.5969899665551839
 Epoches: 1
 Time: 4ms
 Indices: [6]
 Weights: [1.0]

_________________________________
size = 2
Accuracy: 0.6317056856187291
 Epoches: 3000
 Time: 15453ms
 Indices: [0, 1]
 Weights: [1.5800072170913653, 6.101789753918904]

Accuracy: 0.3681605351170568
 Epoches: 3000
 Time: 182832ms
 Indices: [0, 2]
 Weights: [4.17694463127032, 7.413007601501294]

Accuracy: 0.5527536231884058
 Epoches: 3000
 Time: 25991ms
 Indices: [0, 3]
 Weights: [9.151489113749916, 3.4106844265493184]

Accuracy: 0.31255295429208474
 Epoches: 3000
 Time: 28982ms
 Indices: [0, 4]
 Weights: [9.461952639447027, 3.1730730038000394]

Accuracy: 0.2176365663322185
 Epoches: 3000
 Time: 190603ms
 Indices: [1, 2]
 Weights: [6.132782767235865, 6.085921389576704]

Accuracy: 0.5703678929765886
 Epoches: 3000
 Time: 19552ms
 Indices: [1, 3]
 Weights: [12.379925026179578, 5.937226752216665]

Accuracy: 0.5669342251950948
 Epoches: 3000
 Time: 20354ms
 Indices: [1, 4]
 Weights: [5.138607752444967, 1.7972957644374068]

Accuracy: 0.4601560758082497
 Epoches: 3000
 Time: 213378ms
 Indices: [2, 3]
 Weights: [4.609554173996608, 2.6379904873885187]

Accuracy: 0.2933779264214047
 Epoches: 3000
 Time: 217774ms
 Indices: [2, 4]
 Weights: [8.090629475401023, 3.7240612998497546]

Accuracy: 0.5527536231884058
 Epoches: 3000
 Time: 30717ms
 Indices: [3, 4]
 Weights: [10.422547668016916, 3.8846233633335053E-13]

Best IWA: Accuracy: 0.6317056856187291
 Epoches: 3000
 Time: 15453ms
 Indices: [0, 1]
 Weights: [1.5800072170913653, 6.101789753918904]--------------------------------

_________________________________
size = 3
Accuracy: 0.1917502787068004
 Epoches: 3000
 Time: 186154ms
 Indices: [0, 1, 2]
 Weights: [2.832773545057619, 7.079953646705341, 6.297508904140663]

Accuracy: 0.5150947603121516
 Epoches: 3000
 Time: 20811ms
 Indices: [0, 1, 3]
 Weights: [8.707879157868923, 5.627481979260682, 2.6239523273536927]

Accuracy: 0.5832552954292085
 Epoches: 3000
 Time: 20693ms
 Indices: [0, 1, 4]
 Weights: [3.1191430722989235, 15.084565519425944, 4.7940043260522955]

Accuracy: 0.24606465997770344
 Epoches: 3000
 Time: 200392ms
 Indices: [0, 2, 3]
 Weights: [9.077682806303539, 8.570649249288842, 4.890998875115714]

Accuracy: 0.30211817168338906
 Epoches: 3000
 Time: 222724ms
 Indices: [0, 2, 4]
 Weights: [4.5210165862667715, 8.910627163419663, 4.120321607377783]

Accuracy: 0.5527536231884058
 Epoches: 3000
 Time: 31074ms
 Indices: [0, 3, 4]
 Weights: [9.816672919374318, 14.524271854730763, 2.3030007382229207E-9]

Accuracy: 0.2791527313266444
 Epoches: 3000
 Time: 242765ms
 Indices: [1, 2, 3]
 Weights: [5.696014841325685, 5.137260863788016, 4.45189154513923]

Accuracy: 0.4130880713489409
 Epoches: 3000
 Time: 229092ms
 Indices: [1, 2, 4]
 Weights: [8.896849058163458, 7.844229126798438, 5.682701503806049]

Accuracy: 0.5206465997770345
 Epoches: 3000
 Time: 24715ms
 Indices: [1, 3, 4]
 Weights: [9.20161997009321, 4.3679112095607415, 8.159379440553323E-8]

Accuracy: 0.21612040133779264
 Epoches: 3000
 Time: 242326ms
 Indices: [2, 3, 4]
 Weights: [9.748892428834132, 6.411744126665909, 4.3477784600888937E-4]

Best IWA: Accuracy: 0.5832552954292085
 Epoches: 3000
 Time: 20693ms
 Indices: [0, 1, 4]
 Weights: [3.1191430722989235, 15.084565519425944, 4.7940043260522955]--------------------------------

_________________________________
size = 4
Accuracy: 0.2708138238573021
 Epoches: 3000
 Time: 225919ms
 Indices: [0, 1, 2, 3]
 Weights: [3.995029886595651, 7.058155221313487, 6.717401671988926, 5.285086094078387]

Accuracy: 0.4431215161649944
 Epoches: 3000
 Time: 216597ms
 Indices: [0, 1, 2, 4]
 Weights: [8.939904173596045, 7.575992308958612, 6.673868133418742, 5.495429674940509]

Accuracy: 0.568695652173913
 Epoches: 3000
 Time: 23937ms
 Indices: [0, 1, 3, 4]
 Weights: [6.18848325052768, 9.707073383156253, 4.383735873711174, 8.580979705511968E-8]

Accuracy: 0.2259754738015608
 Epoches: 3000
 Time: 248737ms
 Indices: [0, 2, 3, 4]
 Weights: [4.636550851594073, 8.772794053656085, 5.112114991677707, 1.3033664596488086E-4]

Accuracy: 0.3727759197324415
 Epoches: 3000
 Time: 260323ms
 Indices: [1, 2, 3, 4]
 Weights: [11.044345168396777, 9.632426017327191, 8.579470500507226, 0.021318584511725594]

Best IWA: Accuracy: 0.568695652173913
 Epoches: 3000
 Time: 23937ms
 Indices: [0, 1, 3, 4]
 Weights: [6.18848325052768, 9.707073383156253, 4.383735873711174, 8.580979705511968E-8]--------------------------------

_________________________________
size = 5
Accuracy: 0.46392419175027866
 Epoches: 3000
 Time: 260858ms
 Indices: [0, 1, 2, 3, 4]
 Weights: [1.4017806541568238, 7.872749320644071, 7.821027971609361, 6.3855286238198286, 0.0038732446152678693]

Best IWA: Accuracy: 0.46392419175027866
 Epoches: 3000
 Time: 260858ms
 Indices: [0, 1, 2, 3, 4]
 Weights: [1.4017806541568238, 7.872749320644071, 7.821027971609361, 6.3855286238198286, 0.0038732446152678693]--------------------------------

Accuracy: 0.6317056856187291
 Epoches: 3000
 Time: 15453ms
 Indices: [0, 1]
 Weights: [1.5800072170913653, 6.101789753918904]
