 Weights: [4.586339049851572, 15.296347814179517, 3.043922491300567E-4]

Accuracy: 0.659241917502787
 Epoches: 3000
 Time: 76908ms
 Indices: [3, 6, 7]
 Weights: [5.567505215308507, 9.232618905489364, 4.117444021564744]

Accuracy: 0.521716833890747
 Epoches: 3000
 Time: 31081ms
 Indices: [3, 6, 8]
 Weights: [5.248975753540607, 9.921889558908326, 1.0698056902291315]

Accuracy: 0.5472686733556299
 Epoches: 3000
 Time: 28769ms
 Indices: [3, 6, 9]
 Weights: [5.82547810376926, 10.595851092738725, 5.539037481605082E-4]

Accuracy: 0.31754738015607575
 Epoches: 3000
 Time: 220141ms
 Indices: [3, 7, 8]
 Weights: [0.7886227495994045, 5.3847697620709045, 5.4444216876374165]

Accuracy: 0.43536231884057974
 Epoches: 3000
 Time: 226718ms
 Indices: [3, 7, 9]
 Weights: [5.666832822421256, 7.430106548784986, 6.295529143906913]

Accuracy: 0.36662207357859533
 Epoches: 3000
 Time: 59671ms
 Indices: [3, 8, 9]
 Weights: [15.00062295028488, 11.662561254329642, 3.9200442115680314E-6]

Accuracy: 0.6537123745819398
 Epoches: 3000
 Time: 31432ms
 Indices: [4, 5, 6]
 Weights: [4.643026041431876, 14.440266279694711, 2.85372309538945]

Accuracy: 0.5692753623188406
 Epoches: 3000
 Time: 61289ms
 Indices: [4, 5, 7]
 Weights: [1.5834806234781593, 12.677531555405594, 6.555142796007434]

Accuracy: 0.777324414715719
 Epoches: 3000
 Time: 38660ms
 Indices: [4, 5, 8]
 Weights: [4.038908849686534, 16.404666260733137, 1.5488933989792835]

Accuracy: 0.6436789297658863
 Epoches: 3000
 Time: 36863ms
 Indices: [4, 5, 9]
 Weights: [3.5116263317389396, 13.467785485519363, 0.3627250503050541]

Accuracy: 0.49315496098104794
 Epoches: 3000
 Time: 82925ms
 Indices: [4, 6, 7]
 Weights: [3.941075831988458, 7.081296673916079, 3.6664740089714494]

Accuracy: 0.5769007803790412
 Epoches: 3000
 Time: 34654ms
 Indices: [4, 6, 8]
 Weights: [2.5216351486709803, 10.50986382099639, 3.5422940907379656]

Accuracy: 0.5375473801560757
 Epoches: 3000
 Time: 34753ms
 Indices: [4, 6, 9]
 Weights: [3.1803174146227735, 6.597813997550211, 0.9696659780048311]

Accuracy: 0.3576142697881828
 Epoches: 3000
 Time: 222241ms
 Indices: [4, 7, 8]
 Weights: [0.005641306936817271, 8.072425342442154, 7.749122506758349]

Accuracy: 0.4990858416945374
 Epoches: 3000
 Time: 217550ms
 Indices: [4, 7, 9]
 Weights: [0.004894386407692889, 7.998612670743435, 6.893165981306255]

Accuracy: 0.6713266443701227
 Epoches: 3000
 Time: 43508ms
 Indices: [4, 8, 9]
 Weights: [0.018489666910822055, 14.975269751167342, 2.442615135154508E-11]

Accuracy: 0.2556967670011149
 Epoches: 3000
 Time: 36172ms
 Indices: [5, 6, 7]
 Weights: [8.795260507451585, 0.5145469215527211, 4.892851310620424]

Accuracy: 0.6619843924191751
 Epoches: 3000
 Time: 35488ms
 Indices: [5, 6, 8]
 Weights: [5.033802170745849, 2.3369776066730097, 1.084694453883347]

Accuracy: 0.614247491638796
 Epoches: 3000
 Time: 35899ms
 Indices: [5, 6, 9]
 Weights: [13.319612876908135, 3.6317040381454113, 2.0023634343689753]

Accuracy: 0.47830546265328877
 Epoches: 3000
 Time: 105706ms
 Indices: [5, 7, 8]
 Weights: [9.87246164397674, 5.956306814638063, 1.632567938631193]

Accuracy: 0.45340022296544036
 Epoches: 3000
 Time: 81918ms
 Indices: [5, 7, 9]
 Weights: [12.820599747006622, 7.494920897975635, 1.4047674271293666]

Accuracy: 0.6214715719063545
 Epoches: 3000
 Time: 41129ms
 Indices: [5, 8, 9]
 Weights: [12.778958710461747, 2.4840228110976352, 0.008173303614256631]

Accuracy: 0.5487848383500558
 Epoches: 3000
 Time: 145124ms
 Indices: [6, 7, 8]
 Weights: [4.317636582720526, 3.106367327038575, 2.665183077331199]

Accuracy: 0.7029208472686734
 Epoches: 3000
 Time: 154252ms
 Indices: [6, 7, 9]
 Weights: [5.236397826255775, 3.2922592510199737, 2.5004620711784287]

Accuracy: 0.49674470457079156
 Epoches: 3000
 Time: 38182ms
 Indices: [6, 8, 9]
 Weights: [12.568176905560101, 4.713315605138379, 5.45620479209209E-11]

Accuracy: 0.3759197324414716
 Epoches: 3000
 Time: 222489ms
 Indices: [7, 8, 9]
 Weights: [8.268225604700568, 8.708151574518098, 5.04166646767864E-4]

Best IWA: Accuracy: 0.777324414715719
 Epoches: 3000
 Time: 38660ms
 Indices: [4, 5, 8]
 Weights: [4.038908849686534, 16.404666260733137, 1.5488933989792835]--------------------------------

_________________________________
size = 4
Accuracy: 0.4842140468227425
 Epoches: 3000
 Time: 227332ms
 Indices: [0, 1, 2, 3]
 Weights: [5.1392443811900534, 5.132414780495696, 4.565232509626857, 4.040136922372845]

Accuracy: 0.4264214046822743
 Epoches: 3000
 Time: 225571ms
 Indices: [0, 1, 2, 4]
 Weights: [7.21274130283868, 5.529409558773168, 4.794966132999907, 3.3830089143595257]

Accuracy: 0.33500557413600895
 Epoches: 3000
 Time: 79689ms
 Indices: [0, 1, 2, 5]
 Weights: [4.70071160754576, 6.574900210980028, 3.982253593009355, 5.747246796046568]

Accuracy: 0.2118171683389075
 Epoches: 3000
 Time: 214721ms
 Indices: [0, 1, 2, 6]
 Weights: [9.611342317725304, 3.007275371516551, 2.7354071034667498, 1.2975394311808324]

Accuracy: 0.2176365663322185
 Epoches: 3000
 Time: 233950ms
 Indices: [0, 1, 2, 7]
 Weights: [4.547143307448888, 9.85308032441246, 10.110027952360111, 5.691796255465922E-6]

Accuracy: 0.44069119286510594
 Epoches: 3000
 Time: 230216ms
 Indices: [0, 1, 2, 8]
 Weights: [6.95928966470737, 9.611236941713063, 7.119510630413471, 4.59788498992931]

Accuracy: 0.2918171683389075
 Epoches: 3000
 Time: 226990ms
 Indices: [0, 1, 2, 9]
 Weights: [4.117964161762174, 6.68237014004868, 5.54866832884197, 3.7441824686630825]

Accuracy: 0.6867558528428094
 Epoches: 3000
 Time: 23891ms
 Indices: [0, 1, 3, 4]
 Weights: [9.016883133731868, 10.048357994608512, 4.46002236608238, 1.4744938743396774E-7]

Accuracy: 0.679375696767001
 Epoches: 3000
 Time: 29935ms
 Indices: [0, 1, 3, 5]
 Weights: [7.551217713210748, 8.307793520485117, 0.915120057472882, 6.276349165164142]

Accuracy: 0.7301003344481605
 Epoches: 3000
 Time: 23300ms
 Indices: [0, 1, 3, 6]
 Weights: [4.335675446933443, 3.658174730636227, 1.6192430135345748, 3.070696629677305]

Accuracy: 0.542809364548495
 Epoches: 3000
 Time: 41770ms
 Indices: [0, 1, 3, 7]
 Weights: [5.022617203550821, 8.972711513064107, 4.193566373183564, 0.5679773545418405]

Accuracy: 0.7449052396878484
 Epoches: 3000
 Time: 27918ms
 Indices: [0, 1, 3, 8]
 Weights: [4.586995027293604, 19.526727265141425, 0.5507649624302507, 6.036705397809191]

Accuracy: 0.6476923076923077
 Epoches: 3000
 Time: 26954ms
 Indices: [0, 1, 3, 9]
 Weights: [2.231281355678774, 11.352430447567741, 2.4909799475204593, 3.0809684876730103]

Accuracy: 0.7513266443701226
 Epoches: 3000
 Time: 30678ms
 Indices: [0, 1, 4, 5]
 Weights: [9.048490164844544, 8.779061705379245, 0.4971621327438518, 6.937590688192211]

Accuracy: 0.7504347826086957
 Epoches: 3000
 Time: 24328ms
 Indices: [0, 1, 4, 6]
 Weights: [7.960173371415375, 9.395984652118793, 2.7593926074012223, 5.888595731044835]

Accuracy: 0.5813600891861761
 Epoches: 3000
 Time: 56902ms
 Indices: [0, 1, 4, 7]
 Weights: [2.8607444241650244, 18.469368096819682, 6.453081946795999, 1.2168415095401226]

Accuracy: 0.7044370122630992
 Epoches: 3000
 Time: 26406ms
 Indices: [0, 1, 4, 8]
 Weights: [2.156258225537487, 16.845954785775103, 6.05785337986371E-4, 5.385926875094615]

Accuracy: 0.7153623188405798
 Epoches: 3000
 Time: 28136ms
 Indices: [0, 1, 4, 9]
 Weights: [8.380080326047437, 11.481300201204906, 5.345301708187006E-4, 3.575264257169927]

Accuracy: 0.5895206243032329
 Epoches: 3000
 Time: 26456ms
 Indices: [0, 1, 5, 6]
 Weights: [6.256561669214742, 11.21454374242433, 9.122950279636724, 0.18993453448210845]

Accuracy: 0.7472017837235229
 Epoches: 3000
 Time: 38023ms
 Indices: [0, 1, 5, 7]
 Weights: [3.6601734477669163, 9.602397458989806, 8.414626787848645, 0.43645044388687626]

Accuracy: 0.7480267558528428
 Epoches: 3000
 Time: 28268ms
 Indices: [0, 1, 5, 8]
 Weights: [6.737657288286598, 7.151842227315595, 5.210277847531981, 0.6888304687556988]

Accuracy: 0.7783500557413601
 Epoches: 3000
 Time: 30321ms
 Indices: [0, 1, 5, 9]
 Weights: [1.570227443387612, 8.520441670082011, 6.357147197746598, 0.535339579671478]

Accuracy: 0.63917502787068
 Epoches: 3000
 Time: 27138ms
 Indices: [0, 1, 6, 7]
 Weights: [1.0994843029991532, 4.804895491354741, 3.5074716528259886, 0.4226428383371218]

Accuracy: 0.6884503901895207
 Epoches: 3000
 Time: 26463ms
 Indices: [0, 1, 6, 8]
 Weights: [7.4876743670328105, 8.034997976720877, 4.843867154002997, 2.2403619943435835]

Accuracy: 0.6890078037904125
 Epoches: 3000
 Time: 26957ms
 Indices: [0, 1, 6, 9]
 Weights: [7.207976127873482, 8.167413105466522, 5.058730294159649, 2.5127105241247256]

Accuracy: 0.6584838350055742
 Epoches: 3000
 Time: 51070ms
 Indices: [0, 1, 7, 8]
 Weights: [6.5009748469531985, 9.256842077446109, 0.8231121819919693, 3.7997811301579874]

Accuracy: 0.6925083612040134
 Epoches: 3000
 Time: 67800ms
 Indices: [0, 1, 7, 9]
 Weights: [7.061919771060155, 9.054020348422352, 0.7754830448234354, 3.3797149256693815]

Accuracy: 0.6855964325529542
 Epoches: 3000
 Time: 26566ms
 Indices: [0, 1, 8, 9]
 Weights: [7.674463259515371, 13.568296295790248, 4.228213561432835, 2.0074946864950423E-6]

Accuracy: 0.3812486064659978
 Epoches: 3000
 Time: 250284ms
 Indices: [0, 2, 3, 4]
 Weights: [5.194172612513837, 14.045683206538808, 9.001191602326154, 0.00575741239873419]

Accuracy: 0.27986622073578593
 Epoches: 3000
 Time: 222293ms
 Indices: [0, 2, 3, 5]
 Weights: [9.083753431696877, 7.8105047630318545, 3.050543315982003, 7.02689007094053]

Accuracy: 0.5260869565217392
 Epoches: 3000
 Time: 209216ms
 Indices: [0, 2, 3, 6]
 Weights: [3.242406497307583, 2.7169551513753194, 1.9290198357114814, 2.210861690437871]

Accuracy: 0.38263099219620955
 Epoches: 3000
 Time: 256667ms
 Indices: [0, 2, 3, 7]
 Weights: [1.745816210846501, 7.154577538747494, 4.127472948011466, 0.011286894072886246]

Accuracy: 0.38535117056856183
 Epoches: 3000
 Time: 262078ms
 Indices: [0, 2, 3, 8]
 Weights: [8.490685453230363, 11.917916394869573, 0.24691776430212617, 5.564855980445721]

Accuracy: 0.3435897435897436
 Epoches: 3000
 Time: 254307ms
 Indices: [0, 2, 3, 9]
 Weights: [3.673381533500903, 8.428413828476295, 1.7984388881329492, 2.6850580883526183]

Accuracy: 0.5569453734671126
 Epoches: 3000
 Time: 231525ms
 Indices: [0, 2, 4, 5]
 Weights: [8.444594826617275, 9.489061679933997, 2.963780829271672, 8.284158603803164]

Accuracy: 0.24122630992196215
 Epoches: 3000
 Time: 240775ms
 Indices: [0, 2, 4, 6]
 Weights: [1.0247018946583701, 9.635045630959675, 5.362174795193377, 3.7692811145190346]

Accuracy: 0.2868004459308807
 Epoches: 3000
 Time: 262901ms
 Indices: [0, 2, 4, 7]
 Weights: [2.431444904436207, 17.06051986161006, 8.772473887944086, 0.05608460903536699]

Accuracy: 0.38570791527313264
 Epoches: 3000
 Time: 249512ms
 Indices: [0, 2, 4, 8]
 Weights: [8.992525369139543, 12.823157820642487, 0.0011114170547986992, 5.911745609503464]

Accuracy: 0.353288740245262
 Epoches: 3000
 Time: 266461ms
 Indices: [0, 2, 4, 9]
 Weights: [7.481578986469306, 8.228606220653225, 2.708410606529273E-5, 3.694009110005675]

Accuracy: 0.21177257525083615
 Epoches: 3000
 Time: 231366ms
 Indices: [0, 2, 5, 6]
 Weights: [6.75629570569831, 7.762864232119873, 6.428234293127205, 2.1702862688403882E-4]

Accuracy: 0.21255295429208476
 Epoches: 3000
 Time: 219174ms
 Indices: [0, 2, 5, 7]
 Weights: [2.088886841865881, 4.349154737269729, 4.324210646600662, 0.6351138567243391]

Accuracy: 0.5817614269788183
 Epoches: 3000
 Time: 242931ms
 Indices: [0, 2, 5, 8]
 Weights: [4.510325961263777, 8.635372567705621, 6.411790576517738, 1.926786313868174]

Accuracy: 0.28385730211817173
 Epoches: 3000
 Time: 245176ms
 Indices: [0, 2, 5, 9]
 Weights: [6.6507401985286165, 7.023986191580394, 5.368192033944361, 1.5263450753955798]

Accuracy: 0.25021181716833896
 Epoches: 3000
 Time: 252728ms
 Indices: [0, 2, 6, 7]
 Weights: [8.732716655228108, 6.738191964048074, 2.8030771586998267, 0.5708412502799755]

Accuracy: 0.34013377926421406
 Epoches: 3000
 Time: 246585ms
 Indices: [0, 2, 6, 8]
 Weights: [6.917427484617382, 7.718438517904671, 3.939014132212469, 3.1985052433412933]

Accuracy: 0.521850613154961
 Epoches: 3000
 Time: 260278ms
 Indices: [0, 2, 6, 9]
 Weights: [8.861153034893729, 10.569052306578486, 4.900872580335019, 3.9267379921337713]

Accuracy: 0.35814938684503905
 Epoches: 3000
 Time: 258711ms
 Indices: [0, 2, 7, 8]
 Weights: [2.6418117721276912, 9.378630956723786, 0.42544931238091654, 4.50397633596573]

Accuracy: 0.3764325529542921
 Epoches: 3000
 Time: 281020ms
 Indices: [0, 2, 7, 9]
 Weights: [5.810267989580217, 5.450781310082234, 0.0698286362160697, 2.4333244518156065]

Accuracy: 0.3107023411371237
 Epoches: 3000
 Time: 265941ms
 Indices: [0, 2, 8, 9]
 Weights: [2.728400641022708, 16.965232732402658, 7.7001132350838795, 0.033469510491552015]

Accuracy: 0.7327982162764771
 Epoches: 3000
 Time: 34200ms
 Indices: [0, 3, 4, 5]
 Weights: [5.94042567987777, 5.165311113086049, 0.015806091634858126, 15.428888956563359]

Accuracy: 0.622876254180602
 Epoches: 3000
 Time: 28522ms
 Indices: [0, 3, 4, 6]
 Weights: [6.488374320233548, 4.028364953944362, 3.855037528067876E-16, 7.047066563366217]

Accuracy: 0.6891192865105908
 Epoches: 3000
 Time: 216672ms
 Indices: [0, 3, 4, 7]
 Weights: [3.715032572366352, 8.905136320054757, 1.600923323178263E-5, 6.112554351698174]

Accuracy: 0.36662207357859533
 Epoches: 3000
 Time: 63153ms
 Indices: [0, 3, 4, 8]
 Weights: [5.707035771079719, 7.504435601711841, 4.208032152519055E-9, 6.058569013531481]

Accuracy: 0.5060646599777034
 Epoches: 3000
 Time: 36978ms
 Indices: [0, 3, 4, 9]
 Weights: [3.863693528887384, 9.715032276987069, 1.6604985464075344E-12, 3.0591677131278354]

Accuracy: 0.7048606465997771
 Epoches: 3000
 Time: 28623ms
 Indices: [0, 3, 5, 6]
 Weights: [7.824001442952641, 4.930543082755335, 9.337124160355536, 4.593115087664898]

Accuracy: 0.5272463768115943
 Epoches: 3000
 Time: 90350ms
 Indices: [0, 3, 5, 7]
 Weights: [2.1454204198401974, 2.8604197856838054, 12.163184753244495, 6.426467608206634]

Accuracy: 0.7693199554069119
 Epoches: 3000
 Time: 34636ms
 Indices: [0, 3, 5, 8]
 Weights: [7.248772663370403, 4.691305905461624, 13.425678802733263, 0.0013304276485534663]

Accuracy: 0.7292084726867336
 Epoches: 3000
 Time: 35649ms
 Indices: [0, 3, 5, 9]
 Weights: [9.517605869509325, 4.5772665781856325, 14.332309121967048, 2.121822431496598E-4]

Accuracy: 0.6454403567447046
 Epoches: 3000
 Time: 80104ms
 Indices: [0, 3, 6, 7]
 Weights: [8.429742028478524, 4.628013838138343, 8.628874345698456, 3.602077567296574]

Accuracy: 0.577748049052397
 Epoches: 3000
 Time: 30626ms
 Indices: [0, 3, 6, 8]
 Weights: [4.243096205361685, 4.284518719834232, 8.53633398257437, 0.8220996156790679]

Accuracy: 0.6070011148272018
 Epoches: 3000
 Time: 28924ms
 Indices: [0, 3, 6, 9]
 Weights: [9.174560595683062, 3.594822953975594, 6.541254887904133, 4.137761618919561E-5]

Accuracy: 0.36795986622073573
 Epoches: 3000
 Time: 225753ms
 Indices: [0, 3, 7, 8]
 Weights: [6.161767843595581, 0.42183649717033606, 2.5311543340944493, 2.7571254431355223]

Accuracy: 0.438082497212932
 Epoches: 3000
 Time: 217514ms
 Indices: [0, 3, 7, 9]
 Weights: [4.711160434388667, 4.550180194154555, 6.950062223637606, 5.89810868760164]

Accuracy: 0.36662207357859533
 Epoches: 3000
 Time: 66077ms
 Indices: [0, 3, 8, 9]
 Weights: [7.228437998015269, 8.305131799049697, 6.741514933830707, 9.399312595858926E-12]

Accuracy: 0.7523968784838351
 Epoches: 3000
 Time: 31773ms
 Indices: [0, 4, 5, 6]
 Weights: [5.589175609721517, 4.826488796500245, 15.1615757083063, 2.222977319068395]

Accuracy: 0.6883389074693422
 Epoches: 3000
 Time: 60200ms
 Indices: [0, 4, 5, 7]
 Weights: [3.8066931503477406, 0.8322881448217656, 6.855661777708236, 3.275514606501268]

Accuracy: 0.6937569676700112
 Epoches: 3000
 Time: 38120ms
 Indices: [0, 4, 5, 8]
 Weights: [4.42484821034095, 2.5546820988335206, 11.018295557376371, 1.0675687038651678]

Accuracy: 0.6622519509476031
 Epoches: 3000
 Time: 37079ms
 Indices: [0, 4, 5, 9]
 Weights: [1.1085590668857748, 4.560550088082618, 17.953344488959512, 0.37912625955273066]

Accuracy: 0.46671125975473804
 Epoches: 3000
 Time: 77415ms
 Indices: [0, 4, 6, 7]
 Weights: [1.6137064528705864, 3.884045526734463, 7.003302054759991, 3.7150930126751827]

Accuracy: 0.6011817168338908
 Epoches: 3000
 Time: 36605ms
 Indices: [0, 4, 6, 8]
 Weights: [6.174400290031999, 2.28108626506689, 9.947192499817218, 3.501418418967286]

Accuracy: 0.40626532887402456
 Epoches: 3000
 Time: 34679ms
 Indices: [0, 4, 6, 9]
 Weights: [5.743194657186403, 5.012696365693381, 10.111998810148743, 1.6878797148469686]

Accuracy: 0.3563656633221851
 Epoches: 3000
 Time: 226960ms
 Indices: [0, 4, 7, 8]
 Weights: [5.687275655648831, 0.009447106309489995, 8.36420468447115, 8.527781745074245]

Accuracy: 0.688294314381271
 Epoches: 3000
 Time: 227083ms
 Indices: [0, 4, 7, 9]
 Weights: [3.339115625110532, 0.07263696696760145, 10.883058388065718, 10.24040926091328]

Accuracy: 0.7233221850613155
 Epoches: 3000
 Time: 42466ms
 Indices: [0, 4, 8, 9]
 Weights: [9.621111337717958, 0.006740158536666896, 12.857622081533977, 1.7524354716288697E-13]

Accuracy: 0.26548494983277593
 Epoches: 3000
 Time: 38082ms
 Indices: [0, 5, 6, 7]
 Weights: [1.433147584673601, 10.57207612701367, 0.6524936879032994, 5.732083275311113]

Accuracy: 0.6388628762541806
 Epoches: 3000
 Time: 34504ms
 Indices: [0, 5, 6, 8]
 Weights: [2.3245511303378317, 11.898348781947462, 6.765363028021019, 2.9431697508662955]

Accuracy: 0.5567224080267559
 Epoches: 3000
 Time: 34019ms
 Indices: [0, 5, 6, 9]
 Weights: [4.344258769079234, 11.202289772371595, 3.629461475038224, 1.587485309741303]

Accuracy: 0.2981270903010034
 Epoches: 3000
 Time: 128196ms
 Indices: [0, 5, 7, 8]
 Weights: [1.2666141256735968, 10.872241840923646, 7.030048424277465, 1.8367959090617]

Accuracy: 0.3759197324414716
 Epoches: 3000
 Time: 95358ms
 Indices: [0, 5, 7, 9]
 Weights: [1.5313438709336764, 14.116331660152111, 7.812565370735413, 1.7677524893265477]

Accuracy: 0.6480936454849499
 Epoches: 3000
 Time: 40605ms
 Indices: [0, 5, 8, 9]
 Weights: [8.918783509317562, 18.943326839605387, 3.8247875805047644, 0.07234345373773303]

Accuracy: 0.5589966555183947
 Epoches: 3000
 Time: 148141ms
 Indices: [0, 6, 7, 8]
 Weights: [9.515944622724788, 4.051688738123421, 3.16272812863404, 2.4631023105119563]

Accuracy: 0.35451505016722407
 Epoches: 3000
 Time: 153531ms
 Indices: [0, 6, 7, 9]
 Weights: [1.785335639737509, 9.113221453523892, 6.596467304262068, 4.900502384829327]

Accuracy: 0.6146488294314381
 Epoches: 3000
 Time: 36834ms
 Indices: [0, 6, 8, 9]
 Weights: [4.80189115343979, 13.19317426186197, 5.5239071150361, 3.228589209413397E-10]

Accuracy: 0.3570791527313266
 Epoches: 3000
 Time: 222488ms
 Indices: [0, 7, 8, 9]
 Weights: [4.462595882434693, 7.68601624954082, 7.4166848734540025, 2.3321387609178768E-4]

Accuracy: 0.2258416945373467
 Epoches: 3000
 Time: 261802ms
 Indices: [1, 2, 3, 4]
 Weights: [9.92426055486438, 8.533466801794638, 7.325487529459774, 0.004738375207232711]

Accuracy: 0.3369453734671126
 Epoches: 3000
 Time: 210057ms
 Indices: [1, 2, 3, 5]
 Weights: [8.007841193741571, 5.210209069963799, 2.2190654605979505, 6.696964386710724]

Accuracy: 0.6176588628762542
 Epoches: 3000
 Time: 201040ms
 Indices: [1, 2, 3, 6]
 Weights: [6.689669737365589, 3.9455161188101004, 4.403381555217861, 5.470664845820302]

Accuracy: 0.7349609810479376
 Epoches: 3000
 Time: 278858ms
 Indices: [1, 2, 3, 7]
 Weights: [7.465385048555975, 6.882495937266579, 5.830443852552168, 2.8750015730061324E-5]

Accuracy: 0.2849052396878484
 Epoches: 3000
 Time: 266546ms
 Indices: [1, 2, 3, 8]
 Weights: [10.943840875878244, 7.814340962234207, 0.33350644769153026, 4.987028417644124]

Accuracy: 0.3336454849498328
 Epoches: 3000
 Time: 260897ms
 Indices: [1, 2, 3, 9]
 Weights: [9.009391492146582, 7.557087598714102, 1.9832459400013625, 4.218820689587597]

Accuracy: 0.30338907469342247
 Epoches: 3000
 Time: 136714ms
 Indices: [1, 2, 4, 5]
 Weights: [7.8495774783426, 4.2729831334639, 1.3772412935823448, 6.485953304586435]

Accuracy: 0.42000000000000004
 Epoches: 3000
 Time: 227840ms
 Indices: [1, 2, 4, 6]
 Weights: [6.800613701447365, 4.436191588426457, 3.9424502559486285, 3.4462080184425568]

Accuracy: 0.47478260869565214
 Epoches: 3000
 Time: 271529ms
 Indices: [1, 2, 4, 7]
 Weights: [10.291783863733471, 8.584890613173565, 6.374171807815088, 1.6205097519192219E-6]

Accuracy: 0.39930880713489414
 Epoches: 3000
 Time: 258976ms
 Indices: [1, 2, 4, 8]
 Weights: [10.380778221600318, 7.232704286597028, 0.0011412663889990733, 5.085893194392252]

Accuracy: 0.46258639910813826
 Epoches: 3000
 Time: 262154ms
 Indices: [1, 2, 4, 9]
 Weights: [11.197139804255661, 9.110571974643234, 0.019702961359896253, 5.985683062432478]

Accuracy: 0.2216945373467113
 Epoches: 3000
 Time: 67419ms
 Indices: [1, 2, 5, 6]
 Weights: [10.144044907090022, 5.79019814466744, 8.618545028007041, 0.061155731175040584]

Accuracy: 0.24118171683389078
 Epoches: 3000
 Time: 94406ms
 Indices: [1, 2, 5, 7]
 Weights: [7.49632356559745, 4.705480038156491, 6.899883926634629, 9.800618017592131E-5]

Accuracy: 0.42918617614269783
 Epoches: 3000
 Time: 224655ms
 Indices: [1, 2, 5, 8]
 Weights: [8.912122925078053, 4.921468052312223, 6.109511881851121, 1.7121539908609105]

Accuracy: 0.7156075808249721
 Epoches: 3000
 Time: 187016ms
 Indices: [1, 2, 5, 9]
 Weights: [7.244981519712224, 4.474162523116914, 6.076282002178374, 1.188333792015525]

Accuracy: 0.21170568561872904
 Epoches: 3000
 Time: 259511ms
 Indices: [1, 2, 6, 7]
 Weights: [4.852563580649068, 4.312544059166689, 1.5100476808594876, 8.047593275891366E-12]

Accuracy: 0.518773690078038
 Epoches: 3000
 Time: 250105ms
 Indices: [1, 2, 6, 8]
 Weights: [9.630252859379539, 5.425488939420069, 5.350404409599716, 4.0020319804685975]

Accuracy: 0.2552954292084727
 Epoches: 3000
 Time: 264687ms
 Indices: [1, 2, 6, 9]
 Weights: [4.201459259395113, 2.222372054951743, 2.2953590993450326, 1.4944974546667533]

Accuracy: 0.47863991081382384
 Epoches: 3000
 Time: 268516ms
 Indices: [1, 2, 7, 8]
 Weights: [4.9265364940278955, 3.4730094305593378, 6.124864635556242E-8, 2.336732448696942]

Accuracy: 0.3978818283166109
 Epoches: 3000
 Time: 281094ms
 Indices: [1, 2, 7, 9]
 Weights: [10.801107598963753, 9.184263686866286, 3.704187740741998E-4, 5.487290259276431]

Accuracy: 0.29538461538461536
 Epoches: 3000
 Time: 273970ms
 Indices: [1, 2, 8, 9]
 Weights: [5.95813597428172, 4.441680352723913, 3.6078689272619657, 2.5368691544988006E-4]

Accuracy: 0.7642809364548495
 Epoches: 3000
 Time: 36309ms
 Indices: [1, 3, 4, 5]
 Weights: [6.452627864626991, 0.8360368773846389, 5.237308359725297E-5, 5.082111235527803]

Accuracy: 0.7336900780379041
 Epoches: 3000
 Time: 28043ms
 Indices: [1, 3, 4, 6]
 Weights: [13.043617612279842, 5.928675780577569, 6.638665538635083E-4, 10.919503366332512]

Accuracy: 0.6516387959866221
 Epoches: 3000
 Time: 66489ms
 Indices: [1, 3, 4, 7]
 Weights: [10.42790381161887, 5.208774117957946, 2.864456312027189E-6, 0.6284936263667931]

Accuracy: 0.7018952062430324
 Epoches: 3000
 Time: 31523ms
 Indices: [1, 3, 4, 8]
 Weights: [18.431715381992397, 0.29188965648470916, 6.990251180567539E-4, 5.320838984578146]

Accuracy: 0.7024749163879599
 Epoches: 3000
 Time: 32187ms
 Indices: [1, 3, 4, 9]
 Weights: [8.381367489650208, 1.798457767249194, 1.145193996944136E-8, 2.1650281939058273]

Accuracy: 0.6170122630992196
 Epoches: 3000
 Time: 28717ms
 Indices: [1, 3, 5, 6]
 Weights: [15.121473638020573, 2.353557052106328, 10.571792512347283, 2.3461810565878007]

Accuracy: 0.6384392419175028
 Epoches: 3000
 Time: 39499ms
 Indices: [1, 3, 5, 7]
 Weights: [10.816517318920866, 1.2690099656030385, 8.767591581174567, 0.46938461897844486]

Accuracy: 0.7482720178372353
 Epoches: 3000
 Time: 35741ms
 Indices: [1, 3, 5, 8]
 Weights: [15.616074476964979, 0.7092673545680309, 10.824894280305843, 0.9848665590267747]

Accuracy: 0.6187068004459308
 Epoches: 3000
 Time: 35584ms
 Indices: [1, 3, 5, 9]
 Weights: [13.323203847177979, 1.3561958076715919, 9.717832876130245, 0.2121859507193244]

Accuracy: 0.735340022296544
 Epoches: 3000
 Time: 34669ms
 Indices: [1, 3, 6, 7]
 Weights: [9.01147639564148, 4.57867223564061, 7.748944167421759, 0.48603900258906974]

Accuracy: 0.636365663322185
 Epoches: 3000
 Time: 32159ms
 Indices: [1, 3, 6, 8]
 Weights: [13.089646133646506, 1.0009129982430613, 8.588432407496565, 3.4668966393876035]

Accuracy: 0.6359197324414716
 Epoches: 3000
 Time: 30267ms
 Indices: [1, 3, 6, 9]
 Weights: [13.927206975963047, 4.387260478501655, 10.599558705767343, 2.3142033352306948]

Accuracy: 0.6610033444816054
 Epoches: 3000
 Time: 113742ms
 Indices: [1, 3, 7, 8]
 Weights: [17.1079823938375, 0.20023974458281676, 1.5816013917589684, 6.531848879279958]

Accuracy: 0.6172129319955406
 Epoches: 3000
 Time: 75639ms
 Indices: [1, 3, 7, 9]
 Weights: [17.408292257844217, 4.180449992961707, 1.177892692219435, 5.196022705374112]

Accuracy: 0.7245930880713489
 Epoches: 3000
 Time: 32616ms
 Indices: [1, 3, 8, 9]
 Weights: [12.633669668491233, 0.25374715494298133, 3.950947016811183, 2.609017003554058E-6]

Accuracy: 0.7170122630992196
 Epoches: 3000
 Time: 31897ms
 Indices: [1, 4, 5, 6]
 Weights: [6.530714512353773, 0.40866419045672286, 5.168811459780388, 0.16028272969646043]

Accuracy: 0.6339799331103679
 Epoches: 3000
 Time: 42993ms
 Indices: [1, 4, 5, 7]
 Weights: [10.403478434388992, 0.41785358286632024, 8.45274575894421, 0.3973933819470692]

Accuracy: 0.7342251950947603
 Epoches: 3000
 Time: 35150ms
 Indices: [1, 4, 5, 8]
 Weights: [11.974358645603404, 0.01468234065989413, 8.311480060603891, 1.033328975669479]

Accuracy: 0.7673355629877369
 Epoches: 3000
 Time: 38132ms
 Indices: [1, 4, 5, 9]
 Weights: [6.157963869761669, 0.0045292516250564924, 4.477801802548679, 0.2854080603673286]

Accuracy: 0.6512374581939799
 Epoches: 3000
 Time: 33649ms
 Indices: [1, 4, 6, 7]
 Weights: [4.575842236040399, 1.437341143471539, 3.192951920933806, 0.1715155646130518]

Accuracy: 0.6864214046822743
 Epoches: 3000
 Time: 31522ms
 Indices: [1, 4, 6, 8]
 Weights: [13.386505649229006, 0.0018280532834252068, 8.681091169454898, 3.930545586988885]

Accuracy: 0.715273132664437
 Epoches: 3000
 Time: 32152ms
 Indices: [1, 4, 6, 9]
 Weights: [10.001558540709903, 0.0022077642693989568, 6.0774946662469, 2.5975876656992107]

Accuracy: 0.6333110367892977
 Epoches: 3000
 Time: 138360ms
 Indices: [1, 4, 7, 8]
 Weights: [16.875742135744908, 0.002975237254759342, 1.585297473229337, 5.960399483380014]

Accuracy: 0.6877369007803791
 Epoches: 3000
 Time: 58855ms
 Indices: [1, 4, 7, 9]
 Weights: [8.447143705397343, 6.479898390172158E-6, 0.6090660804774524, 2.9185544463590234]

Accuracy: 0.705551839464883
 Epoches: 3000
 Time: 31668ms
 Indices: [1, 4, 8, 9]
 Weights: [14.966102954397089, 1.762577546182009E-4, 4.746652137168696, 1.100337124194489E-5]

Accuracy: 0.5916833890746934
 Epoches: 3000
 Time: 34073ms
 Indices: [1, 5, 6, 7]
 Weights: [9.327717855207979, 7.951306523900155, 0.1845095095916973, 0.37862332794921827]

Accuracy: 0.7372352285395763
 Epoches: 3000
 Time: 30140ms
 Indices: [1, 5, 6, 8]
 Weights: [10.27515409810895, 5.934275990215768, 1.7189330821258566, 1.4671039096046892]

Accuracy: 0.670680044593088
 Epoches: 3000
 Time: 30114ms
 Indices: [1, 5, 6, 9]
 Weights: [10.967706983181163, 7.738766137960582, 0.8559219083946741, 0.8534209310942409]

Accuracy: 0.6509030100334448
 Epoches: 3000
 Time: 70452ms
 Indices: [1, 5, 7, 8]
 Weights: [12.827395168906884, 10.232969345329728, 0.7196434468115224, 1.108286457938401]

Accuracy: 0.7720401337792642
 Epoches: 3000
 Time: 56349ms
 Indices: [1, 5, 7, 9]
 Weights: [6.742436209663403, 5.540526371595274, 0.2915591071335923, 0.47458133928903506]

Accuracy: 0.6844816053511706
 Epoches: 3000
 Time: 36549ms
 Indices: [1, 5, 8, 9]
 Weights: [15.832819782133335, 11.380046951841699, 1.1016743943612939, 0.148639430020918]

Accuracy: 0.6963433667781493
 Epoches: 3000
 Time: 55985ms
 Indices: [1, 6, 7, 8]
 Weights: [9.75044075949685, 7.1599227870097, 0.6459521371341918, 3.18258610676492]

Accuracy: 0.7755629877369008
 Epoches: 3000
 Time: 35058ms
 Indices: [1, 6, 7, 9]
 Weights: [5.132064345811948, 3.4209608610624183, 0.3723578271861728, 1.5526530328584531]

Accuracy: 0.5598216276477146
 Epoches: 3000
 Time: 31915ms
 Indices: [1, 6, 8, 9]
 Weights: [10.149823783920658, 6.505726223679893, 3.3469838613043157, 6.6621242539227136E-6]

Accuracy: 0.5596209587513936
 Epoches: 3000
 Time: 99787ms
 Indices: [1, 7, 8, 9]
 Weights: [10.505729435285046, 1.0937010179414788, 4.17376241741816, 5.384908232082357E-6]

Accuracy: 0.5661315496098105
 Epoches: 3000
 Time: 269266ms
 Indices: [2, 3, 4, 5]
 Weights: [8.338039817236725, 3.2248302820780164, 0.016853478995780994, 9.946519510639797]

Accuracy: 0.5893422519509476
 Epoches: 3000
 Time: 269277ms
 Indices: [2, 3, 4, 6]
 Weights: [7.883447666209304, 6.5222090069850935, 9.326550152637002E-5, 7.591278291002213]

Accuracy: 0.423901895206243
 Epoches: 3000
 Time: 290067ms
 Indices: [2, 3, 4, 7]
 Weights: [13.738290267475694, 8.239774924216567, 0.004042485048292787, 0.13454982018495165]

Accuracy: 0.27685618729096995
 Epoches: 3000
 Time: 299390ms
 Indices: [2, 3, 4, 8]
 Weights: [13.711909003831286, 0.30577242770908486, 0.0011857053290088842, 6.1533237009025115]

Accuracy: 0.2696767001114827
 Epoches: 3000
 Time: 306796ms
 Indices: [2, 3, 4, 9]
 Weights: [13.44848449957635, 3.6217658174790737, 2.9897226999978403E-4, 5.18398839350509]

Accuracy: 0.3875139353400223
 Epoches: 3000
 Time: 242374ms
 Indices: [2, 3, 5, 6]
 Weights: [9.842273165191562, 4.431359304975274, 9.89955741465719, 1.5397165020980046]

Accuracy: 0.36432552954292086
 Epoches: 3000
 Time: 280754ms
 Indices: [2, 3, 5, 7]
 Weights: [3.8567643558975746, 1.8335094337025089, 4.483033610637985, 0.33947876482692174]

Accuracy: 0.6451505016722408
 Epoches: 3000
 Time: 271903ms
 Indices: [2, 3, 5, 8]
 Weights: [10.196444000430176, 2.664932787492452, 9.798533645032045, 1.7082824800210172]

Accuracy: 0.3206688963210702
 Epoches: 3000
 Time: 280822ms
 Indices: [2, 3, 5, 9]
 Weights: [10.038078315395282, 2.931679172169004, 8.804623919810613, 0.9341289905412841]

Accuracy: 0.4827647714604236
 Epoches: 3000
 Time: 271887ms
 Indices: [2, 3, 6, 7]
 Weights: [7.984967805543383, 7.258695155501136, 7.819586255257661, 0.7504184714373582]

Accuracy: 0.2653288740245262
 Epoches: 3000
 Time: 270345ms
 Indices: [2, 3, 6, 8]
 Weights: [8.836725112075774, 1.624527672135885, 4.963037044577473, 3.384561323659016]

Accuracy: 0.6393756967670011
 Epoches: 3000
 Time: 278769ms
 Indices: [2, 3, 6, 9]
 Weights: [8.9835714994301, 4.878607277031939, 6.031084932397768, 1.4691330689559918]

Accuracy: 0.37554069119286515
 Epoches: 3000
 Time: 294412ms
 Indices: [2, 3, 7, 8]
 Weights: [15.36823459072506, 0.8491555218625211, 1.067055261164523, 6.746519869614014]

Accuracy: 0.36017837235228545
 Epoches: 3000
 Time: 302241ms
 Indices: [2, 3, 7, 9]
 Weights: [15.365738492082167, 4.0214674309663465, 0.4606121531818841, 5.906399641706249]

Accuracy: 0.37665551839464884
 Epoches: 3000
 Time: 313464ms
 Indices: [2, 3, 8, 9]
 Weights: [13.634565910166607, 0.33794303705245843, 6.3740273503244245, 0.0032113807166244445]

Accuracy: 0.6922185061315496
 Epoches: 3000
 Time: 267592ms
 Indices: [2, 4, 5, 6]
 Weights: [8.251122013904933, 3.399128679106054, 7.478177960423172, 0.09828547535561268]

Accuracy: 0.4584838350055741
 Epoches: 3000
 Time: 263436ms
 Indices: [2, 4, 5, 7]
 Weights: [11.834693713158249, 4.242013452040285, 11.743862742826552, 1.1544733988714104]

Accuracy: 0.6250613154960981
 Epoches: 3000
 Time: 281998ms
 Indices: [2, 4, 5, 8]
 Weights: [14.133836293844878, 0.3298955349550463, 10.169131714852396, 3.992920432379829]

Accuracy: 0.5649498327759197
 Epoches: 3000
 Time: 289340ms
 Indices: [2, 4, 5, 9]
 Weights: [8.667549023604877, 0.3299186444869597, 6.841216534461643, 1.757351545544056]

Accuracy: 0.26410256410256405
 Epoches: 3000
 Time: 296782ms
 Indices: [2, 4, 6, 7]
 Weights: [10.828378363949898, 6.275921672704605, 4.91941787263387, 0.31519040436920565]

Accuracy: 0.32118171683389074
 Epoches: 3000
 Time: 275932ms
 Indices: [2, 4, 6, 8]
 Weights: [11.791819420606625, 0.007946593114123112, 5.979863870339707, 4.885907170462744]

Accuracy: 0.4857748049052397
 Epoches: 3000
 Time: 296155ms
 Indices: [2, 4, 6, 9]
 Weights: [12.73407940718699, 0.019615876569304806, 4.327137433316212, 4.71594424238601]

Accuracy: 0.4117056856187291
 Epoches: 3000
 Time: 307243ms
 Indices: [2, 4, 7, 8]
 Weights: [19.153292051984945, 0.02256692099350917, 1.4181573643315166, 9.548556284908585]

Accuracy: 0.35984392419175026
 Epoches: 3000
 Time: 314664ms
 Indices: [2, 4, 7, 9]
 Weights: [18.534048137213777, 0.03800774839437647, 0.8260398501801968, 7.401428403968607]

Accuracy: 0.40182831661092533
 Epoches: 3000
 Time: 317517ms
 Indices: [2, 4, 8, 9]
 Weights: [18.07514220911486, 0.010127493511275992, 7.6570871560697515, 0.023977803970554663]

Accuracy: 0.25505016722408025
 Epoches: 3000
 Time: 274152ms
 Indices: [2, 5, 6, 7]
 Weights: [11.304143720447437, 12.91726666916947, 0.10465474079500633, 1.8013963041798333]

Accuracy: 0.34301003344481606
 Epoches: 3000
 Time: 288458ms
 Indices: [2, 5, 6, 8]
 Weights: [6.165457949277203, 4.120467989145227, 0.0928135860417693, 1.5692056016816007]

Accuracy: 0.5651505016722408
 Epoches: 3000
 Time: 265580ms
 Indices: [2, 5, 6, 9]
 Weights: [10.971550548157254, 8.225328678487372, 0.38211931306988084, 2.3513062228563824]

Accuracy: 0.5816053511705686
 Epoches: 3000
 Time: 286608ms
 Indices: [2, 5, 7, 8]
 Weights: [10.456432942334091, 9.292356310040503, 1.5967857502662315, 2.6226396885559193]

Accuracy: 0.28851727982162767
 Epoches: 3000
 Time: 279373ms
 Indices: [2, 5, 7, 9]
 Weights: [8.047777439582743, 7.1787387924097965, 1.1145423614990337, 2.0010421852178375]

Accuracy: 0.5915942028985508
 Epoches: 3000
 Time: 296341ms
 Indices: [2, 5, 8, 9]
 Weights: [6.454121164023943, 4.522678895041512, 2.1187666005299586, 0.00541830331528927]

Accuracy: 0.5439910813823857
 Epoches: 3000
 Time: 280140ms
 Indices: [2, 6, 7, 8]
 Weights: [11.32138905188515, 6.289934749465332, 1.5865717959723535, 5.52464769376046]

Accuracy: 0.4891192865105909
 Epoches: 3000
 Time: 313302ms
 Indices: [2, 6, 7, 9]
 Weights: [12.022070850275039, 5.423599336463711, 0.7138854650490966, 5.004385965372196]

Accuracy: 0.6160089186176143
 Epoches: 3000
 Time: 299120ms
 Indices: [2, 6, 8, 9]
 Weights: [10.961046714597769, 6.721492144108322, 4.5192555859004395, 0.0012503122819882825]

Accuracy: 0.39159420289855074
 Epoches: 3000
 Time: 299932ms
 Indices: [2, 7, 8, 9]
 Weights: [12.112286265132008, 0.5906598216442753, 5.927786333598492, 0.006786552208383527]

Accuracy: 0.7478929765886287
 Epoches: 3000
 Time: 34781ms
 Indices: [3, 4, 5, 6]
 Weights: [5.91872777770522, 0.004675134629510201, 12.046779505150658, 5.583483483714069]

Accuracy: 0.6444147157190636
 Epoches: 3000
 Time: 97892ms
 Indices: [3, 4, 5, 7]
 Weights: [2.197114966424726, 0.004301893301221987, 10.930149533068308, 5.7145201058857396]

Accuracy: 0.7800445930880713
 Epoches: 3000
 Time: 42043ms
 Indices: [3, 4, 5, 8]
 Weights: [4.780234631569796, 0.005772924126203721, 14.385828102549425, 0.0031154516836323335]

Accuracy: 0.7214269788182832
 Epoches: 3000
 Time: 41681ms
 Indices: [3, 4, 5, 9]
 Weights: [3.973321007863826, 3.1377703693766094E-4, 12.103368237192182, 3.694683091948253E-5]

Accuracy: 0.5131103678929766
 Epoches: 3000
 Time: 81531ms
 Indices: [3, 4, 6, 7]
 Weights: [5.807041393941088, 3.835522135787875E-5, 11.712158611840179, 4.852161353924703]

Accuracy: 0.6325529542920847
 Epoches: 3000
 Time: 36663ms
 Indices: [3, 4, 6, 8]
 Weights: [5.1466703245280785, 9.486369642983149E-10, 10.519688401679575, 0.9231592557589717]

Accuracy: 0.672263099219621
 Epoches: 3000
 Time: 35291ms
 Indices: [3, 4, 6, 9]
 Weights: [6.413611575362133, 1.5255926122444666E-9, 11.460978410573395, 0.0016388639431438692]

Accuracy: 0.3875139353400223
 Epoches: 3000
 Time: 266570ms
 Indices: [3, 4, 7, 8]
 Weights: [2.2699430005750054, 0.029567649385252463, 13.007899682760463, 11.411050981306108]

Accuracy: 0.4016722408026756
 Epoches: 3000
 Time: 264772ms
 Indices: [3, 4, 7, 9]
 Weights: [2.697227899987342, 1.3347946975644123E-9, 4.080680524658951, 2.7538731633993074]

Accuracy: 0.36662207357859533
 Epoches: 3000
 Time: 72530ms
 Indices: [3, 4, 8, 9]
 Weights: [8.590006895044656, 1.3164848812342253E-7, 6.863858891216103, 5.048456136993098E-11]

Accuracy: 0.4773467112597547
 Epoches: 3000
 Time: 65832ms
 Indices: [3, 5, 6, 7]
 Weights: [3.33148229843208, 8.372186166918855, 3.692505852866468, 5.330177029544375]

Accuracy: 0.7023634336677815
 Epoches: 3000
 Time: 35636ms
 Indices: [3, 5, 6, 8]
 Weights: [5.627692290914656, 10.416623554149869, 5.166373285710639, 0.0019539151922360184]

Accuracy: 0.7046599777034559
 Epoches: 3000
 Time: 34828ms
 Indices: [3, 5, 6, 9]
 Weights: [5.033942446558045, 8.956159997164685, 4.641681789316266, 5.813014400661681E-6]

Accuracy: 0.3036789297658863
 Epoches: 3000
 Time: 154841ms
 Indices: [3, 5, 7, 8]
 Weights: [1.7825202098635886, 13.52971012349222, 7.741191006164755, 1.005230083818237]

Accuracy: 0.5886733556298773
 Epoches: 3000
 Time: 124727ms
 Indices: [3, 5, 7, 9]
 Weights: [1.5829866295638642, 10.447517590145631, 5.298294904284947, 0.22421217710566665]

Accuracy: 0.7828985507246377
 Epoches: 3000
 Time: 44308ms
 Indices: [3, 5, 8, 9]
 Weights: [4.851914858513663, 14.019780218124088, 0.0015511262976635521, 3.1984895792136264E-4]

Accuracy: 0.7007134894091416
 Epoches: 3000
 Time: 117417ms
 Indices: [3, 6, 7, 8]
 Weights: [1.590227143232422, 6.1186955359864506, 3.3725420484257036, 1.6356028838455325]

Accuracy: 0.664726867335563
 Epoches: 3000
 Time: 114256ms
 Indices: [3, 6, 7, 9]
 Weights: [3.4187811599865876, 8.51176807244416, 3.288787649890141, 1.214847594182222]

Accuracy: 0.7058416945373467
 Epoches: 3000
 Time: 37822ms
 Indices: [3, 6, 8, 9]
 Weights: [7.07237382018997, 14.224656815144247, 1.2186643888252342, 4.9291000747302747E-8]

Accuracy: 0.35021181716833893
 Epoches: 3000
 Time: 248944ms
 Indices: [3, 7, 8, 9]
 Weights: [3.2995117229673325, 13.745387158539407, 12.639639984689497, 0.049000440551179456]

Accuracy: 0.33353400222965446
 Epoches: 3000
 Time: 56820ms
 Indices: [4, 5, 6, 7]
 Weights: [2.1217984513269874, 12.027887582081226, 1.5683504533089807, 6.706097251974361]

Accuracy: 0.7535562987736901
 Epoches: 3000
 Time: 39198ms
 Indices: [4, 5, 6, 8]
 Weights: [2.6871293828521416, 8.653191147100017, 3.345192093138611, 1.0101781670703793]

Accuracy: 0.7045707915273133
 Epoches: 3000
 Time: 38554ms
 Indices: [4, 5, 6, 9]
 Weights: [4.646404002191355, 14.927597161145876, 3.6205190628157347, 0.215407673721082]

Accuracy: 0.32329988851727987
 Epoches: 3000
 Time: 129793ms
 Indices: [4, 5, 7, 8]
 Weights: [0.1275672981045688, 11.473185124627312, 7.079985431405764, 1.8093079161699734]

Accuracy: 0.6186399108138239
 Epoches: 3000
 Time: 107564ms
 Indices: [4, 5, 7, 9]
 Weights: [0.6002216709530834, 13.399145735393393, 7.171718375589216, 1.0341968225021752]

Accuracy: 0.7187068004459309
 Epoches: 3000
 Time: 45755ms
 Indices: [4, 5, 8, 9]
 Weights: [4.0229289254493015, 19.707754107118618, 1.7680794049775694, 0.02904050026451102]

Accuracy: 0.432329988851728
 Epoches: 3000
 Time: 157328ms
 Indices: [4, 6, 7, 8]
 Weights: [0.3439690609948686, 16.388612165412717, 10.708016733888973, 8.415194945574283]

Accuracy: 0.6697435897435897
 Epoches: 3000
 Time: 186792ms
 Indices: [4, 6, 7, 9]
 Weights: [0.7059354001393098, 14.633768316156251, 9.646322363037116, 6.725987720844808]

Accuracy: 0.5662876254180602
 Epoches: 3000
 Time: 43628ms
 Indices: [4, 6, 8, 9]
 Weights: [1.130443827679249, 12.280625560496166, 3.722980893969993, 1.8214144781719948E-11]

Accuracy: 0.37609810479375694
 Epoches: 3000
 Time: 262266ms
 Indices: [4, 7, 8, 9]
 Weights: [0.0034131775186234926, 7.360897914169172, 8.426546560994788, 7.181257776904976E-4]

Accuracy: 0.3461092530657748
 Epoches: 3000
 Time: 83066ms
 Indices: [5, 6, 7, 8]
 Weights: [7.449406926319786, 3.6488191739999585, 6.39176303787994, 2.4168549082291433]

Accuracy: 0.5949609810479375
 Epoches: 3000
 Time: 58047ms
 Indices: [5, 6, 7, 9]
 Weights: [10.362210013997977, 3.450038060644738, 7.178659162890562, 1.8590127802738519]

Accuracy: 0.6697212931995541
 Epoches: 3000
 Time: 41501ms
 Indices: [5, 6, 8, 9]
 Weights: [12.717782430801824, 7.079950961556583, 3.302038175350888, 0.001451728724880174]

Accuracy: 0.6203790412486065
 Epoches: 3000
 Time: 127122ms
 Indices: [5, 7, 8, 9]
 Weights: [9.80387106116485, 6.254749273407283, 1.4548672457209044, 0.06723884029920446]

Accuracy: 0.3370791527313266
 Epoches: 3000
 Time: 189142ms
 Indices: [6, 7, 8, 9]
 Weights: [10.388654837030963, 7.065796553024931, 5.472243693168474, 0.0012090722342931331]

Best IWA: Accuracy: 0.7828985507246377
 Epoches: 3000
 Time: 44308ms
 Indices: [3, 5, 8, 9]
 Weights: [4.851914858513663, 14.019780218124088, 0.0015511262976635521, 3.1984895792136264E-4]--------------------------------

_________________________________
size = 5
Accuracy: 0.47921962095875137
 Epoches: 3000
 Time: 262835ms
 Indices: [0, 1, 2, 3, 4]
 Weights: [3.7301933339695648, 9.407547199507588, 8.710614735172161, 7.469755244681852, 0.008702613365991983]

Accuracy: 0.3474693422519509
 Epoches: 3000
 Time: 166789ms
 Indices: [0, 1, 2, 3, 5]
 Weights: [6.941379922653411, 7.399281618561028, 3.9372720389622637, 2.05500178023309, 6.007024900688131]

Accuracy: 0.5244147157190635
 Epoches: 3000
 Time: 205556ms
 Indices: [0, 1, 2, 3, 6]
 Weights: [7.128454509951482, 5.259300265729367, 3.2431312309796123, 3.554839933481602, 4.329894014958411]

Accuracy: 0.2949386845039019
 Epoches: 3000
 Time: 280724ms
 Indices: [0, 1, 2, 3, 7]
 Weights: [8.096193159411346, 7.879029702220491, 6.881658622667835, 5.9618872671984064, 1.9443021682641878E-5]

Accuracy: 0.49056856187290965
 Epoches: 3000
 Time: 272440ms
 Indices: [0, 1, 2, 3, 8]
 Weights: [4.011457161487828, 8.679890031095828, 6.209849957084922, 0.08003237137386339, 3.8837411678184237]

Accuracy: 0.38717948717948714
 Epoches: 3000
 Time: 284850ms
 Indices: [0, 1, 2, 3, 9]
 Weights: [4.043182361612255, 8.417418646157541, 7.016683590943564, 1.9094415865310896, 4.42943829776667]

Accuracy: 0.2761426978818283
 Epoches: 3000
 Time: 170368ms
 Indices: [0, 1, 2, 4, 5]
 Weights: [4.239931646198011, 8.078369095555269, 4.605254779023566, 1.6601039308112597, 7.045931519022838]

Accuracy: 0.4260200668896321
 Epoches: 3000
 Time: 238705ms
 Indices: [0, 1, 2, 4, 6]
 Weights: [3.67008947504597, 7.180745865972586, 4.557370912178846, 3.9491311075139173, 4.238517114779914]

Accuracy: 0.48236343366778145
 Epoches: 3000
 Time: 277424ms
 Indices: [0, 1, 2, 4, 7]
 Weights: [6.4973858265937965, 9.646756201597125, 7.708467771121147, 5.915803556530134, 5.51652985535435E-7]

Accuracy: 0.4579933110367893
 Epoches: 3000
 Time: 265768ms
 Indices: [0, 1, 2, 4, 8]
 Weights: [4.282662972692206, 9.446031719776673, 7.2761366800520415, 0.003265523889678987, 4.893064987876136]

Accuracy: 0.44778149386845034
 Epoches: 3000
 Time: 258741ms
 Indices: [0, 1, 2, 4, 9]
 Weights: [8.332783878299436, 6.122868594940303, 4.936825417446305, 1.054935142174744E-4, 3.458201104421061]

Accuracy: 0.24144927536231886
 Epoches: 3000
 Time: 76543ms
 Indices: [0, 1, 2, 5, 6]
 Weights: [5.982903044595367, 8.393117190850523, 5.053081073763835, 7.308192258667777, 0.022801175444260507]

Accuracy: 0.20664437012263104
 Epoches: 3000
 Time: 120672ms
 Indices: [0, 1, 2, 5, 7]
 Weights: [4.666122051998398, 8.078944006225509, 4.9649626442379615, 7.303354906404658, 3.4524399945317356E-4]

Accuracy: 0.6856633221850613
 Epoches: 3000
 Time: 250478ms
 Indices: [0, 1, 2, 5, 8]
 Weights: [4.720881668145098, 7.978626679338424, 4.814143404623961, 6.29931088711437, 2.213601457583732]

Accuracy: 0.38338907469342254
 Epoches: 3000
 Time: 239610ms
 Indices: [0, 1, 2, 5, 9]
 Weights: [2.333560965417594, 7.009524723331133, 3.8507384545213523, 5.412682977626764, 1.0781157191198134]

Accuracy: 0.23716833890746936
 Epoches: 3000
 Time: 258784ms
 Indices: [0, 1, 2, 6, 7]
 Weights: [4.540086148238351, 11.334369232043768, 9.113764278371193, 4.41953438009421, 1.1003609539415215E-4]

Accuracy: 0.5190189520624303
 Epoches: 3000
 Time: 245481ms
 Indices: [0, 1, 2, 6, 8]
 Weights: [4.631961001453801, 5.5174233353918645, 2.7997649527435535, 3.0274295257501254, 2.234391409810899]

Accuracy: 0.5049275362318841
 Epoches: 3000
 Time: 216659ms
 Indices: [0, 1, 2, 6, 9]
 Weights: [8.592466182292934, 7.2997913473652885, 4.767314965772782, 3.739133582229205, 2.9033780990853915]

Accuracy: 0.49266443701226315
 Epoches: 3000
 Time: 281738ms
 Indices: [0, 1, 2, 7, 8]
 Weights: [8.814401261989403, 4.163490827049713, 3.0198822967214136, 1.158804411808832E-9, 1.9855008317823113]

Accuracy: 0.2791527313266444
 Epoches: 3000
 Time: 278933ms
 Indices: [0, 1, 2, 7, 9]
 Weights: [3.3876181288286014, 10.273079130323747, 8.784854835655665, 3.247276689081789E-4, 5.964249665807483]

Accuracy: 0.4718617614269788
 Epoches: 3000
 Time: 272843ms
 Indices: [0, 1, 2, 8, 9]
 Weights: [9.938702692803693, 12.809337184833748, 9.063900801762, 5.848126484319866, 0.02970495686627283]

Accuracy: 0.7780379041248606
 Epoches: 3000
 Time: 36042ms
 Indices: [0, 1, 3, 4, 5]
 Weights: [5.892633806251351, 9.47842095984564, 1.0181575405338845, 4.938723925704471E-4, 6.930061030383235]

Accuracy: 0.684659977703456
 Epoches: 3000
 Time: 28316ms
 Indices: [0, 1, 3, 4, 6]
 Weights: [1.8171950883547003, 11.131160638165516, 5.236632467523878, 6.608094316445087E-5, 9.659878550930195]

Accuracy: 0.4198216276477146
 Epoches: 3000
 Time: 72094ms
 Indices: [0, 1, 3, 4, 7]
 Weights: [5.614290995772995, 17.99468664610215, 9.071326661460164, 0.0016714510195500578, 1.2484566567721949]

Accuracy: 0.6226532887402453
 Epoches: 3000
 Time: 32836ms
 Indices: [0, 1, 3, 4, 8]
 Weights: [9.665414180620171, 23.913885961971346, 0.6818944776736047, 0.005837935046316988, 7.174794510023887]

Accuracy: 0.6808026755852843
 Epoches: 3000
 Time: 32401ms
 Indices: [0, 1, 3, 4, 9]
 Weights: [9.665510555063383, 17.54940626231306, 3.652319167886328, 4.855793003342197E-4, 4.475872325044222]

Accuracy: 0.6825863991081382
 Epoches: 3000
 Time: 28308ms
 Indices: [0, 1, 3, 5, 6]
 Weights: [8.707314719822946, 8.127689841740066, 1.4614828857324986, 5.796428716600806, 0.927829323311427]

Accuracy: 0.6415830546265329
 Epoches: 3000
 Time: 38868ms
 Indices: [0, 1, 3, 5, 7]
 Weights: [5.826744127068201, 15.52084206931728, 1.705126219935567, 13.04256733598829, 0.6821104216093603]

Accuracy: 0.7311259754738015
 Epoches: 3000
 Time: 35829ms
 Indices: [0, 1, 3, 5, 8]
 Weights: [4.796122770255476, 19.095820169841506, 1.3287496185804188, 14.36401753985537, 1.0324509500998502]

Accuracy: 0.7284503901895206
 Epoches: 3000
 Time: 37436ms
 Indices: [0, 1, 3, 5, 9]
 Weights: [6.334509692706774, 8.29440968114854, 0.9876009254217144, 6.205170812444412, 0.10218832504744228]

Accuracy: 0.660958751393534
 Epoches: 3000
 Time: 31171ms
 Indices: [0, 1, 3, 6, 7]
 Weights: [7.5588870763314775, 8.827115442343517, 4.222016308188998, 7.299047610127482, 0.45885145397291444]

Accuracy: 0.6947603121516165
 Epoches: 3000
 Time: 32222ms
 Indices: [0, 1, 3, 6, 8]
 Weights: [9.405254656408513, 14.476741921174588, 1.2647515888949656, 9.158384538886608, 3.836419294303536]

Accuracy: 0.6224972129319956
 Epoches: 3000
 Time: 30314ms
 Indices: [0, 1, 3, 6, 9]
 Weights: [4.711889136030125, 9.84942311773767, 3.092105392391675, 7.754692713909256, 1.7413365952661246]

Accuracy: 0.541850613154961
 Epoches: 3000
 Time: 115859ms
 Indices: [0, 1, 3, 7, 8]
 Weights: [3.5106998460644947, 14.78853906712744, 0.34448565048948493, 1.3997675803300855, 4.9849868436435285]

Accuracy: 0.6018283166109253
 Epoches: 3000
 Time: 76041ms
 Indices: [0, 1, 3, 7, 9]
 Weights: [8.320965480103991, 12.910513274877864, 2.9691269535023683, 0.9631119763338591, 3.6914593243046867]

Accuracy: 0.639108138238573
 Epoches: 3000
 Time: 32319ms
 Indices: [0, 1, 3, 8, 9]
 Weights: [1.754819476300566, 12.126074535897063, 0.16756206561306042, 3.838655026266729, 5.782198459472109E-7]

Accuracy: 0.7033221850613155
 Epoches: 3000
 Time: 33015ms
 Indices: [0, 1, 4, 5, 6]
 Weights: [9.500839620043081, 11.53967719171152, 0.7553002089195993, 8.90317423345698, 0.4221810498778955]

Accuracy: 0.7168338907469343
 Epoches: 3000
 Time: 45313ms
 Indices: [0, 1, 4, 5, 7]
 Weights: [9.58559036688864, 9.685209421607905, 0.4395560087391236, 7.787223020564015, 0.3558212967304996]

Accuracy: 0.7469342251950948
 Epoches: 3000
 Time: 34257ms
 Indices: [0, 1, 4, 5, 8]
 Weights: [9.775533051810031, 12.57333059875623, 0.016217342267794577, 9.122007599006198, 0.9929907801598238]

Accuracy: 0.7696989966555183
 Epoches: 3000
 Time: 37696ms
 Indices: [0, 1, 4, 5, 9]
 Weights: [1.0791935404673585, 10.947260893914732, 0.060730524019634385, 7.6193754250508725, 0.6880651636503612]

Accuracy: 0.6719509476031216
 Epoches: 3000
 Time: 36135ms
 Indices: [0, 1, 4, 6, 7]
 Weights: [8.826437498043486, 9.999393968456285, 3.1577952137547913, 6.853008152770345, 0.3361874028267228]

Accuracy: 0.6517056856187291
 Epoches: 3000
 Time: 31846ms
 Indices: [0, 1, 4, 6, 8]
 Weights: [1.732887142475578, 13.454966897169811, 0.0016202247535648596, 8.96580789072713, 3.922151296928568]

Accuracy: 0.6450167224080268
 Epoches: 3000
 Time: 32804ms
 Indices: [0, 1, 4, 6, 9]
 Weights: [3.3825342236741003, 11.647221490614314, 0.009946914911702683, 7.841598349641389, 3.337171535820391]

Accuracy: 0.6991081382385731
 Epoches: 3000
 Time: 123849ms
 Indices: [0, 1, 4, 7, 8]
 Weights: [1.5803166037311995, 17.725732516006467, 0.0014003944633066393, 1.695938969881582, 6.9756815710019415]

Accuracy: 0.5913935340022296
 Epoches: 3000
 Time: 82618ms
 Indices: [0, 1, 4, 7, 9]
 Weights: [6.529679674877087, 18.057913618874892, 0.012266677253061582, 1.3601776016585203, 6.676329754615735]

Accuracy: 0.683768115942029
 Epoches: 3000
 Time: 32124ms
 Indices: [0, 1, 4, 8, 9]
 Weights: [3.4553564838244926, 19.52995153794227, 0.002571489712456383, 5.911515149422497, 2.3317424305458335E-4]

Accuracy: 0.6510367892976588
 Epoches: 3000
 Time: 37097ms
 Indices: [0, 1, 5, 6, 7]
 Weights: [1.1988094317092162, 12.632014022970122, 11.449470722092554, 0.46450488489658537, 0.5474443877257771]

Accuracy: 0.6956967670011148
 Epoches: 3000
 Time: 29962ms
 Indices: [0, 1, 5, 6, 8]
 Weights: [7.747607305013482, 12.42647771917537, 7.593677593214522, 2.1275741927845178, 1.424557328520118]

Accuracy: 0.7225195094760313
 Epoches: 3000
 Time: 31016ms
 Indices: [0, 1, 5, 6, 9]
 Weights: [2.047578980585338, 12.28902353231096, 8.282018508921315, 1.1406152795618985, 0.943527407295389]

Accuracy: 0.7096321070234114
 Epoches: 3000
 Time: 49856ms
 Indices: [0, 1, 5, 7, 8]
 Weights: [7.469935418902585, 7.8756812969271675, 6.137464312825648, 0.3580711611135128, 0.6133496363884693]

Accuracy: 0.7814715719063545
 Epoches: 3000
 Time: 62292ms
 Indices: [0, 1, 5, 7, 9]
 Weights: [4.615617328941239, 12.186400654352314, 10.413544570221305, 0.5268324891760646, 0.8327999164372276]

Accuracy: 0.6551616499442586
 Epoches: 3000
 Time: 35059ms
 Indices: [0, 1, 5, 8, 9]
 Weights: [8.17980836007077, 15.809135948987693, 10.881145382348743, 1.371064431207096, 0.0450855839689425]

Accuracy: 0.6573467112597547
 Epoches: 3000
 Time: 35079ms
 Indices: [0, 1, 6, 7, 8]
 Weights: [1.5969883104288711, 9.506556309230804, 6.859773120970942, 0.6288675204216038, 3.097941580544554]

Accuracy: 0.6037235228539577
 Epoches: 3000
 Time: 52259ms
 Indices: [0, 1, 6, 7, 9]
 Weights: [1.0589424907618024, 10.067512074615628, 7.695445032561341, 0.7742492461743866, 3.5227956952360353]

Accuracy: 0.6747826086956521
 Epoches: 3000
 Time: 32236ms
 Indices: [0, 1, 6, 8, 9]
 Weights: [6.46895190923724, 11.768638321375176, 7.556640077840795, 3.5796147286690783, 9.256589250590229E-6]

Accuracy: 0.7093645484949833
 Epoches: 3000
 Time: 94175ms
 Indices: [0, 1, 7, 8, 9]
 Weights: [5.3986898134101855, 9.470543851084727, 0.8318603198799501, 3.5457757079038483, 2.005075485453431E-6]

Accuracy: 0.5357413600891862
 Epoches: 3000
 Time: 267431ms
 Indices: [0, 2, 3, 4, 5]
 Weights: [5.694448611344567, 9.617265787426398, 3.9883653033822495, 0.10809849975545292, 9.891378448115853]

Accuracy: 0.4737569676700112
 Epoches: 3000
 Time: 254566ms
 Indices: [0, 2, 3, 4, 6]
 Weights: [2.15666692093846, 8.51166987592884, 6.3744680134119225, 4.185422654105812E-4, 8.95718957374949]

Accuracy: 0.31935340022296543
 Epoches: 3000
 Time: 303892ms
 Indices: [0, 2, 3, 4, 7]
 Weights: [1.8587062977503093, 15.861232222086297, 9.415766701730316, 0.011661308355916415, 0.21342562214517366]

Accuracy: 0.38437012263099224
 Epoches: 3000
 Time: 304570ms
 Indices: [0, 2, 3, 4, 8]
 Weights: [9.2112498010003, 20.623838361897047, 1.0298917222971122, 0.01204503464113253, 8.69295669067186]

Accuracy: 0.26053511705685617
 Epoches: 3000
 Time: 304362ms
 Indices: [0, 2, 3, 4, 9]
 Weights: [3.0094207660230516, 15.506177919940173, 4.203610604403929, 0.0021846456041946715, 5.546220755327485]

Accuracy: 0.5864214046822742
 Epoches: 3000
 Time: 228807ms
 Indices: [0, 2, 3, 5, 6]
 Weights: [2.6208777815623576, 9.427515290189438, 4.434393326710199, 8.800196251974823, 1.6804112327708238]

Accuracy: 0.6010479375696767
 Epoches: 3000
 Time: 270934ms
 Indices: [0, 2, 3, 5, 7]
 Weights: [7.925339505159229, 5.4937113805900015, 2.1545008882444505, 6.4931556926933105, 0.7003425962130998]

Accuracy: 0.3376142697881829
 Epoches: 3000
 Time: 278402ms
 Indices: [0, 2, 3, 5, 8]
 Weights: [7.954328356618142, 8.093911869409592, 1.6585263700038388, 6.502908362299115, 1.7149960236086328]

Accuracy: 0.6263099219620959
 Epoches: 3000
 Time: 277570ms
 Indices: [0, 2, 3, 5, 9]
 Weights: [8.253436856171007, 9.523739462817762, 3.1359620089563913, 9.0350132539663, 0.9890572328623575]

Accuracy: 0.45993311036789297
 Epoches: 3000
 Time: 278368ms
 Indices: [0, 2, 3, 6, 7]
 Weights: [8.413067475173886, 7.9409868797726855, 6.380096118814985, 6.8706918869369735, 0.5670972875749798]

Accuracy: 0.2826532887402453
 Epoches: 3000
 Time: 282412ms
 Indices: [0, 2, 3, 6, 8]
 Weights: [8.642764550233908, 7.998105510544884, 1.1514924518574665, 4.864483662879786, 2.9524160936812684]

Accuracy: 0.3162541806020067
 Epoches: 3000
 Time: 274368ms
 Indices: [0, 2, 3, 6, 9]
 Weights: [7.92605292929044, 6.7644656586681675, 3.792245916117407, 4.7068718497768955, 1.4338855543259228]

Accuracy: 0.4811148272017838
 Epoches: 3000
 Time: 305979ms
 Indices: [0, 2, 3, 7, 8]
 Weights: [8.895108204402552, 15.454588256036613, 0.59638382650372, 1.1748009222051865, 7.463287484357937]

Accuracy: 0.26060200668896316
 Epoches: 3000
 Time: 318770ms
 Indices: [0, 2, 3, 7, 9]
 Weights: [5.2195973721914095, 10.442323488485993, 2.698549984355684, 0.11158804510928161, 4.292091685555776]

Accuracy: 0.38011148272017836
 Epoches: 3000
 Time: 314859ms
 Indices: [0, 2, 3, 8, 9]
 Weights: [6.274694662608213, 9.913386765307138, 0.15853805828828785, 4.376941625988435, 5.361797124314303E-4]

Accuracy: 0.22151616499442583
 Epoches: 3000
 Time: 257972ms
 Indices: [0, 2, 4, 5, 6]
 Weights: [8.473803187215314, 3.1904911264873848, 1.5779079365247954, 3.640227123279513, 3.0599522047401056E-4]

Accuracy: 0.5203567447045707
 Epoches: 3000
 Time: 277831ms
 Indices: [0, 2, 4, 5, 7]
 Weights: [3.1517979768711557, 9.521634050128482, 3.4233479481875957, 9.34354608355828, 0.977813958475223]

Accuracy: 0.3149832775919732
 Epoches: 3000
 Time: 267784ms
 Indices: [0, 2, 4, 5, 8]
 Weights: [2.48948474212133, 10.440503505703635, 0.14104415418608496, 7.641330944883152, 2.6447773561779373]

Accuracy: 0.27734671125975474
 Epoches: 3000
 Time: 280639ms
 Indices: [0, 2, 4, 5, 9]
 Weights: [8.091987436435955, 9.256245043565652, 0.1251697669603627, 7.764237910680821, 1.5679780110731136]

Accuracy: 0.6013154960981049
 Epoches: 3000
 Time: 285509ms
 Indices: [0, 2, 4, 6, 7]
 Weights: [9.263439210407316, 13.57383095372632, 8.11456997372475, 5.759006946544803, 0.4459665576998965]

Accuracy: 0.3156075808249721
 Epoches: 3000
 Time: 296115ms
 Indices: [0, 2, 4, 6, 8]
 Weights: [4.147577521026156, 12.573486737606252, 0.007275507924414169, 6.077339659877075, 5.255653562500292]

Accuracy: 0.27420289855072466
 Epoches: 3000
 Time: 304303ms
 Indices: [0, 2, 4, 6, 9]
 Weights: [1.8909628801749112, 9.519511020084353, 0.003371193716650229, 4.268254125459818, 4.0489135986478315]

Accuracy: 0.2931772575250836
 Epoches: 3000
 Time: 305237ms
 Indices: [0, 2, 4, 7, 8]
 Weights: [4.670590552461684, 11.386876454602696, 6.452478150495155E-4, 0.5711562810450593, 5.493657563462933]

Accuracy: 0.34474916387959864
 Epoches: 3000
 Time: 318345ms
 Indices: [0, 2, 4, 7, 9]
 Weights: [4.029696788583191, 19.204333289439624, 0.03683692674281982, 0.5527714366924239, 8.443310795953801]

Accuracy: 0.2974581939799331
 Epoches: 3000
 Time: 308229ms
 Indices: [0, 2, 4, 8, 9]
 Weights: [4.404747215978162, 15.691242337672, 0.004830970477224337, 7.502645537709509, 0.014949179475283826]

Accuracy: 0.20124860646599774
 Epoches: 3000
 Time: 281440ms
 Indices: [0, 2, 5, 6, 7]
 Weights: [1.2295131845685168, 12.591512277192614, 14.045161237332962, 0.06950287691366806, 2.0617996598686386]

Accuracy: 0.5718840579710145
 Epoches: 3000
 Time: 269187ms
 Indices: [0, 2, 5, 6, 8]
 Weights: [6.091894897907834, 14.003109861709444, 8.647884288883954, 1.3708030613005273, 4.043099861131257]

Accuracy: 0.5193534002229654
 Epoches: 3000
 Time: 280026ms
 Indices: [0, 2, 5, 6, 9]
 Weights: [3.868271502557481, 11.892439860953184, 8.825492629421097, 0.29852415940367566, 2.769603136705205]

Accuracy: 0.29819397993311036
 Epoches: 3000
 Time: 282989ms
 Indices: [0, 2, 5, 7, 8]
 Weights: [5.381470290757267, 8.986036401032397, 7.7353245664480115, 1.628131430817335, 2.4453311456752114]

Accuracy: 0.5851727982162764
 Epoches: 3000
 Time: 277241ms
 Indices: [0, 2, 5, 7, 9]
 Weights: [4.172957154396615, 10.558868894464108, 9.199595009390682, 1.4545231517846753, 2.2181205755506954]

Accuracy: 0.33676700111482716
 Epoches: 3000
 Time: 293872ms
 Indices: [0, 2, 5, 8, 9]
 Weights: [5.046909203979771, 8.791355370934266, 6.095344434373326, 2.1412823751564165, 0.019033601157391354]

Accuracy: 0.5085395763656633
 Epoches: 3000
 Time: 289276ms
 Indices: [0, 2, 6, 7, 8]
 Weights: [6.528045695811416, 7.5109734262011605, 4.524797109467697, 0.9122991797687618, 3.619456960619505]

Accuracy: 0.4617168338907469
 Epoches: 3000
 Time: 305641ms
 Indices: [0, 2, 6, 7, 9]
 Weights: [1.3834758841026913, 11.392335279786662, 4.43455174592118, 0.6976213420949183, 5.01656539883525]

Accuracy: 0.2832107023411371
 Epoches: 3000
 Time: 283437ms
 Indices: [0, 2, 6, 8, 9]
 Weights: [5.969869468701797, 16.538476205748097, 8.778486253956068, 7.374378867305093, 0.00823805633597616]

Accuracy: 0.5748494983277592
 Epoches: 3000
 Time: 306680ms
 Indices: [0, 2, 7, 8, 9]
 Weights: [2.7594179646072474, 13.68986709144049, 1.020487419826959, 6.6409403633362345, 0.00404199919979456]

Accuracy: 0.7127759197324415
 Epoches: 3000
 Time: 34896ms
 Indices: [0, 3, 4, 5, 6]
 Weights: [8.549103129689312, 4.276406008447691, 1.294896986208684E-5, 7.480629930768069, 3.5712146414041603]

Accuracy: 0.6659531772575251
 Epoches: 3000
 Time: 87091ms
 Indices: [0, 3, 4, 5, 7]
 Weights: [1.3882145862177449, 2.321885523206903, 0.1016339124741977, 13.90622232084476, 7.2067192629858186]

Accuracy: 0.8054626532887402
 Epoches: 3000
 Time: 44309ms
 Indices: [0, 3, 4, 5, 8]
 Weights: [3.672491167333271, 6.821901108015823, 0.024009084522373016, 19.84920539886259, 0.02225714777981141]

Accuracy: 0.7932664437012263
 Epoches: 3000
 Time: 44791ms
 Indices: [0, 3, 4, 5, 9]
 Weights: [1.1893930203056773, 6.101793294856565, 0.009383248019685963, 17.96181165154212, 0.002388152668770486]

Accuracy: 0.6029877369007803
 Epoches: 3000
 Time: 75570ms
 Indices: [0, 3, 4, 6, 7]
 Weights: [9.587719123154066, 3.9451567949150617, 1.584907928311937E-8, 7.067905632511735, 3.4120175171068725]

Accuracy: 0.46847268673355635
 Epoches: 3000
 Time: 36419ms
 Indices: [0, 3, 4, 6, 8]
 Weights: [3.003029692504213, 10.692829577598271, 1.285845115081537E-4, 20.084735903300118, 1.958289931088712]

Accuracy: 0.6338238573021182
 Epoches: 3000
 Time: 35769ms
 Indices: [0, 3, 4, 6, 9]
 Weights: [1.166879145417738, 7.550524016351029, 5.489583915105037E-8, 14.522046864331443, 0.016615899232117114]

Accuracy: 0.3459977703455964
 Epoches: 3000
 Time: 248730ms
 Indices: [0, 3, 4, 7, 8]
 Weights: [4.900636098681129, 2.933538406558976, 0.06989082489933043, 13.759398850396087, 13.702613876109272]

Accuracy: 0.3307469342251951
 Epoches: 3000
 Time: 269590ms
 Indices: [0, 3, 4, 7, 9]
 Weights: [4.31040661097827, 4.8767188388949485, 3.5969045525651236E-5, 6.659916530375832, 5.892277842855908]

Accuracy: 0.36657748049052397
 Epoches: 3000
 Time: 71955ms
 Indices: [0, 3, 4, 8, 9]
 Weights: [1.3406251388292674, 7.283716656617005, 2.360577182361347E-9, 5.4793311451624405, 9.806095447090237E-14]

Accuracy: 0.37302118171683385
 Epoches: 3000
 Time: 67401ms
 Indices: [0, 3, 5, 6, 7]
 Weights: [4.482318597896441, 3.062281590411924, 9.135113911740307, 3.1882436297339494, 5.797012493757131]

Accuracy: 0.7712820512820513
 Epoches: 3000
 Time: 35138ms
 Indices: [0, 3, 5, 6, 8]
 Weights: [6.9778990763482325, 7.4040690102279205, 12.54390256737524, 6.803418289568129, 0.0034758865717778144]

Accuracy: 0.7541360089186177
 Epoches: 3000
 Time: 35722ms
 Indices: [0, 3, 5, 6, 9]
 Weights: [3.162873497367829, 6.355751976079835, 12.425665934213905, 5.563420964800744, 1.1334620659690581E-4]

Accuracy: 0.37678929765886293
 Epoches: 3000
 Time: 122385ms
 Indices: [0, 3, 5, 7, 8]
 Weights: [2.067618221206038, 1.6791800630447418, 12.132337210491398, 6.828024468020604, 0.6094517172948447]

Accuracy: 0.6088517279821628
 Epoches: 3000
 Time: 135973ms
 Indices: [0, 3, 5, 7, 9]
 Weights: [9.05361852844584, 2.484270190696899, 11.720561714449302, 6.136237695922141, 0.3595056797924785]

Accuracy: 0.7830992196209587
 Epoches: 3000
 Time: 41936ms
 Indices: [0, 3, 5, 8, 9]
 Weights: [5.809305382678715, 5.811844617823041, 16.838179792288642, 0.0073341153287367735, 6.514394070803198E-4]

Accuracy: 0.38220735785953175
 Epoches: 3000
 Time: 119373ms
 Indices: [0, 3, 6, 7, 8]
 Weights: [1.7548610136993985, 3.134573528659268, 9.719514777432925, 5.282604549283454, 3.283344849140314]

Accuracy: 0.577391304347826
 Epoches: 3000
 Time: 110674ms
 Indices: [0, 3, 6, 7, 9]
 Weights: [1.7310948074915022, 5.752461108853804, 12.855075761796655, 5.979866515247408, 2.124729763231285]

Accuracy: 0.46053511705685624
 Epoches: 3000
 Time: 37414ms
 Indices: [0, 3, 6, 8, 9]
 Weights: [5.00465028531168, 4.412320834041947, 8.520080710402336, 0.9002951776413657, 2.444024784846107E-13]

Accuracy: 0.3863099219620959
 Epoches: 3000
 Time: 266352ms
 Indices: [0, 3, 7, 8, 9]
 Weights: [7.642769893154558, 1.3953584723161114, 9.712004727625606, 9.182849613870308, 0.004520057102685437]

Accuracy: 0.599241917502787
 Epoches: 3000
 Time: 45228ms
 Indices: [0, 4, 5, 6, 7]
 Weights: [2.6912506305281774, 1.7443705525640576, 8.622771540651769, 1.4479534111894408, 5.133753944414494]

Accuracy: 0.6668004459308807
 Epoches: 3000
 Time: 39349ms
 Indices: [0, 4, 5, 6, 8]
 Weights: [6.177140936521358, 4.194950323009392, 12.691017278179926, 4.593977133081508, 1.7203427200352892]

Accuracy: 0.7019620958751394
 Epoches: 3000
 Time: 37892ms
 Indices: [0, 4, 5, 6, 9]
 Weights: [8.047342311542259, 4.633953720494407, 14.703144807391018, 2.9635882286948245, 0.2596395757722398]

Accuracy: 0.6243032329988851
 Epoches: 3000
 Time: 145104ms
 Indices: [0, 4, 5, 7, 8]
 Weights: [6.824416865152191, 0.19574722250388724, 13.331902949100137, 8.23711656079683, 1.6797968423644325]

Accuracy: 0.32454849498327765
 Epoches: 3000
 Time: 106430ms
 Indices: [0, 4, 5, 7, 9]
 Weights: [2.784705875532397, 0.2306606482258058, 9.19294518555145, 5.316473271926573, 0.8907934392611895]

Accuracy: 0.7118617614269789
 Epoches: 3000
 Time: 46749ms
 Indices: [0, 4, 5, 8, 9]
 Weights: [1.0081593514303964, 3.200642313182995, 14.989103640594214, 1.1391187221495394, 0.00417508878983999]

Accuracy: 0.3158974358974359
 Epoches: 3000
 Time: 185595ms
 Indices: [0, 4, 6, 7, 8]
 Weights: [6.455612067443396, 0.015184485033454037, 7.105851894903782, 5.386231590976656, 3.6729049572634147]

Accuracy: 0.7019397993311036
 Epoches: 3000
 Time: 185414ms
 Indices: [0, 4, 6, 7, 9]
 Weights: [8.259278061996353, 0.5229796536916952, 10.652664746234523, 7.51569003318002, 5.239500328470628]

Accuracy: 0.3893199554069119
 Epoches: 3000
 Time: 43815ms
 Indices: [0, 4, 6, 8, 9]
 Weights: [7.258063000415859, 2.7757267194658426, 11.268982498149223, 3.459054410401853, 2.150952169269883E-12]

Accuracy: 0.3576142697881828
 Epoches: 3000
 Time: 272741ms
 Indices: [0, 4, 7, 8, 9]
 Weights: [5.373995079582547, 0.04735617570701331, 12.155680430496574, 11.621403188300787, 0.010036968731917261]

Accuracy: 0.2655295429208473
 Epoches: 3000
 Time: 105758ms
 Indices: [0, 5, 6, 7, 8]
 Weights: [3.144334722519303, 6.422663245367219, 3.2962157267220324, 5.767002802250166, 2.2317473614765393]

Accuracy: 0.3107692307692308
 Epoches: 3000
 Time: 65579ms
 Indices: [0, 5, 6, 7, 9]
 Weights: [1.0348143604568298, 8.169891628789985, 2.2036169167813955, 5.441343463564396, 1.4047708874601914]

Accuracy: 0.6377480490523969
 Epoches: 3000
 Time: 42766ms
 Indices: [0, 5, 6, 8, 9]
 Weights: [8.940461560577646, 10.094883418723219, 5.084903420606971, 2.812657858678377, 0.0018973036140755239]

Accuracy: 0.3206020066889632
 Epoches: 3000
 Time: 147691ms
 Indices: [0, 5, 7, 8, 9]
 Weights: [2.1605675943953058, 13.691966889920836, 8.343722609303425, 1.773387955976636, 0.09463868900666994]

Accuracy: 0.3917725752508361
 Epoches: 3000
 Time: 173046ms
 Indices: [0, 6, 7, 8, 9]
 Weights: [3.788835231234996, 12.54235959193841, 8.3912138933776, 6.69249898119725, 9.308568590788511E-4]

Accuracy: 0.5626978818283166
 Epoches: 3000
 Time: 263790ms
 Indices: [1, 2, 3, 4, 5]
 Weights: [13.387486694473452, 8.480794366053287, 3.4335446347848246, 0.20352129419703927, 11.761327317026584]

Accuracy: 0.5324414715719064
 Epoches: 3000
 Time: 258762ms
 Indices: [1, 2, 3, 4, 6]
 Weights: [6.399864160375246, 3.968388408194864, 4.699620442842562, 2.9067330588020003E-5, 5.08467858717573]

Accuracy: 0.45402452619843925
 Epoches: 3000
 Time: 318823ms
 Indices: [1, 2, 3, 4, 7]
 Weights: [11.154386774069321, 9.554352289068214, 8.324780877596316, 0.011159056078632594, 0.0012046217813439996]

Accuracy: 0.5096767001114827
 Epoches: 3000
 Time: 310275ms
 Indices: [1, 2, 3, 4, 8]
 Weights: [14.704035573361285, 10.724975053467489, 0.7149290942437374, 0.012521413543945632, 6.9817122551345125]

Accuracy: 0.514247491638796
 Epoches: 3000
 Time: 312967ms
 Indices: [1, 2, 3, 4, 9]
 Weights: [11.813541274412385, 9.703393429082292, 2.477515842259446, 0.006328338501657278, 6.130238804416157]

Accuracy: 0.63041248606466
 Epoches: 3000
 Time: 155347ms
 Indices: [1, 2, 3, 5, 6]
 Weights: [8.81946630644343, 5.347230911812268, 2.352433583520974, 6.6686090159566085, 0.9710704674098524]

Accuracy: 0.2951170568561873
 Epoches: 3000
 Time: 297622ms
 Indices: [1, 2, 3, 5, 7]
 Weights: [11.477740536885724, 6.999447421902356, 3.085770151604162, 10.461212762318397, 0.03275456867682291]

Accuracy: 0.29917502787068007
 Epoches: 3000
 Time: 284573ms
 Indices: [1, 2, 3, 5, 8]
 Weights: [9.962917991874821, 5.832286098618953, 0.9072984195573717, 7.430097703491557, 1.9278277031632949]

Accuracy: 0.5563433667781494
 Epoches: 3000
 Time: 273161ms
 Indices: [1, 2, 3, 5, 9]
 Weights: [11.859884273598661, 6.758984979546457, 1.8248146032288424, 9.887149666096686, 1.0363142931262692]

Accuracy: 0.4024303232998885
 Epoches: 3000
 Time: 254570ms
 Indices: [1, 2, 3, 6, 7]
 Weights: [7.6855675120214455, 4.393758686844495, 5.0773812548964345, 6.238581042545649, 1.7617759069770247E-4]

Accuracy: 0.706711259754738
 Epoches: 3000
 Time: 281753ms
 Indices: [1, 2, 3, 6, 8]
 Weights: [8.204601441865812, 4.819832393593095, 0.5818493810515568, 4.770371834855837, 3.1583762591356273]

Accuracy: 0.2940022296544036
 Epoches: 3000
 Time: 258512ms
 Indices: [1, 2, 3, 6, 9]
 Weights: [8.7038049487533, 5.197305603469299, 3.1168793608302416, 6.223835419247901, 2.4461919245836015]

Accuracy: 0.321984392419175
 Epoches: 3000
 Time: 322492ms
 Indices: [1, 2, 3, 7, 8]
 Weights: [14.994017217799769, 11.712962214390716, 0.8692041893104404, 0.051734520572003145, 7.213286589060615]

Accuracy: 0.2559197324414716
 Epoches: 3000
 Time: 311292ms
 Indices: [1, 2, 3, 7, 9]
 Weights: [9.015255778668838, 7.541728459531672, 1.9352084478145752, 4.3732477830855837E-5, 4.090216290615066]

Accuracy: 0.4765663322185061
 Epoches: 3000
 Time: 315520ms
 Indices: [1, 2, 3, 8, 9]
 Weights: [15.382709217373618, 11.122896730419383, 0.8454197440129548, 7.342838374936662, 0.0990989293398934]

Accuracy: 0.46911928651059087
 Epoches: 3000
 Time: 117545ms
 Indices: [1, 2, 4, 5, 6]
 Weights: [14.720256555642601, 8.312390549368773, 3.3451871278029, 11.61126097518415, 0.9839440851241398]

Accuracy: 0.33759197324414714
 Epoches: 3000
 Time: 195733ms
 Indices: [1, 2, 4, 5, 7]
 Weights: [8.201237628089405, 5.0107969847045055, 1.5713725004143866, 7.2140786903362955, 1.8073691908195583E-4]

Accuracy: 0.44421404682274246
 Epoches: 3000
 Time: 300084ms
 Indices: [1, 2, 4, 5, 8]
 Weights: [10.627511611577923, 6.274723247522714, 0.09714907159798392, 7.497092214991584, 2.4186639119825086]

Accuracy: 0.7188182831661092
 Epoches: 3000
 Time: 243190ms
 Indices: [1, 2, 4, 5, 9]
 Weights: [11.694873694154388, 6.649839603683004, 0.27928366899938856, 9.062867743670871, 1.7921592411273066]

Accuracy: 0.46060200668896323
 Epoches: 3000
 Time: 300403ms
 Indices: [1, 2, 4, 6, 7]
 Weights: [11.157696198129027, 7.072524624034966, 6.529152670882993, 5.533182260906542, 1.797632515264398E-5]

Accuracy: 0.5568784838350056
 Epoches: 3000
 Time: 286323ms
 Indices: [1, 2, 4, 6, 8]
 Weights: [8.907698167683613, 5.34444040540362, 0.005371327457689367, 5.048133720677776, 3.8883034223565702]

Accuracy: 0.5150501672240803
 Epoches: 3000
 Time: 290888ms
 Indices: [1, 2, 4, 6, 9]
 Weights: [9.201693896822912, 5.883223732458629, 0.025635875195588836, 4.838086081656123, 3.874500823724921]

Accuracy: 0.3550947603121516
 Epoches: 3000
 Time: 320859ms
 Indices: [1, 2, 4, 7, 8]
 Weights: [15.321907144185035, 11.421048170811762, 0.017420969885972127, 0.029655559783735012, 8.217649004557096]

Accuracy: 0.2564325529542921
 Epoches: 3000
 Time: 325954ms
 Indices: [1, 2, 4, 7, 9]
 Weights: [12.155395648018388, 9.513915212546664, 0.040524548820416284, 0.0016935324384435664, 6.613175704162199]

Accuracy: 0.4543366778149387
 Epoches: 3000
 Time: 306044ms
 Indices: [1, 2, 4, 8, 9]
 Weights: [10.246278006395391, 7.551595210710528, 0.0036489028408185544, 5.427576247672363, 0.004314074567568]

Accuracy: 0.2418283166109253
 Epoches: 3000
 Time: 87126ms
 Indices: [1, 2, 5, 6, 7]
 Weights: [9.64823803902809, 5.872881242903704, 8.53697886886549, 0.04552806325126383, 0.0010854237380001836]

Accuracy: 0.35331103678929765
 Epoches: 3000
 Time: 228693ms
 Indices: [1, 2, 5, 6, 8]
 Weights: [9.34185406234183, 4.98408746141959, 4.807727437409945, 1.734293710387143, 1.8754888021624274]

Accuracy: 0.2896544035674471
 Epoches: 3000
 Time: 200899ms
 Indices: [1, 2, 5, 6, 9]
 Weights: [8.355183188949082, 4.643470006246523, 6.0019502521560515, 0.6584914042705154, 1.8149162557570053]

Accuracy: 0.30294314381270904
 Epoches: 3000
 Time: 309746ms
 Indices: [1, 2, 5, 7, 8]
 Weights: [13.597573277546788, 7.879877608078265, 9.880411609843982, 0.028630615469697286, 2.819976439091282]

Accuracy: 0.6935340022296543
 Epoches: 3000
 Time: 248616ms
 Indices: [1, 2, 5, 7, 9]
 Weights: [12.04464366605878, 6.80244156331083, 8.983700118786686, 0.009478936474925316, 2.1847191466304308]

Accuracy: 0.378015607580825
 Epoches: 3000
 Time: 215051ms
 Indices: [1, 2, 5, 8, 9]
 Weights: [11.503667343295113, 6.49424078224834, 7.9623788187496745, 2.1096180230964596, 0.05461821002084237]

Accuracy: 0.6685172798216277
 Epoches: 3000
 Time: 306047ms
 Indices: [1, 2, 6, 7, 8]
 Weights: [12.207487671801205, 7.33549173635482, 7.124020461559433, 0.01566469234880446, 5.579654134364748]

Accuracy: 0.29908584169453734
 Epoches: 3000
 Time: 294024ms
 Indices: [1, 2, 6, 7, 9]
 Weights: [11.093255750256601, 6.6880427532630815, 5.677619024280893, 4.924999814617891E-4, 4.746926279496871]

Accuracy: 0.49134894091415826
 Epoches: 3000
 Time: 293604ms
 Indices: [1, 2, 6, 8, 9]
 Weights: [11.075383074934631, 6.454359803144411, 6.577953990087419, 4.615662177541799, 0.01764934879044237]

Accuracy: 0.38914158305462654
 Epoches: 3000
 Time: 309569ms
 Indices: [1, 2, 7, 8, 9]
 Weights: [14.957851141825635, 10.49631929692032, 0.013499146007037348, 7.295511007917372, 0.04598237457119034]

Accuracy: 0.6349609810479375
 Epoches: 3000
 Time: 33094ms
 Indices: [1, 3, 4, 5, 6]
 Weights: [14.198195584021951, 2.601411382898713, 0.005288108109944612, 9.78880314467417, 2.3711796591641607]

Accuracy: 0.7026309921962096
 Epoches: 3000
 Time: 54083ms
 Indices: [1, 3, 4, 5, 7]
 Weights: [13.429772717778985, 1.4500968964453578, 0.009904641963438226, 10.881661266896081, 0.6199296163769089]

Accuracy: 0.6460646599777035
 Epoches: 3000
 Time: 42704ms
 Indices: [1, 3, 4, 5, 8]
 Weights: [18.005649959533628, 1.0380476747225056, 0.033086715540967475, 13.06783552022264, 0.9715057566420263]

Accuracy: 0.6986176142697882
 Epoches: 3000
 Time: 39200ms
 Indices: [1, 3, 4, 5, 9]
 Weights: [17.45535857395009, 1.4698285206652535, 0.03128735428767963, 12.593212899459285, 0.3427996473015169]

Accuracy: 0.6549609810479375
 Epoches: 3000
 Time: 38767ms
 Indices: [1, 3, 4, 6, 7]
 Weights: [10.803610725197974, 5.160700702379366, 5.598719824279552E-5, 9.458553305966547, 0.5320316614710521]

Accuracy: 0.7295206243032331
 Epoches: 3000
 Time: 37215ms
 Indices: [1, 3, 4, 6, 8]
 Weights: [13.044596963095938, 0.8661280629428287, 2.738301667498344E-4, 8.364692685121206, 3.292292158876317]

Accuracy: 0.7259085841694537
 Epoches: 3000
 Time: 35191ms
 Indices: [1, 3, 4, 6, 9]
 Weights: [9.700331617515138, 3.09360564559699, 1.0775253980842626E-5, 7.792631461642442, 1.5775648726897396]

Accuracy: 0.5953623188405797
 Epoches: 3000
 Time: 139543ms
 Indices: [1, 3, 4, 7, 8]
 Weights: [19.901115833723782, 0.5580693894781414, 0.0022418420744982335, 1.9688419309154295, 7.3488557960644965]

Accuracy: 0.6914604236343367
 Epoches: 3000
 Time: 85148ms
 Indices: [1, 3, 4, 7, 9]
 Weights: [15.790158008772234, 3.2702611358369205, 2.1545860676240244E-4, 1.1035253276157966, 4.365111669048294]

Accuracy: 0.6549163879598663
 Epoches: 3000
 Time: 36892ms
 Indices: [1, 3, 4, 8, 9]
 Weights: [23.70830405252386, 0.5388412831743674, 0.0056973813264434596, 7.224514445339117, 0.0020035914436419638]

Accuracy: 0.7489855072463768
 Epoches: 3000
 Time: 52826ms
 Indices: [1, 3, 5, 6, 7]
 Weights: [14.35317609455196, 3.034716102406242, 10.084763570973797, 2.7142164343353987, 0.5802363550395848]

Accuracy: 0.7060200668896321
 Epoches: 3000
 Time: 34503ms
 Indices: [1, 3, 5, 6, 8]
 Weights: [16.574019891052107, 1.9811302491849367, 10.496600741253948, 3.3729487517753394, 1.3861841611954109]

Accuracy: 0.7114158305462653
 Epoches: 3000
 Time: 36911ms
 Indices: [1, 3, 5, 6, 9]
 Weights: [9.518384580568874, 1.4793434093523337, 6.806318715263083, 0.8830300367422067, 0.10757249745227089]

Accuracy: 0.7682943143812709
 Epoches: 3000
 Time: 97425ms
 Indices: [1, 3, 5, 7, 8]
 Weights: [20.44839517759823, 1.347401232613755, 16.42057444039292, 1.3378340746344346, 1.3264858029805304]

Accuracy: 0.622118171683389
 Epoches: 3000
 Time: 78051ms
 Indices: [1, 3, 5, 7, 9]
 Weights: [17.11750001406646, 1.440715256975708, 13.500061838355911, 0.8236802491436098, 0.4880098144385537]

Accuracy: 0.7051950947603122
 Epoches: 3000
 Time: 43485ms
 Indices: [1, 3, 5, 8, 9]
 Weights: [12.567479897118774, 0.8764751218962958, 8.845975804959204, 0.7614031308257899, 0.045382662968684]

Accuracy: 0.6684280936454849
 Epoches: 3000
 Time: 76827ms
 Indices: [1, 3, 6, 7, 8]
 Weights: [13.614059511444072, 0.9618851299920358, 10.18597355343237, 0.8461336337751215, 4.1406342201723305]

Accuracy: 0.6463991081382385
 Epoches: 3000
 Time: 39316ms
 Indices: [1, 3, 6, 7, 9]
 Weights: [11.164470463102225, 3.7292584510500504, 8.753105454208237, 0.7178347440560987, 1.8236217422800471]

Accuracy: 0.6522853957636566
 Epoches: 3000
 Time: 36951ms
 Indices: [1, 3, 6, 8, 9]
 Weights: [13.929509604298156, 1.2489535594656571, 9.739790572721455, 3.5078569649638025, 1.393804267560676E-4]

Accuracy: 0.6228985507246376
 Epoches: 3000
 Time: 133204ms
 Indices: [1, 3, 7, 8, 9]
 Weights: [19.424607609180892, 0.3703608393666022, 1.758995262951526, 6.768429693712126, 0.004361669537117581]

Accuracy: 0.6783946488294315
 Epoches: 3000
 Time: 39863ms
 Indices: [1, 4, 5, 6, 7]
 Weights: [9.701758361298845, 0.6525656925359512, 8.043275589231182, 0.37092328327234236, 0.3181771589991619]

Accuracy: 0.7472017837235229
 Epoches: 3000
 Time: 34480ms
 Indices: [1, 4, 5, 6, 8]
 Weights: [14.587576328356082, 0.04592475774332174, 8.354558289464563, 2.8317941426573547, 1.9293628778073855]

Accuracy: 0.7334002229654404
 Epoches: 3000
 Time: 36572ms
 Indices: [1, 4, 5, 6, 9]
 Weights: [11.891725389137108, 0.11017952738007364, 8.008705612206146, 1.089533727257304, 0.8351045065009549]

Accuracy: 0.7571460423634336
 Epoches: 3000
 Time: 82628ms
 Indices: [1, 4, 5, 7, 8]
 Weights: [20.80445237005246, 0.2564221012085532, 16.06008004619336, 1.3680523147791122, 1.8016016497885607]

Accuracy: 0.7548494983277592
 Epoches: 3000
 Time: 69465ms
 Indices: [1, 4, 5, 7, 9]
 Weights: [14.687477293858112, 0.19967552255440238, 11.849870521611143, 0.8233999605915564, 0.9221836179584684]

Accuracy: 0.7678706800445931
 Epoches: 3000
 Time: 40967ms
 Indices: [1, 4, 5, 8, 9]
 Weights: [14.68488945736971, 0.054734796561787286, 10.600322370162353, 1.3231031651746248, 0.04449259825916034]

Accuracy: 0.7291415830546265
 Epoches: 3000
 Time: 68464ms
 Indices: [1, 4, 6, 7, 8]
 Weights: [14.746270839421083, 0.009701655683886076, 10.645959053796817, 1.0478954299960233, 4.914446875746088]

Accuracy: 0.6506577480490524
 Epoches: 3000
 Time: 47385ms
 Indices: [1, 4, 6, 7, 9]
 Weights: [11.898484542685937, 0.014570116687539875, 8.485523464130008, 0.935541900794844, 3.572728840363422]

Accuracy: 0.7293422519509476
 Epoches: 3000
 Time: 37232ms
 Indices: [1, 4, 6, 8, 9]
 Weights: [6.785214940977472, 3.0367786145628495E-7, 4.260658086289715, 2.070469817803105, 5.05801147668928E-10]

Accuracy: 0.6528874024526199
 Epoches: 3000
 Time: 148685ms
 Indices: [1, 4, 7, 8, 9]
 Weights: [24.32373417928024, 0.03664988967297965, 2.5322541652527226, 9.226436169121193, 0.07847008916153465]

Accuracy: 0.6623634336677815
 Epoches: 3000
 Time: 41314ms
 Indices: [1, 5, 6, 7, 8]
 Weights: [15.14782147975261, 9.254645055013775, 3.4887251041762006, 0.7521627016483727, 2.316491501313229]

Accuracy: 0.6708361204013378
 Epoches: 3000
 Time: 38555ms
 Indices: [1, 5, 6, 7, 9]
 Weights: [17.16545122020997, 12.168585494930555, 2.8922993131736567, 0.6927057763702882, 1.7138074727344383]

Accuracy: 0.756231884057971
 Epoches: 3000
 Time: 34429ms
 Indices: [1, 5, 6, 8, 9]
 Weights: [9.914827184454706, 5.587620970322442, 1.7012504924942498, 1.223825404636773, 3.4919737749962085E-4]

Accuracy: 0.7329319955406912
 Epoches: 3000
 Time: 101283ms
 Indices: [1, 5, 7, 8, 9]
 Weights: [14.463211674643272, 10.41569498910188, 0.948085868941647, 1.1566488474928949, 0.03290584448341414]

Accuracy: 0.777257525083612
 Epoches: 3000
 Time: 42503ms
 Indices: [1, 6, 7, 8, 9]
 Weights: [12.010100697022157, 8.200560813737802, 0.7954695799061788, 3.5748353317693593, 1.5437111842813805E-4]

Accuracy: 0.5704347826086957
 Epoches: 3000
 Time: 264398ms
 Indices: [2, 3, 4, 5, 6]
 Weights: [12.409131066416204, 5.443959373231607, 0.05953290164252241, 11.403642076723651, 2.1972473681884632]

Accuracy: 0.528628762541806
 Epoches: 3000
 Time: 315860ms
 Indices: [2, 3, 4, 5, 7]
 Weights: [11.561586916899396, 4.811277951210332, 0.0989398163297749, 12.319596978517975, 1.4953379346089006]

Accuracy: 0.327536231884058
 Epoches: 3000
 Time: 319899ms
 Indices: [2, 3, 4, 5, 8]
 Weights: [15.319146008149469, 2.7181533950838817, 0.11809788433116283, 13.013851353526203, 2.5844082170584644]

Accuracy: 0.4156075808249722
 Epoches: 3000
 Time: 330350ms
 Indices: [2, 3, 4, 5, 9]
 Weights: [6.539260279298595, 2.1244419770813976, 0.0013893196304219854, 5.889203656536252, 0.5271967001610529]

Accuracy: 0.5861538461538461
 Epoches: 3000
 Time: 301182ms
 Indices: [2, 3, 4, 6, 7]
 Weights: [7.088248459362766, 5.877252180142175, 2.5947385922362186E-4, 7.879148241830055, 0.8090433459187398]

Accuracy: 0.49687848383500555
 Epoches: 3000
 Time: 304711ms
 Indices: [2, 3, 4, 6, 8]
 Weights: [12.111684876686228, 2.2526201626503077, 0.0016603827147058693, 6.761052190930482, 4.269183627074199]

Accuracy: 0.32771460423634335
 Epoches: 3000
 Time: 292671ms
 Indices: [2, 3, 4, 6, 9]
 Weights: [11.534405246536652, 5.907718932679058, 0.001199296502446937, 7.523013304601534, 2.7827999060742457]

Accuracy: 0.37168338907469345
 Epoches: 3000
 Time: 354164ms
 Indices: [2, 3, 4, 7, 8]
 Weights: [19.648279594276122, 0.7193534026439418, 0.044555018146768106, 1.638398402739974, 8.49451591470243]

Accuracy: 0.2884726867335563
 Epoches: 3000
 Time: 347593ms
 Indices: [2, 3, 4, 7, 9]
 Weights: [16.736700067757013, 3.8694405027210315, 0.0032439209211781407, 0.6033696525531709, 5.884308657706356]

Accuracy: 0.4808695652173913
 Epoches: 3000
 Time: 344789ms
 Indices: [2, 3, 4, 8, 9]
 Weights: [24.132602754106607, 1.414449928637907, 0.03694468401596269, 10.853931186469985, 0.08557921491241183]

Accuracy: 0.37603121516164995
 Epoches: 3000
 Time: 293309ms
 Indices: [2, 3, 5, 6, 7]
 Weights: [11.526415007412108, 6.046285215840052, 12.168967875586835, 2.8210843282293316, 1.6535786230559202]

Accuracy: 0.6723522853957636
 Epoches: 3000
 Time: 305262ms
 Indices: [2, 3, 5, 6, 8]
 Weights: [12.119389809405304, 2.863928142240771, 9.151951183211512, 1.4834327382369141, 2.181010364583622]

Accuracy: 0.6177703455964325
 Epoches: 3000
 Time: 309304ms
 Indices: [2, 3, 5, 6, 9]
 Weights: [4.8180818056051455, 1.679347189963444, 3.9421915672671797, 0.21058799448790885, 0.3556006941746982]

Accuracy: 0.6501895206243032
 Epoches: 3000
 Time: 321244ms
 Indices: [2, 3, 5, 7, 8]
 Weights: [12.865048103654031, 2.4615729849742864, 12.189644206739732, 1.9839985450380895, 2.320598358042774]

Accuracy: 0.6004682274247491
 Epoches: 3000
 Time: 309088ms
 Indices: [2, 3, 5, 7, 9]
 Weights: [11.424828554995523, 3.2813182301800667, 11.351391660842262, 1.7010288511450864, 1.0584316597275516]

Accuracy: 0.5067112597547381
 Epoches: 3000
 Time: 330408ms
 Indices: [2, 3, 5, 8, 9]
 Weights: [11.544282328297964, 2.2242600230012513, 9.923871620934689, 2.159546135369365, 0.05029288052544557]

Accuracy: 0.27826086956521734
 Epoches: 3000
 Time: 327913ms
 Indices: [2, 3, 6, 7, 8]
 Weights: [10.43925593033355, 1.9259218328651964, 6.297145463336188, 1.0110680706208737, 3.8584080864196917]

Accuracy: 0.6069565217391304
 Epoches: 3000
 Time: 316830ms
 Indices: [2, 3, 6, 7, 9]
 Weights: [11.084580866018154, 5.901139143909293, 8.636816817774879, 1.1780714691707506, 2.6868974496462568]

Accuracy: 0.5470457079152731
 Epoches: 3000
 Time: 321347ms
 Indices: [2, 3, 6, 8, 9]
 Weights: [14.991036864026514, 2.9254312269285534, 8.259509700395968, 5.312325534673997, 0.004799192057522873]

Accuracy: 0.3970568561872909
 Epoches: 3000
 Time: 353821ms
 Indices: [2, 3, 7, 8, 9]
 Weights: [12.671358111670434, 0.32809036113824197, 0.6202047675807459, 5.561748458298242, 0.00463357217643846]

Accuracy: 0.5207357859531773
 Epoches: 3000
 Time: 286956ms
 Indices: [2, 4, 5, 6, 7]
 Weights: [12.953876616913595, 4.836817584592524, 13.957993658773882, 0.95537205327427, 1.5875082286243065]

Accuracy: 0.3416945373467113
 Epoches: 3000
 Time: 323912ms
 Indices: [2, 4, 5, 6, 8]
 Weights: [18.250466084157747, 0.6993881184171824, 12.479883877687417, 1.6593438816117754, 4.3611798820152075]

Accuracy: 0.3107023411371237
 Epoches: 3000
 Time: 306670ms
 Indices: [2, 4, 5, 6, 9]
 Weights: [17.52226047497682, 1.2897211065862078, 13.355928930837033, 1.1264989856074323, 3.633489580264479]

Accuracy: 0.571571906354515
 Epoches: 3000
 Time: 312082ms
 Indices: [2, 4, 5, 7, 8]
 Weights: [13.106320494690992, 0.6489876912261916, 11.616996386254188, 2.2448277764671345, 3.5268798334002476]

Accuracy: 0.28486064659977706
 Epoches: 3000
 Time: 313325ms
 Indices: [2, 4, 5, 7, 9]
 Weights: [11.329694503834407, 0.9410230483894886, 10.642642278135531, 1.7474789179627728, 1.7731785887772693]

Accuracy: 0.32274247491638797
 Epoches: 3000
 Time: 340432ms
 Indices: [2, 4, 5, 8, 9]
 Weights: [11.87462636415791, 0.09688196006370361, 7.771759963098631, 2.9650371516237644, 0.12054914249282597]

Accuracy: 0.550546265328874
 Epoches: 3000
 Time: 321027ms
 Indices: [2, 4, 6, 7, 8]
 Weights: [14.04899850659626, 0.0715618240669429, 8.927612500992497, 2.2635215479681587, 6.449675974968354]

Accuracy: 0.4816053511705686
 Epoches: 3000
 Time: 362182ms
 Indices: [2, 4, 6, 7, 9]
 Weights: [12.586240672541592, 0.028100305658232915, 5.489974700820603, 0.620479683658329, 5.884952838726232]

Accuracy: 0.32869565217391306
 Epoches: 3000
 Time: 323525ms
 Indices: [2, 4, 6, 8, 9]
 Weights: [18.403019592400476, 0.06126918131147674, 9.279729366606775, 7.572523065738, 0.012223518495672957]

Accuracy: 0.34006688963210707
 Epoches: 3000
 Time: 341237ms
 Indices: [2, 4, 7, 8, 9]
 Weights: [20.128225672939127, 0.05577553943711311, 1.406079689723283, 9.460817612086945, 0.03648479188705062]

Accuracy: 0.5663322185061315
 Epoches: 3000
 Time: 307370ms
 Indices: [2, 5, 6, 7, 8]
 Weights: [10.461697627842774, 7.744634568271534, 1.3829383418241195, 1.6954391400246962, 2.848635663271645]

Accuracy: 0.5853288740245262
 Epoches: 3000
 Time: 316481ms
 Indices: [2, 5, 6, 7, 9]
 Weights: [11.559972182656859, 10.257484677561528, 1.3092637242365646, 1.8400526460836963, 2.8610959567080574]

Accuracy: 0.6022296544035675
 Epoches: 3000
 Time: 303304ms
 Indices: [2, 5, 6, 8, 9]
 Weights: [14.13620931476689, 9.289278030212335, 0.8938464057733493, 3.0741550573911103, 0.44147903167202646]

Accuracy: 0.35913043478260864
 Epoches: 3000
 Time: 318998ms
 Indices: [2, 5, 7, 8, 9]
 Weights: [9.74069166191605, 8.602164511367718, 1.5643177822801315, 2.2319479915207068, 0.05348180118891349]

Accuracy: 0.5526198439241917
 Epoches: 3000
 Time: 326214ms
 Indices: [2, 6, 7, 8, 9]
 Weights: [10.272896604634141, 4.870118276769058, 0.9037832597379454, 5.242224188982255, 0.0015256707046101068]

Accuracy: 0.7585507246376811
 Epoches: 3000
 Time: 80112ms
 Indices: [3, 4, 5, 6, 7]
 Weights: [3.6973574212299773, 0.008640917260420333, 10.840766904020679, 3.816622711399023, 6.615679843955688]

Accuracy: 0.5769453734671126
 Epoches: 3000
 Time: 41674ms
 Indices: [3, 4, 5, 6, 8]
 Weights: [8.445213296489683, 0.005962189305520399, 14.092642701191222, 7.203380963919759, 0.014315285325172617]

Accuracy: 0.804593088071349
 Epoches: 3000
 Time: 42634ms
 Indices: [3, 4, 5, 6, 9]
 Weights: [7.065899664286888, 0.006793978587316717, 13.971838253864055, 5.827356699391533, 0.0012059507147728415]

Accuracy: 0.7301672240802676
 Epoches: 3000
 Time: 158647ms
 Indices: [3, 4, 5, 7, 8]
 Weights: [3.0481848576351642, 0.06829733710140207, 19.44203002356858, 10.865032497989118, 1.50096890902107]

Accuracy: 0.3560758082497213
 Epoches: 3000
 Time: 139822ms
 Indices: [3, 4, 5, 7, 9]
 Weights: [2.9053895025323784, 0.07665037612894733, 17.21513239891626, 9.405063761154747, 0.5333388840799624]

Accuracy: 0.7775250836120402
 Epoches: 3000
 Time: 49698ms
 Indices: [3, 4, 5, 8, 9]
 Weights: [8.350813263729616, 0.09987801540536306, 24.906880606806684, 0.05037721833399565, 0.008660481970897204]

Accuracy: 0.5763656633221851
 Epoches: 3000
 Time: 167834ms
 Indices: [3, 4, 6, 7, 8]
 Weights: [2.48530276654911, 1.7318229425864793E-4, 9.28117298635259, 4.928202510004968, 2.78378087944938]

Accuracy: 0.48403567447045703
 Epoches: 3000
 Time: 134454ms
 Indices: [3, 4, 6, 7, 9]
 Weights: [8.82432868836457, 0.006970551873430671, 19.514121481111754, 9.237425077264932, 3.2135147029396385]

Accuracy: 0.44392419175027875
 Epoches: 3000
 Time: 44186ms
 Indices: [3, 4, 6, 8, 9]
 Weights: [6.1800657802047425, 9.652821670042502E-8, 11.901217469593602, 1.0295907515881835, 2.8243524680180273E-10]

Accuracy: 0.49763656633221853
 Epoches: 3000
 Time: 298616ms
 Indices: [3, 4, 7, 8, 9]
 Weights: [1.9846601607029404, 0.0022677474178409763, 9.518232125552046, 8.46032983415824, 0.0035356278378554425]

Accuracy: 0.35065774804905236
 Epoches: 3000
 Time: 98570ms
 Indices: [3, 5, 6, 7, 8]
 Weights: [2.722250126942251, 7.666488322617764, 4.61221371369551, 5.791576876413099, 0.828522620358606]

Accuracy: 0.41705685618729094
 Epoches: 3000
 Time: 82162ms
 Indices: [3, 5, 6, 7, 9]
 Weights: [5.105052276866319, 13.413130268986807, 7.192882302940713, 9.028329040425643, 0.6247473327896879]

Accuracy: 0.7489409141583054
 Epoches: 3000
 Time: 41573ms
 Indices: [3, 5, 6, 8, 9]
 Weights: [9.767173307668424, 19.2829548971076, 7.716984258351768, 0.04108081872994641, 0.0030433518389971492]

Accuracy: 0.6820289855072463
 Epoches: 3000
 Time: 164466ms
 Indices: [3, 5, 7, 8, 9]
 Weights: [1.6877109140931557, 13.604067884062555, 7.477522345476576, 0.8641143640812183, 0.022139093198086948]

Accuracy: 0.6161426978818283
 Epoches: 3000
 Time: 155634ms
 Indices: [3, 6, 7, 8, 9]
 Weights: [3.2411679262507267, 12.390062223271144, 6.531832629682197, 3.4134336579773334, 6.351040034221487E-4]

Accuracy: 0.3254403567447046
 Epoches: 3000
 Time: 101935ms
 Indices: [4, 5, 6, 7, 8]
 Weights: [0.4790785644326247, 9.155571365652293, 5.386533394710666, 8.005601738279505, 2.5531421753514363]

Accuracy: 0.32069119286510595
 Epoches: 3000
 Time: 80942ms
 Indices: [4, 5, 6, 7, 9]
 Weights: [0.64312641199639, 10.014874229034186, 2.5611297289249593, 6.198278998314515, 1.413249873321141]

Accuracy: 0.7303010033444817
 Epoches: 3000
 Time: 44867ms
 Indices: [4, 5, 6, 8, 9]
 Weights: [4.293741224696472, 15.867975664387178, 5.3216037169277985, 1.6833716060391286, 0.005275393900756232]

Accuracy: 0.43101449275362314
 Epoches: 3000
 Time: 147124ms
 Indices: [4, 5, 7, 8, 9]
 Weights: [0.14104057604770684, 13.087032693268176, 7.738707639222484, 1.7400695101406227, 0.1890719091318486]

Accuracy: 0.37371237458193984
 Epoches: 3000
 Time: 212470ms
 Indices: [4, 6, 7, 8, 9]
 Weights: [0.0683960031512208, 11.010947638186469, 7.056058490102348, 5.410057132312495, 0.0013945868796782653]

Accuracy: 0.6490746934225196
 Epoches: 3000
 Time: 100213ms
 Indices: [5, 6, 7, 8, 9]
 Weights: [9.35894201303695, 4.933960170515244, 7.820512008840385, 2.940197298533694, 0.05580689112005161]

Best IWA: Accuracy: 0.8054626532887402
 Epoches: 3000
 Time: 44309ms
 Indices: [0, 3, 4, 5, 8]
 Weights: [3.672491167333271, 6.821901108015823, 0.024009084522373016, 19.84920539886259, 0.02225714777981141]--------------------------------

Accuracy: 0.8054626532887402
 Epoches: 3000
 Time: 44309ms
 Indices: [0, 3, 4, 5, 8]
 Weights: [3.672491167333271, 6.821901108015823, 0.024009084522373016, 19.84920539886259, 0.02225714777981141]

