Accuracy: 0.6713266443701227
 Epoches: 1
 Time: 6ms
 Indices: [8]
 Weights: [1.0]

Accuracy: 0.6330657748049052
 Epoches: 1
 Time: 8ms
 Indices: [10]
 Weights: [1.0]

Accuracy: 0.6317056856187291
 Epoches: 1
 Time: 28ms
 Indices: [1]
 Weights: [1.0]

Accuracy: 0.6045484949832776
 Epoches: 1
 Time: 8ms
 Indices: [5]
 Weights: [1.0]

Accuracy: 0.5969899665551839
 Epoches: 1
 Time: 4ms
 Indices: [6]
 Weights: [1.0]

Accuracy: 0.5527536231884058
 Epoches: 1
 Time: 7ms
 Indices: [3]
 Weights: [1.0]

Accuracy: 0.3681605351170568
 Epoches: 1
 Time: 12ms
 Indices: [2]
 Weights: [1.0]

Accuracy: 0.31255295429208474
 Epoches: 1
 Time: 11ms
 Indices: [4]
 Weights: [1.0]

Accuracy: 0.25616499442586405
 Epoches: 1
 Time: 9ms
 Indices: [9]
 Weights: [1.0]

Accuracy: 0.19108138238573025
 Epoches: 1
 Time: 4ms
 Indices: [7]
 Weights: [1.0]

Accuracy: 0.5609141583054627
 Epoches: 3000
 Time: 32186ms
 Indices: [8, 10]
 Weights: [3.8171542771130533, 4.544986787356394]

Accuracy: 0.699041248606466
 Epoches: 3000
 Time: 28891ms
 Indices: [8, 10, 1]
 Weights: [3.488826346709095, 2.4056004304598546, 13.56147584299301]

Accuracy: 0.7528874024526199
 Epoches: 3000
 Time: 37568ms
 Indices: [8, 10, 1, 5]
 Weights: [0.8831152804633793, 0.027498971076551505, 13.738576501754174, 10.017703544666084]

Accuracy: 0.706577480490524
 Epoches: 3000
 Time: 36658ms
 Indices: [8, 10, 1, 5, 6]
 Weights: [1.8951560839636858, 0.16004177024121388, 15.116350740873106, 9.051593149603633, 3.061472991084556]

Accuracy: 0.769453734671126
 Epoches: 3000
 Time: 42074ms
 Indices: [8, 10, 1, 5, 6, 3]
 Weights: [0.998568326644143, 0.48669612146713603, 17.832297904050485, 10.853016443180438, 3.8963490641932124, 2.497453730767729]

Accuracy: 0.4830992196209587
 Epoches: 3000
 Time: 324829ms
 Indices: [8, 10, 1, 5, 6, 3, 2]
 Weights: [2.440199903701009, 1.0755476777136288, 16.98444730509364, 9.536736395999432, 4.45705157835678, 2.6463505378810397, 9.746760105655705]

Accuracy: 0.48026755852842806
 Epoches: 3000
 Time: 326044ms
 Indices: [8, 10, 1, 5, 6, 3, 2, 4]
 Weights: [2.5107342484982937, 0.5862890444023505, 14.824221236653484, 8.766449406203721, 2.5187579720535247, 1.3390245671364576, 8.291873626282499, 0.3153605821655212]

Accuracy: 0.3042363433667782
 Epoches: 3000
 Time: 437319ms
 Indices: [8, 10, 1, 5, 6, 3, 2, 4, 9]
 Weights: [2.904680216714232, 1.3412049985347398, 19.861228526027674, 12.038123092433, 3.524552275178617, 2.1888319913131475, 11.06765104925523, 0.3004106118658082, 0.42375524774000406]

Accuracy: 0.33919732441471573
 Epoches: 3000
 Time: 454729ms
 Indices: [8, 10, 1, 5, 6, 3, 2, 4, 9, 7]
 Weights: [3.311890179601513, 0.3785179698054057, 20.10463602723739, 14.001087859974605, 1.8348755096910387, 1.2671373124670378, 11.490923691241335, 0.3505161390492067, 0.13378568443776268, 0.25062744354951505]
