Accuracy: 0.6713266443701227
 Epoches: 1
 Time: 12ms
 Indices: [8]
 Weights: [1.0]

Accuracy: 0.6330657748049052
 Epoches: 1
 Time: 6ms
 Indices: [10]
 Weights: [1.0]

Accuracy: 0.6317056856187291
 Epoches: 1
 Time: 6ms
 Indices: [1]
 Weights: [1.0]

Accuracy: 0.6045484949832776
 Epoches: 1
 Time: 11ms
 Indices: [5]
 Weights: [1.0]

Accuracy: 0.5969899665551839
 Epoches: 1
 Time: 4ms
 Indices: [6]
 Weights: [1.0]

Accuracy: 0.5527536231884058
 Epoches: 1
 Time: 4ms
 Indices: [3]
 Weights: [1.0]

Accuracy: 0.3681605351170568
 Epoches: 1
 Time: 5ms
 Indices: [2]
 Weights: [1.0]

Accuracy: 0.31255295429208474
 Epoches: 1
 Time: 20ms
 Indices: [4]
 Weights: [1.0]

Accuracy: 0.25616499442586405
 Epoches: 1
 Time: 9ms
 Indices: [9]
 Weights: [1.0]

Accuracy: 0.6425641025641026
 Epoches: 3000
 Time: 33863ms
 Indices: [8, 10]
 Weights: [6.512387539343689, 7.185549016133056]

Accuracy: 0.7034336677814939
 Epoches: 3000
 Time: 28278ms
 Indices: [8, 10, 1]
 Weights: [1.5056273297488902, 0.9703975433212416, 6.045669193696199]

Accuracy: 0.6769453734671126
 Epoches: 3000
 Time: 33598ms
 Indices: [8, 10, 1, 5]
 Weights: [0.7815217710435705, 0.004046818528888161, 8.940467559980023, 6.210658749521468]

Accuracy: 0.756298773690078
 Epoches: 3000
 Time: 37369ms
 Indices: [8, 10, 1, 5, 6]
 Weights: [1.8774032737844701, 0.2596745509159557, 14.912335553888257, 8.25124817736804, 3.0893546275018693]

Accuracy: 0.722742474916388
 Epoches: 3000
 Time: 41859ms
 Indices: [8, 10, 1, 5, 6, 3]
 Weights: [1.25205061307163, 0.5961926707728662, 19.199858762391006, 11.28400432972681, 4.382101894045282, 2.5608683324626584]

Accuracy: 0.72396878483835
 Epoches: 3000
 Time: 232236ms
 Indices: [8, 10, 1, 5, 6, 3, 2]
 Weights: [1.7999607168968539, 0.21960689959455457, 11.567022916672869, 6.981698421370817, 2.3949469510961814, 1.462190972347521, 6.1756655090799]

Accuracy: 0.42365663322185065
 Epoches: 3000
 Time: 390046ms
 Indices: [8, 10, 1, 5, 6, 3, 2, 4]
 Weights: [3.819223707416562, 2.4720828672960873, 21.159411910223096, 9.810120789754652, 7.927686196757369, 3.1999415605083317, 11.688545467736507, 0.4445724267863941]

Accuracy: 0.6831884057971014
 Epoches: 3000
 Time: 381004ms
 Indices: [8, 10, 1, 5, 6, 3, 2, 4, 9]
 Weights: [3.7453509107849317, 0.4709948943867316, 19.11353249239582, 9.9952288497898, 5.32753667881776, 1.5707503831169318, 10.729734403906928, 0.28079047681974156, 0.20221870611696566]
