Accuracy: 0.6713266443701227
 Epoches: 1
 Time: 4ms
 Indices: [8]
 Weights: [1.0]

Accuracy: 0.6330657748049052
 Epoches: 1
 Time: 12ms
 Indices: [10]
 Weights: [1.0]

Accuracy: 0.6317056856187291
 Epoches: 1
 Time: 5ms
 Indices: [1]
 Weights: [1.0]

Accuracy: 0.6045484949832776
 Epoches: 1
 Time: 6ms
 Indices: [5]
 Weights: [1.0]

Accuracy: 0.5969899665551839
 Epoches: 1
 Time: 7ms
 Indices: [6]
 Weights: [1.0]

Accuracy: 0.5527536231884058
 Epoches: 1
 Time: 4ms
 Indices: [3]
 Weights: [1.0]

Accuracy: 0.3681605351170568
 Epoches: 1
 Time: 3ms
 Indices: [2]
 Weights: [1.0]

Accuracy: 0.31255295429208474
 Epoches: 1
 Time: 5ms
 Indices: [4]
 Weights: [1.0]

Accuracy: 0.25616499442586405
 Epoches: 1
 Time: 7ms
 Indices: [9]
 Weights: [1.0]

_________________________________
size = 2
Accuracy: 0.6317056856187291
 Epoches: 3000
 Time: 15281ms
 Indices: [0, 1]
 Weights: [4.303534406977232, 6.0323658881083455]

Accuracy: 0.3681605351170568
 Epoches: 3000
 Time: 168016ms
 Indices: [0, 2]
 Weights: [4.63769628192537, 6.659694751780837]

Accuracy: 0.5527536231884058
 Epoches: 3000
 Time: 24373ms
 Indices: [0, 3]
 Weights: [4.874471535077404, 8.110335649969084]

Accuracy: 0.31255295429208474
 Epoches: 3000
 Time: 26997ms
 Indices: [0, 4]
 Weights: [9.495504479812588, 4.10227337684012]

Accuracy: 0.6045484949832776
 Epoches: 3000
 Time: 23728ms
 Indices: [0, 5]
 Weights: [8.981192652132044, 7.8599182987342235]

Accuracy: 0.5969899665551839
 Epoches: 3000
 Time: 17812ms
 Indices: [0, 6]
 Weights: [4.8952730009978636, 3.3526429656968153]

Accuracy: 0.19108138238573025
 Epoches: 3000
 Time: 137644ms
 Indices: [0, 7]
 Weights: [9.595181220793643, 3.2338191103422194]

Accuracy: 0.6713266443701227
 Epoches: 3000
 Time: 27066ms
 Indices: [0, 8]
 Weights: [7.6501963480586355, 3.9181047346509734]

Accuracy: 0.2226086956521739
 Epoches: 3000
 Time: 191608ms
 Indices: [1, 2]
 Weights: [1.8172465505324626, 1.740090164106844]

Accuracy: 0.5851059085841694
 Epoches: 3000
 Time: 20015ms
 Indices: [1, 3]
 Weights: [12.168493617502422, 5.440381130552312]

Accuracy: 0.6442809364548495
 Epoches: 3000
 Time: 20700ms
 Indices: [1, 4]
 Weights: [10.598220904948175, 3.1899738285665253]

Accuracy: 0.7197101449275363
 Epoches: 3000
 Time: 27855ms
 Indices: [1, 5]
 Weights: [6.385842079326638, 4.81919504822079]

Accuracy: 0.5868450390189521
 Epoches: 3000
 Time: 20904ms
 Indices: [1, 6]
 Weights: [3.558391583026323, 2.214694347334928]

Accuracy: 0.4251505016722408
 Epoches: 3000
 Time: 63214ms
 Indices: [1, 7]
 Weights: [10.985992785954558, 1.4037939243876434]

Accuracy: 0.676923076923077
 Epoches: 3000
 Time: 21722ms
 Indices: [1, 8]
 Weights: [11.15826859702694, 3.505532293732628]

Accuracy: 0.42820512820512824
 Epoches: 3000
 Time: 194245ms
 Indices: [2, 3]
 Weights: [6.725906374226456, 3.4092055016246117]

Accuracy: 0.26303232998885173
 Epoches: 3000
 Time: 201011ms
 Indices: [2, 4]
 Weights: [10.377533203582333, 5.217674472384282]

Accuracy: 0.6956298773690077
 Epoches: 3000
 Time: 191223ms
 Indices: [2, 5]
 Weights: [5.950558052572259, 5.326758770873922]

Accuracy: 0.16552954292084732
 Epoches: 3000
 Time: 221699ms
 Indices: [2, 6]
 Weights: [4.148945723142932, 0.5990200550527778]

Accuracy: 0.32896321070234114
 Epoches: 3000
 Time: 256103ms
 Indices: [2, 7]
 Weights: [6.083302153917774, 0.2406191135765292]

Accuracy: 0.4783277591973244
 Epoches: 3000
 Time: 232373ms
 Indices: [2, 8]
 Weights: [10.617568175770955, 5.173521585662832]

Accuracy: 0.5527536231884058
 Epoches: 3000
 Time: 32730ms
 Indices: [3, 4]
 Weights: [8.423235502153641, 1.793393198232428E-16]

Accuracy: 0.7693199554069119
 Epoches: 3000
 Time: 28434ms
 Indices: [3, 5]
 Weights: [2.6999933752672383, 7.726959872390846]

Accuracy: 0.6778595317725753
 Epoches: 3000
 Time: 23850ms
 Indices: [3, 6]
 Weights: [2.5121201749206667, 4.3721938692058675]

Accuracy: 0.6100780379041248
 Epoches: 3000
 Time: 196679ms
 Indices: [3, 7]
 Weights: [8.470102492130412, 6.0309152810662665]

Accuracy: 0.36662207357859533
 Epoches: 3000
 Time: 54108ms
 Indices: [3, 8]
 Weights: [5.749873599397954, 4.555599020506905]

Accuracy: 0.6852396878483835
 Epoches: 3000
 Time: 31775ms
 Indices: [4, 5]
 Weights: [4.130064704554919, 14.459515225963258]

Accuracy: 0.5133779264214047
 Epoches: 3000
 Time: 24922ms
 Indices: [4, 6]
 Weights: [2.5211043912743336, 3.9249389570764937]

Accuracy: 0.5621850613154962
 Epoches: 3000
 Time: 194415ms
 Indices: [4, 7]
 Weights: [8.109212450890515, 6.1961749323726]

Accuracy: 0.6713266443701227
 Epoches: 3000
 Time: 37531ms
 Indices: [4, 8]
 Weights: [3.880222401467876E-6, 6.1006989015834785]

Accuracy: 0.394314381270903
 Epoches: 3000
 Time: 30791ms
 Indices: [5, 6]
 Weights: [12.050066519548059, 0.993336237380478]

Accuracy: 0.3408026755852843
 Epoches: 3000
 Time: 42656ms
 Indices: [5, 7]
 Weights: [7.338490670203929, 3.775037028134502]

Accuracy: 0.6958528428093645
 Epoches: 3000
 Time: 31008ms
 Indices: [5, 8]
 Weights: [15.217327987541934, 3.1774714691611066]

Accuracy: 0.60082497212932
 Epoches: 3000
 Time: 37782ms
 Indices: [6, 7]
 Weights: [8.838077388695188, 5.578770552571626]

Accuracy: 0.5102564102564102
 Epoches: 3000
 Time: 30467ms
 Indices: [6, 8]
 Weights: [10.412144605519924, 4.050889759480122]

Accuracy: 0.4030769230769231
 Epoches: 3000
 Time: 190721ms
 Indices: [7, 8]
 Weights: [6.371564643689663, 6.066639626668802]

Best IWA: Accuracy: 0.7693199554069119
 Epoches: 3000
 Time: 28434ms
 Indices: [3, 5]
 Weights: [2.6999933752672383, 7.726959872390846]--------------------------------

_________________________________
size = 3
Accuracy: 0.2176365663322185
 Epoches: 3000
 Time: 186907ms
 Indices: [0, 1, 2]
 Weights: [6.240002136140787, 7.10087688948382, 7.066270987505151]

Accuracy: 0.5202452619843925
 Epoches: 3000
 Time: 21241ms
 Indices: [0, 1, 3]
 Weights: [1.613129496466587, 7.239305681214692, 3.417476933213136]

Accuracy: 0.5814938684503902
 Epoches: 3000
 Time: 20703ms
 Indices: [0, 1, 4]
 Weights: [8.647567986808465, 5.173347690504143, 1.78050471417684]

Accuracy: 0.7217614269788183
 Epoches: 3000
 Time: 26108ms
 Indices: [0, 1, 5]
 Weights: [3.71832968956065, 4.248171616740989, 3.6173540118268694]

Accuracy: 0.6690301003344481
 Epoches: 3000
 Time: 19657ms
 Indices: [0, 1, 6]
 Weights: [1.0163250951249658, 8.065865971143284, 5.8099952506077726]

Accuracy: 0.44526198439241915
 Epoches: 3000
 Time: 61702ms
 Indices: [0, 1, 7]
 Weights: [9.958308455067966, 13.209126675619908, 1.7721370153363087]

Accuracy: 0.6680713489409141
 Epoches: 3000
 Time: 22426ms
 Indices: [0, 1, 8]
 Weights: [5.32056622409016, 12.033070655136754, 3.600656769477177]

Accuracy: 0.24622073578595316
 Epoches: 3000
 Time: 201782ms
 Indices: [0, 2, 3]
 Weights: [2.5391299025031455, 4.990349636719958, 3.1076284026480625]

Accuracy: 0.3396878483835005
 Epoches: 3000
 Time: 222872ms
 Indices: [0, 2, 4]
 Weights: [3.82771690467534, 9.124834948059679, 4.527260620423359]

Accuracy: 0.21674470457079154
 Epoches: 3000
 Time: 208813ms
 Indices: [0, 2, 5]
 Weights: [1.9760829560997606, 5.395546113280741, 4.516341916290911]

Accuracy: 0.25063545150501676
 Epoches: 3000
 Time: 230473ms
 Indices: [0, 2, 6]
 Weights: [4.304638086014005, 5.247290734600408, 1.991785043216993]

Accuracy: 0.32896321070234114
 Epoches: 3000
 Time: 231290ms
 Indices: [0, 2, 7]
 Weights: [3.8864250401845615, 7.455139597136085, 0.25659123892842367]

Accuracy: 0.4839241917502787
 Epoches: 3000
 Time: 226168ms
 Indices: [0, 2, 8]
 Weights: [4.988444416246962, 6.26468893438637, 2.9656361450157256]

Accuracy: 0.5527536231884058
 Epoches: 3000
 Time: 33115ms
 Indices: [0, 3, 4]
 Weights: [6.582947741120162, 12.144584183150105, 4.223150118828656E-11]

Accuracy: 0.7954960981047938
 Epoches: 3000
 Time: 29037ms
 Indices: [0, 3, 5]
 Weights: [4.302634616907438, 2.125630743944504, 6.2817573656008125]

Accuracy: 0.6675139353400223
 Epoches: 3000
 Time: 23229ms
 Indices: [0, 3, 6]
 Weights: [1.2608175047359986, 2.921331178826251, 5.358376639807789]

Accuracy: 0.6891192865105908
 Epoches: 3000
 Time: 194302ms
 Indices: [0, 3, 7]
 Weights: [6.338177583095197, 3.782058875297219, 2.592592992044728]

Accuracy: 0.36657748049052397
 Epoches: 3000
 Time: 48479ms
 Indices: [0, 3, 8]
 Weights: [1.0389397282331183, 6.14513558829252, 4.659739847067186]

Accuracy: 0.6642809364548494
 Epoches: 3000
 Time: 29711ms
 Indices: [0, 4, 5]
 Weights: [7.376890085113615, 1.0130134095711978, 4.16262052933741]

Accuracy: 0.5219397993311037
 Epoches: 3000
 Time: 22617ms
 Indices: [0, 4, 6]
 Weights: [5.8600465702003275, 5.668891735376909, 9.409828817855592]

Accuracy: 0.3153846153846154
 Epoches: 3000
 Time: 182687ms
 Indices: [0, 4, 7]
 Weights: [1.6443237358038458, 5.16490151762656, 3.9854136858874245]

Accuracy: 0.6470234113712374
 Epoches: 3000
 Time: 41111ms
 Indices: [0, 4, 8]
 Weights: [6.835744481797622, 0.03918208824284315, 16.45785797602966]

Accuracy: 0.6050167224080267
 Epoches: 3000
 Time: 31021ms
 Indices: [0, 5, 6]
 Weights: [7.719924118134622, 11.807454965556747, 0.7280813416071771]

Accuracy: 0.30133779264214045
 Epoches: 3000
 Time: 39672ms
 Indices: [0, 5, 7]
 Weights: [6.240584632466611, 9.244998911286682, 4.841871694615191]

Accuracy: 0.514180602006689
 Epoches: 3000
 Time: 33739ms
 Indices: [0, 5, 8]
 Weights: [7.599634829274054, 10.327400212673087, 1.8964907385536458]

Accuracy: 0.4308361204013378
 Epoches: 3000
 Time: 41584ms
 Indices: [0, 6, 7]
 Weights: [7.182102993354448, 6.215354256653637, 4.21480515080621]

Accuracy: 0.6632107023411371
 Epoches: 3000
 Time: 31029ms
 Indices: [0, 6, 8]
 Weights: [7.99442480101515, 8.161829335333891, 2.5687920223729437]

Accuracy: 0.3651282051282051
 Epoches: 3000
 Time: 204330ms
 Indices: [0, 7, 8]
 Weights: [9.530393149727367, 5.67288740498794, 6.533482425946697]

Accuracy: 0.7535785953177258
 Epoches: 3000
 Time: 237215ms
 Indices: [1, 2, 3]
 Weights: [5.818152880882316, 5.359532334233984, 4.535271648200706]

Accuracy: 0.3405797101449275
 Epoches: 3000
 Time: 232563ms
 Indices: [1, 2, 4]
 Weights: [8.791589847845517, 7.1938805841985385, 5.703454339286753]

Accuracy: 0.24178372352285393
 Epoches: 3000
 Time: 83014ms
 Indices: [1, 2, 5]
 Weights: [9.89012445922528, 5.447496894461454, 8.677460078104822]

Accuracy: 0.24263099219620954
 Epoches: 3000
 Time: 204002ms
 Indices: [1, 2, 6]
 Weights: [4.001994911634596, 3.0962506354157076, 1.7284092346921587]

Accuracy: 0.2226086956521739
 Epoches: 3000
 Time: 229095ms
 Indices: [1, 2, 7]
 Weights: [2.350851131256229, 2.2539787380242515, 6.948009984828712E-26]

Accuracy: 0.38753623188405795
 Epoches: 3000
 Time: 223078ms
 Indices: [1, 2, 8]
 Weights: [8.42275403734896, 5.892300866400489, 4.309398532318701]

Accuracy: 0.6214269788182831
 Epoches: 3000
 Time: 24102ms
 Indices: [1, 3, 4]
 Weights: [12.074446757294892, 5.877533811703971, 7.424408032102865E-6]

Accuracy: 0.676164994425864
 Epoches: 3000
 Time: 28356ms
 Indices: [1, 3, 5]
 Weights: [10.69351305589662, 1.5179976726938236, 8.406079309541816]

Accuracy: 0.7758751393534002
 Epoches: 3000
 Time: 23239ms
 Indices: [1, 3, 6]
 Weights: [7.615753852768266, 3.289230001463026, 6.541809768585863]

Accuracy: 0.48599777034559644
 Epoches: 3000
 Time: 60104ms
 Indices: [1, 3, 7]
 Weights: [17.176281775371105, 8.365588143316403, 1.0952625114617307]

Accuracy: 0.7231884057971014
 Epoches: 3000
 Time: 26376ms
 Indices: [1, 3, 8]
 Weights: [5.697228811033131, 0.023595427495455564, 1.7988810479225923]

Accuracy: 0.7620958751393534
 Epoches: 3000
 Time: 31588ms
 Indices: [1, 4, 5]
 Weights: [8.467810500163218, 0.4321882080229346, 6.5392712741435135]

Accuracy: 0.7421627647714604
 Epoches: 3000
 Time: 24344ms
 Indices: [1, 4, 6]
 Weights: [7.526914377459733, 2.2196202839654813, 4.979581947972192]

Accuracy: 0.530479375696767
 Epoches: 3000
 Time: 32560ms
 Indices: [1, 4, 7]
 Weights: [10.70905464276977, 3.5368141553868186, 0.620656647126855]

Accuracy: 0.6793311036789298
 Epoches: 3000
 Time: 26339ms
 Indices: [1, 4, 8]
 Weights: [4.405086691344084, 5.196586630713816E-15, 1.3548192256750378]

Accuracy: 0.7350947603121516
 Epoches: 3000
 Time: 29493ms
 Indices: [1, 5, 6]
 Weights: [8.009361772834502, 6.372378494891118, 0.08722706642126259]

Accuracy: 0.6945373467112598
 Epoches: 3000
 Time: 33708ms
 Indices: [1, 5, 7]
 Weights: [8.37605863680886, 7.104361922272741, 0.3584690432180819]

Accuracy: 0.7676031215161649
 Epoches: 3000
 Time: 30039ms
 Indices: [1, 5, 8]
 Weights: [13.958448209031364, 9.839932721113627, 1.119817135898932]

Accuracy: 0.5447045707915272
 Epoches: 3000
 Time: 27991ms
 Indices: [1, 6, 7]
 Weights: [7.19875315248017, 5.3620668808688166, 0.7619574737389183]

Accuracy: 0.7229877369007804
 Epoches: 3000
 Time: 26840ms
 Indices: [1, 6, 8]
 Weights: [8.870529632082606, 5.859574377542394, 2.7434581820778834]

Accuracy: 0.6854403567447045
 Epoches: 3000
 Time: 83626ms
 Indices: [1, 7, 8]
 Weights: [16.315099813512827, 1.3740973499453375, 6.028933491085537]

Accuracy: 0.21625418060200674
 Epoches: 3000
 Time: 232209ms
 Indices: [2, 3, 4]
 Weights: [10.073986741138599, 5.886560924578753, 2.719694906707839E-4]

Accuracy: 0.7179933110367893
 Epoches: 3000
 Time: 218243ms
 Indices: [2, 3, 5]
 Weights: [5.014236845786661, 2.224547167319823, 5.1419958434441435]

Accuracy: 0.5599108138238573
 Epoches: 3000
 Time: 216881ms
 Indices: [2, 3, 6]
 Weights: [6.288235409876131, 4.093499205541326, 5.8044514031734495]

Accuracy: 0.3529096989966555
 Epoches: 3000
 Time: 254948ms
 Indices: [2, 3, 7]
 Weights: [12.660113670977855, 7.77978465873832, 0.07192540561628404]

Accuracy: 0.38787068004459313
 Epoches: 3000
 Time: 257013ms
 Indices: [2, 3, 8]
 Weights: [14.27106768628339, 0.47387736019261134, 7.090055833736776]

Accuracy: 0.22055741360089187
 Epoches: 3000
 Time: 224176ms
 Indices: [2, 4, 5]
 Weights: [6.414388677091837, 2.152962330521193, 5.884883188277548]

Accuracy: 0.5884057971014494
 Epoches: 3000
 Time: 234079ms
 Indices: [2, 4, 6]
 Weights: [7.252700581773555, 4.25642518707904, 2.969273488265367]

Accuracy: 0.35065774804905236
 Epoches: 3000
 Time: 265306ms
 Indices: [2, 4, 7]
 Weights: [10.521531979794545, 5.448505378398103, 0.006486651024617834]

Accuracy: 0.40492753623188404
 Epoches: 3000
 Time: 260967ms
 Indices: [2, 4, 8]
 Weights: [8.630876416929274, 9.87827879132102E-6, 4.032156067289723]

Accuracy: 0.21654403567447045
 Epoches: 3000
 Time: 224093ms
 Indices: [2, 5, 6]
 Weights: [5.951676534023666, 5.056499742536591, 2.5389967158119E-5]

Accuracy: 0.3254180602006689
 Epoches: 3000
 Time: 238994ms
 Indices: [2, 5, 7]
 Weights: [9.140162141084701, 9.16848929100918, 1.4913817279088448]

Accuracy: 0.18604236343366776
 Epoches: 3000
 Time: 237910ms
 Indices: [2, 5, 8]
 Weights: [6.18442224092594, 4.476759414378203, 1.5186476363611967]

Accuracy: 0.2498996655518395
 Epoches: 3000
 Time: 254831ms
 Indices: [2, 6, 7]
 Weights: [8.832304126986214, 3.1562271608198227, 0.6848920662727064]

Accuracy: 0.6207357859531772
 Epoches: 3000
 Time: 239191ms
 Indices: [2, 6, 8]
 Weights: [6.818550509285933, 4.019446875859999, 2.4336349483507287]

Accuracy: 0.38579710144927537
 Epoches: 3000
 Time: 259466ms
 Indices: [2, 7, 8]
 Weights: [14.972875577224043, 0.8101432077403314, 7.729088413754463]

Accuracy: 0.737948717948718
 Epoches: 3000
 Time: 34999ms
 Indices: [3, 4, 5]
 Weights: [2.821934335723808, 8.569824254309023E-5, 9.208078416779943]

Accuracy: 0.7107246376811593
 Epoches: 3000
 Time: 28656ms
 Indices: [3, 4, 6]
 Weights: [6.2410300841834845, 1.459420668159428E-9, 11.335048208063018]

Accuracy: 0.683701226309922
 Epoches: 3000
 Time: 226591ms
 Indices: [3, 4, 7]
 Weights: [8.397747598870552, 6.800618802529456E-6, 5.880113538348674]

Accuracy: 0.36662207357859533
 Epoches: 3000
 Time: 59893ms
 Indices: [3, 4, 8]
 Weights: [6.895247320543585, 1.0519944622875967E-9, 5.4198989631820655]

Accuracy: 0.7604013377926422
 Epoches: 3000
 Time: 28742ms
 Indices: [3, 5, 6]
 Weights: [2.185344527484593, 4.249883496862865, 2.0307513105989874]

Accuracy: 0.602118171683389
 Epoches: 3000
 Time: 89254ms
 Indices: [3, 5, 7]
 Weights: [1.4454166405981395, 8.430979017775716, 4.6177047660964705]

Accuracy: 0.676499442586399
 Epoches: 3000
 Time: 36115ms
 Indices: [3, 5, 8]
 Weights: [4.6201177064595145, 14.290976010979742, 0.005019553666688641]

Accuracy: 0.6963210702341137
 Epoches: 3000
 Time: 77140ms
 Indices: [3, 6, 7]
 Weights: [5.535270556266943, 9.94978468590799, 4.199167729349016]

Accuracy: 0.4500111482720178
 Epoches: 3000
 Time: 30912ms
 Indices: [3, 6, 8]
 Weights: [5.7210364904671405, 10.893184300001236, 1.0620668533106445]

Accuracy: 0.4211594202898551
 Epoches: 3000
 Time: 226802ms
 Indices: [3, 7, 8]
 Weights: [2.4279735162960274, 11.985398254548215, 10.799397018306268]

Accuracy: 0.7752508361204014
 Epoches: 3000
 Time: 31438ms
 Indices: [4, 5, 6]
 Weights: [4.417096544352326, 13.224484652640305, 2.6997265138641624]

Accuracy: 0.29348940914158306
 Epoches: 3000
 Time: 60785ms
 Indices: [4, 5, 7]
 Weights: [0.8686868534104181, 6.952101202688086, 3.7956900472714827]

Accuracy: 0.6525975473801561
 Epoches: 3000
 Time: 36874ms
 Indices: [4, 5, 8]
 Weights: [1.1654352689968481, 5.341020420988464, 0.43867649240376677]

Accuracy: 0.32722408026755856
 Epoches: 3000
 Time: 84776ms
 Indices: [4, 6, 7]
 Weights: [4.946093683851677, 10.297606465349197, 4.954359572658798]

Accuracy: 0.39161649944258636
 Epoches: 3000
 Time: 35612ms
 Indices: [4, 6, 8]
 Weights: [2.240638545841708, 9.420859564023218, 2.781787090899218]

Accuracy: 0.3665997770345596
 Epoches: 3000
 Time: 220712ms
 Indices: [4, 7, 8]
 Weights: [1.384274260926706E-5, 4.421741176920015, 4.802158682074046]

Accuracy: 0.2695429208472687
 Epoches: 3000
 Time: 35762ms
 Indices: [5, 6, 7]
 Weights: [10.443345923018253, 0.6139322188277012, 5.912408417016169]

Accuracy: 0.6432998885172798
 Epoches: 3000
 Time: 34271ms
 Indices: [5, 6, 8]
 Weights: [8.913548027868082, 4.770411139638674, 2.4059658876888843]

Accuracy: 0.3022296544035674
 Epoches: 3000
 Time: 123000ms
 Indices: [5, 7, 8]
 Weights: [11.777395493116552, 7.2474155755195815, 2.2378254404539035]

Accuracy: 0.30169453734671126
 Epoches: 3000
 Time: 141971ms
 Indices: [6, 7, 8]
 Weights: [5.715385946451089, 3.810676287198609, 2.716615538945176]

Best IWA: Accuracy: 0.7954960981047938
 Epoches: 3000
 Time: 29037ms
 Indices: [0, 3, 5]
 Weights: [4.302634616907438, 2.125630743944504, 6.2817573656008125]--------------------------------

_________________________________
size = 4
Accuracy: 0.4765663322185061
 Epoches: 3000
 Time: 230275ms
 Indices: [0, 1, 2, 3]
 Weights: [1.7480660495021447, 6.258744195521481, 5.629691698137466, 4.9786947882050745]

Accuracy: 0.28465997770345597
 Epoches: 3000
 Time: 227939ms
 Indices: [0, 1, 2, 4]
 Weights: [7.8535291079776455, 6.469076713814771, 5.185837514862157, 3.999187605290605]

Accuracy: 0.2266889632107023
 Epoches: 3000
 Time: 63187ms
 Indices: [0, 1, 2, 5]
 Weights: [6.627058603720968, 6.59401144410835, 3.665465346262216, 5.6502637565412615]

Accuracy: 0.40303232998885175
 Epoches: 3000
 Time: 200549ms
 Indices: [0, 1, 2, 6]
 Weights: [5.38281787319391, 9.521291223213282, 7.056836174018559, 3.9220871998374944]

Accuracy: 0.3739799331103679
 Epoches: 3000
 Time: 242158ms
 Indices: [0, 1, 2, 7]
 Weights: [4.174433191387392, 8.109111070888526, 8.532209628445177, 6.468340399679209E-7]

Accuracy: 0.3896098104793757
 Epoches: 3000
 Time: 238541ms
 Indices: [0, 1, 2, 8]
 Weights: [8.303885887078161, 9.58268168573127, 6.571251730088624, 4.793456466295833]

Accuracy: 0.6650167224080268
 Epoches: 3000
 Time: 24805ms
 Indices: [0, 1, 3, 4]
 Weights: [7.766803409511863, 5.803713251154468, 2.7884127566005503, 3.1971919116393468E-12]

Accuracy: 0.6802006688963211
 Epoches: 3000
 Time: 29717ms
 Indices: [0, 1, 3, 5]
 Weights: [6.152791110661112, 10.166743529701073, 1.2671130637759465, 7.782945691014255]

Accuracy: 0.7198216276477146
 Epoches: 3000
 Time: 23229ms
 Indices: [0, 1, 3, 6]
 Weights: [3.7112316011421447, 4.511020033612502, 2.0602930716876906, 3.361502471156877]

Accuracy: 0.5004459308807134
 Epoches: 3000
 Time: 40984ms
 Indices: [0, 1, 3, 7]
 Weights: [3.4032830236273295, 11.647271266318501, 5.595949842457031, 0.761071208810203]

Accuracy: 0.7218060200668897
 Epoches: 3000
 Time: 27929ms
 Indices: [0, 1, 3, 8]
 Weights: [6.5154670901012555, 9.432040932654104, 0.08981446493563927, 3.035289526292859]

Accuracy: 0.7602006688963211
 Epoches: 3000
 Time: 31191ms
 Indices: [0, 1, 4, 5]
 Weights: [1.623768598944666, 5.327000151957495, 0.22308731268651377, 4.277961658013446]

Accuracy: 0.7540245261984393
 Epoches: 3000
 Time: 24206ms
 Indices: [0, 1, 4, 6]
 Weights: [9.322606453529641, 10.176791209181333, 3.063537179340653, 5.979409768366119]

Accuracy: 0.6412486064659978
 Epoches: 3000
 Time: 41181ms
 Indices: [0, 1, 4, 7]
 Weights: [4.763352910466256, 7.829812498600834, 2.650418959576008, 0.4400320050140484]

Accuracy: 0.6832107023411371
 Epoches: 3000
 Time: 26015ms
 Indices: [0, 1, 4, 8]
 Weights: [7.116066467279051, 16.63016166039997, 4.7118845522269454E-4, 5.3915804851480695]

Accuracy: 0.779933110367893
 Epoches: 3000
 Time: 28137ms
 Indices: [0, 1, 5, 6]
 Weights: [5.0679160095166385, 10.894833313924867, 8.449992151747296, 0.2176735125580751]

Accuracy: 0.7444147157190635
 Epoches: 3000
 Time: 36176ms
 Indices: [0, 1, 5, 7]
 Weights: [6.938438453867645, 3.3584265177309796, 3.16446500381059, 0.16831821824359133]

Accuracy: 0.7993534002229654
 Epoches: 3000
 Time: 29067ms
 Indices: [0, 1, 5, 8]
 Weights: [1.3856617826000992, 10.339059878380603, 7.089256873139087, 0.809631440344754]

Accuracy: 0.5498327759197325
 Epoches: 3000
 Time: 27192ms
 Indices: [0, 1, 6, 7]
 Weights: [5.828870536523327, 7.4314139144805464, 5.45278016340708, 0.6648743505087884]

Accuracy: 0.675406911928651
 Epoches: 3000
 Time: 26627ms
 Indices: [0, 1, 6, 8]
 Weights: [7.644248269286136, 9.832735455316799, 6.383160869781152, 2.8351098404169366]

Accuracy: 0.688494983277592
 Epoches: 3000
 Time: 85065ms
 Indices: [0, 1, 7, 8]
 Weights: [7.620931586962479, 6.9120332038611965, 0.6767332592212837, 2.7691139153954634]

Accuracy: 0.30813823857302114
 Epoches: 3000
 Time: 254763ms
 Indices: [0, 2, 3, 4]
 Weights: [3.49598495209829, 12.011574457349663, 7.017129241024126, 5.86475269810822E-4]

Accuracy: 0.2550055741360089
 Epoches: 3000
 Time: 230951ms
 Indices: [0, 2, 3, 5]
 Weights: [7.643174704575193, 8.245949860965457, 3.2525401705886416, 7.456741219945775]

Accuracy: 0.32075808249721294
 Epoches: 3000
 Time: 211945ms
 Indices: [0, 2, 3, 6]
 Weights: [9.458709409378477, 5.94954745195591, 4.186086987622448, 4.51667822448102]

Accuracy: 0.41516164994425864
 Epoches: 3000
 Time: 250488ms
 Indices: [0, 2, 3, 7]
 Weights: [1.430511318698485, 15.415104287030044, 9.668782449931786, 0.19323946245725385]

Accuracy: 0.3909921962095875
 Epoches: 3000
 Time: 264636ms
 Indices: [0, 2, 3, 8]
 Weights: [8.496622357969105, 11.659063623864814, 0.22590826539125627, 4.573720979146655]

Accuracy: 0.29257525083612035
 Epoches: 3000
 Time: 224735ms
 Indices: [0, 2, 4, 5]
 Weights: [9.678554931067547, 8.122662336073745, 3.1382789904799697, 7.434449068979991]

Accuracy: 0.5058639910813824
 Epoches: 3000
 Time: 238762ms
 Indices: [0, 2, 4, 6]
 Weights: [8.116266624936415, 10.316503869388466, 5.3843430191050725, 5.055639169695348]

Accuracy: 0.3538461538461538
 Epoches: 3000
 Time: 255415ms
 Indices: [0, 2, 4, 7]
 Weights: [7.173649342144518, 9.302745894134075, 4.736344774490348, 0.007774906278278198]

Accuracy: 0.40182831661092533
 Epoches: 3000
 Time: 261552ms
 Indices: [0, 2, 4, 8]
 Weights: [5.618805256450511, 11.945605063530785, 3.9752972016847014E-4, 5.053009272585776]

Accuracy: 0.32280936454849496
 Epoches: 3000
 Time: 215590ms
 Indices: [0, 2, 5, 6]
 Weights: [1.4335872368589677, 9.015580272153779, 9.06985027430848, 0.003984383573813435]

Accuracy: 0.21179487179487178
 Epoches: 3000
 Time: 213261ms
 Indices: [0, 2, 5, 7]
 Weights: [6.412259005310099, 4.921645679041732, 5.5343730128156965, 0.9229120330181572]

Accuracy: 0.3584838350055741
 Epoches: 3000
 Time: 231656ms
 Indices: [0, 2, 5, 8]
 Weights: [7.764499442159953, 9.184644359616893, 6.901842986698175, 2.11894529208298]

Accuracy: 0.16561872909698994
 Epoches: 3000
 Time: 262114ms
 Indices: [0, 2, 6, 7]
 Weights: [5.2257153826799705, 11.41239701552234, 3.937333190597141, 0.9553122107488079]

Accuracy: 0.5410702341137124
 Epoches: 3000
 Time: 236731ms
 Indices: [0, 2, 6, 8]
 Weights: [9.562401858818605, 7.462963639083323, 3.4984216135037767, 2.9984071132280268]

Accuracy: 0.3458416945373467
 Epoches: 3000
 Time: 264493ms
 Indices: [0, 2, 7, 8]
 Weights: [6.979102464719691, 13.467484115932054, 0.816635822900578, 6.627849729673006]

Accuracy: 0.7960758082497212
 Epoches: 3000
 Time: 35122ms
 Indices: [0, 3, 4, 5]
 Weights: [3.265530195909663, 4.7535969717942645, 0.0026624169793275647, 13.274539763320144]

Accuracy: 0.5057079152731327
 Epoches: 3000
 Time: 28494ms
 Indices: [0, 3, 4, 6]
 Weights: [8.44163615559142, 7.249665795493864, 3.193315029667231E-8, 13.629882121601083]

Accuracy: 0.4248829431438127
 Epoches: 3000
 Time: 224055ms
 Indices: [0, 3, 4, 7]
 Weights: [3.615242239930451, 9.139483921093825, 5.383145872656487E-5, 6.384081371641583]

Accuracy: 0.3684057971014493
 Epoches: 3000
 Time: 58505ms
 Indices: [0, 3, 4, 8]
 Weights: [6.675526975589871, 4.803659886990996, 1.4936979255461386E-13, 4.174836892081761]

Accuracy: 0.6109030100334448
 Epoches: 3000
 Time: 28450ms
 Indices: [0, 3, 5, 6]
 Weights: [5.845689511626253, 2.50048046473217, 5.084229967789962, 2.6485530083702753]

Accuracy: 0.5672240802675586
 Epoches: 3000
 Time: 81827ms
 Indices: [0, 3, 5, 7]
 Weights: [3.1376524733651303, 1.8604807675271677, 11.84083554456071, 6.847389000650382]

Accuracy: 0.646644370122631
 Epoches: 3000
 Time: 35008ms
 Indices: [0, 3, 5, 8]
 Weights: [3.999000728108661, 4.336721024473723, 13.611321746156918, 0.0017247781257841357]

Accuracy: 0.6895652173913043
 Epoches: 3000
 Time: 68872ms
 Indices: [0, 3, 6, 7]
 Weights: [5.8502057238847645, 6.171703514720667, 11.975135821451884, 4.7264949995421865]

Accuracy: 0.4591973244147157
 Epoches: 3000
 Time: 30740ms
 Indices: [0, 3, 6, 8]
 Weights: [4.222159487528292, 4.204396283701055, 8.444668363157819, 0.7931791047424135]

Accuracy: 0.38347826086956527
 Epoches: 3000
 Time: 221637ms
 Indices: [0, 3, 7, 8]
 Weights: [5.308639248281327, 0.5806055355702314, 5.327190345213525, 4.986738591753374]

Accuracy: 0.7544035674470457
 Epoches: 3000
 Time: 32029ms
 Indices: [0, 4, 5, 6]
 Weights: [7.483300356770691, 2.3477936923523433, 7.983618150824202, 1.3440535528993025]

Accuracy: 0.526644370122631
 Epoches: 3000
 Time: 61410ms
 Indices: [0, 4, 5, 7]
 Weights: [7.117756011486322, 0.7322464049516969, 7.6031953063414015, 3.8654826521621493]

Accuracy: 0.7120178372352286
 Epoches: 3000
 Time: 39629ms
 Indices: [0, 4, 5, 8]
 Weights: [5.235011707443963, 2.305793813284736, 13.317651140554748, 0.8690798074976028]

Accuracy: 0.5212486064659978
 Epoches: 3000
 Time: 93394ms
 Indices: [0, 4, 6, 7]
 Weights: [6.352577689954436, 7.603845747154862, 12.234401662344036, 6.772381617555983]

Accuracy: 0.5164102564102564
 Epoches: 3000
 Time: 34822ms
 Indices: [0, 4, 6, 8]
 Weights: [4.576637795887601, 3.3807360543402187, 15.056754875935919, 4.494861361236046]

Accuracy: 0.5985730211817168
 Epoches: 3000
 Time: 219452ms
 Indices: [0, 4, 7, 8]
 Weights: [2.5297432320697246, 0.012290201248292382, 9.034560411827632, 8.958179108981728]

Accuracy: 0.3127536231884058
 Epoches: 3000
 Time: 33570ms
 Indices: [0, 5, 6, 7]
 Weights: [8.010800948867937, 16.05472632724932, 1.5472585722560177, 8.979978727010176]

Accuracy: 0.6498327759197324
 Epoches: 3000
 Time: 34919ms
 Indices: [0, 5, 6, 8]
 Weights: [6.617665102542995, 5.461669491896798, 2.9721651483432225, 2.2325305728974794]

Accuracy: 0.659732441471572
 Epoches: 3000
 Time: 115544ms
 Indices: [0, 5, 7, 8]
 Weights: [5.969165628299449, 9.894134616132616, 6.013076329371518, 1.684092047982735]

Accuracy: 0.38655518394648825
 Epoches: 3000
 Time: 142559ms
 Indices: [0, 6, 7, 8]
 Weights: [3.0916593105685797, 10.287645904500012, 7.104400130521234, 5.242332854543117]

Accuracy: 0.5104124860646599
 Epoches: 3000
 Time: 256844ms
 Indices: [1, 2, 3, 4]
 Weights: [7.01636540644162, 5.8798790937579355, 5.4228665241630924, 9.42806502298675E-5]

Accuracy: 0.3799108138238573
 Epoches: 3000
 Time: 213379ms
 Indices: [1, 2, 3, 5]
 Weights: [7.928626119062943, 4.624604973676924, 2.399722502935937, 6.762309750956544]

Accuracy: 0.33618729096989963
 Epoches: 3000
 Time: 228244ms
 Indices: [1, 2, 3, 6]
 Weights: [6.123769417159487, 3.6038697702841516, 4.048619169108526, 4.831481879064439]

Accuracy: 0.3527759197324415
 Epoches: 3000
 Time: 282729ms
 Indices: [1, 2, 3, 7]
 Weights: [6.214883280354874, 5.630657494011154, 5.034589755337459, 3.1396043844685018E-6]

Accuracy: 0.5190189520624303
 Epoches: 3000
 Time: 262224ms
 Indices: [1, 2, 3, 8]
 Weights: [13.823586244766346, 9.887144285504275, 0.5711245481845568, 6.819708144627487]

Accuracy: 0.28947603121516163
 Epoches: 3000
 Time: 175108ms
 Indices: [1, 2, 4, 5]
 Weights: [9.811228353975824, 5.712380871136945, 1.8211907465475277, 7.942252340146656]

Accuracy: 0.5739799331103679
 Epoches: 3000
 Time: 237435ms
 Indices: [1, 2, 4, 6]
 Weights: [8.89331663012197, 4.73682352879305, 5.051913781323775, 4.85267225960087]

Accuracy: 0.2063322185061316
 Epoches: 3000
 Time: 273611ms
 Indices: [1, 2, 4, 7]
 Weights: [8.642499140888804, 7.046571203914038, 5.604964670146076, 1.9950311536772075E-7]

Accuracy: 0.5612709030100335
 Epoches: 3000
 Time: 264383ms
 Indices: [1, 2, 4, 8]
 Weights: [9.841327931444985, 6.840243971141416, 0.0032999256738379147, 5.107766955739191]

Accuracy: 0.23665551839464882
 Epoches: 3000
 Time: 82594ms
 Indices: [1, 2, 5, 6]
 Weights: [9.219918711595863, 5.266060551793264, 7.94451015390246, 0.031194738677750033]

Accuracy: 0.32595317725752504
 Epoches: 3000
 Time: 94029ms
 Indices: [1, 2, 5, 7]
 Weights: [8.325667725442292, 5.124542050864109, 7.4076618470284545, 4.70792182567693E-4]

Accuracy: 0.3838573021181717
 Epoches: 3000
 Time: 259193ms
 Indices: [1, 2, 5, 8]
 Weights: [11.144141601491704, 6.583697475893025, 7.699771263942809, 2.453929931108857]

Accuracy: 0.216989966555184
 Epoches: 3000
 Time: 244494ms
 Indices: [1, 2, 6, 7]
 Weights: [12.099388111045116, 9.25579506767669, 4.520355083570894, 9.597538881422683E-5]

Accuracy: 0.3888517279821627
 Epoches: 3000
 Time: 241498ms
 Indices: [1, 2, 6, 8]
 Weights: [7.460369247855023, 4.667894282468747, 4.063189850212996, 3.405755061630811]

Accuracy: 0.32967670011148276
 Epoches: 3000
 Time: 269527ms
 Indices: [1, 2, 7, 8]
 Weights: [8.354791997752681, 5.790182422253441, 6.351616498382384E-5, 3.977478071526704]

Accuracy: 0.6791973244147157
 Epoches: 3000
 Time: 34291ms
 Indices: [1, 3, 4, 5]
 Weights: [5.642137690396228, 0.7848114546385583, 4.5935567027713465E-5, 4.542401384238025]

Accuracy: 0.74396878483835
 Epoches: 3000
 Time: 28022ms
 Indices: [1, 3, 4, 6]
 Weights: [7.894199899759181, 3.4994911326841196, 1.2972560761779477E-7, 5.990745737521676]

Accuracy: 0.6035005574136009
 Epoches: 3000
 Time: 59045ms
 Indices: [1, 3, 4, 7]
 Weights: [9.887189689874727, 4.504957595371178, 1.5058082795372147E-6, 0.7349047261136387]

Accuracy: 0.6993756967670011
 Epoches: 3000
 Time: 31894ms
 Indices: [1, 3, 4, 8]
 Weights: [14.546972872428768, 0.24315315228578394, 8.698447160359998E-5, 4.491490746614203]

Accuracy: 0.7569230769230769
 Epoches: 3000
 Time: 28621ms
 Indices: [1, 3, 5, 6]
 Weights: [12.142353814991644, 1.8929733250429792, 8.490548864139209, 1.446283225726721]

Accuracy: 0.7570122630992197
 Epoches: 3000
 Time: 47759ms
 Indices: [1, 3, 5, 7]
 Weights: [15.193382162227627, 1.7490356670531373, 12.579054605714948, 0.7413143664824845]

Accuracy: 0.671571906354515
 Epoches: 3000
 Time: 36026ms
 Indices: [1, 3, 5, 8]
 Weights: [5.75196655897463, 0.194545874935913, 4.172892106307159, 0.4177610730837174]

Accuracy: 0.6882497212931995
 Epoches: 3000
 Time: 30243ms
 Indices: [1, 3, 6, 7]
 Weights: [7.729530600129119, 3.7387447643723046, 6.953468195963119, 0.35084549412704297]

Accuracy: 0.6639910813823857
 Epoches: 3000
 Time: 31305ms
 Indices: [1, 3, 6, 8]
 Weights: [10.755389412315775, 0.8712601330328872, 7.996688978133971, 2.914236726035885]

Accuracy: 0.6680936454849498
 Epoches: 3000
 Time: 86600ms
 Indices: [1, 3, 7, 8]
 Weights: [11.833560484332432, 0.21002300068134658, 1.093429029168703, 4.661897480900952]

Accuracy: 0.7315496098104795
 Epoches: 3000
 Time: 29693ms
 Indices: [1, 4, 5, 6]
 Weights: [14.204659848594186, 1.0484380782540028, 10.246101641037466, 0.9388978057481852]

Accuracy: 0.6809810479375698
 Epoches: 3000
 Time: 55370ms
 Indices: [1, 4, 5, 7]
 Weights: [13.274024405724294, 0.5562317951876998, 11.31415380286191, 0.643156089405517]

Accuracy: 0.6362541806020067
 Epoches: 3000
 Time: 33655ms
 Indices: [1, 4, 5, 8]
 Weights: [11.557301297276116, 0.012576408169196012, 8.236694755698197, 0.9782362004587004]

Accuracy: 0.6181716833890747
 Epoches: 3000
 Time: 42102ms
 Indices: [1, 4, 6, 7]
 Weights: [7.154523274450739, 2.1827540942219805, 4.3138670944414415, 0.19919974057826922]

Accuracy: 0.753422519509476
 Epoches: 3000
 Time: 31950ms
 Indices: [1, 4, 6, 8]
 Weights: [11.544051161298809, 4.605417807718305E-4, 7.562802375889974, 3.0053798504713995]

Accuracy: 0.650680044593088
 Epoches: 3000
 Time: 95417ms
 Indices: [1, 4, 7, 8]
 Weights: [19.070402821934394, 0.006607616362637288, 1.8784552230826412, 7.234384052908801]

Accuracy: 0.6938461538461538
 Epoches: 3000
 Time: 37185ms
 Indices: [1, 5, 6, 7]
 Weights: [12.09132385964701, 10.853573263985153, 0.34840633764068746, 0.5145312209345524]

Accuracy: 0.7618283166109253
 Epoches: 3000
 Time: 29656ms
 Indices: [1, 5, 6, 8]
 Weights: [12.85178687271571, 7.28505570829531, 2.151141429531769, 1.5996826695306916]

Accuracy: 0.6151616499442587
 Epoches: 3000
 Time: 66604ms
 Indices: [1, 5, 7, 8]
 Weights: [12.691186029791993, 9.8705964988418, 0.5985773446425717, 1.3328719935049214]

Accuracy: 0.6434559643255295
 Epoches: 3000
 Time: 41802ms
 Indices: [1, 6, 7, 8]
 Weights: [12.669330301821711, 8.187958713638846, 0.8856474753189804, 4.211791569341464]

Accuracy: 0.3806465997770345
 Epoches: 3000
 Time: 275016ms
 Indices: [2, 3, 4, 5]
 Weights: [5.9910946170376045, 2.8701779790939983, 0.00887214875208162, 6.97422753300274]

Accuracy: 0.5689855072463768
 Epoches: 3000
 Time: 253763ms
 Indices: [2, 3, 4, 6]
 Weights: [6.1469068712376185, 4.8368342192478675, 7.439493276040858E-6, 6.513212887035075]

Accuracy: 0.5171014492753623
 Epoches: 3000
 Time: 301182ms
 Indices: [2, 3, 4, 7]
 Weights: [12.704652869389797, 7.307834627338137, 0.0033432718088665567, 0.06576455506748088]

Accuracy: 0.3960535117056856
 Epoches: 3000
 Time: 288929ms
 Indices: [2, 3, 4, 8]
 Weights: [13.588454161292066, 0.28778687482030196, 5.266636553904121E-4, 5.9949963942271935]

Accuracy: 0.35625418060200664
 Epoches: 3000
 Time: 249392ms
 Indices: [2, 3, 5, 6]
 Weights: [9.772429014050566, 4.593943384131043, 9.578540523791174, 1.6603610147824857]

Accuracy: 0.5727759197324415
 Epoches: 3000
 Time: 274926ms
 Indices: [2, 3, 5, 7]
 Weights: [6.624411150072065, 3.276469146806434, 7.9701772028377755, 0.6689412487080549]

Accuracy: 0.4473355629877369
 Epoches: 3000
 Time: 272879ms
 Indices: [2, 3, 5, 8]
 Weights: [10.36283979243403, 2.4341754682769046, 9.54225092658069, 1.8937045796074607]

Accuracy: 0.6035897435897436
 Epoches: 3000
 Time: 271063ms
 Indices: [2, 3, 6, 7]
 Weights: [7.584134570404238, 6.032343773540355, 7.536050180827273, 0.4564741085408173]

Accuracy: 0.3146265328874025
 Epoches: 3000
 Time: 286470ms
 Indices: [2, 3, 6, 8]
 Weights: [11.143708079378913, 1.4697858432396331, 6.434660199092211, 4.231981007939015]

Accuracy: 0.37652173913043474
 Epoches: 3000
 Time: 308832ms
 Indices: [2, 3, 7, 8]
 Weights: [11.895168546361973, 0.32142985810506625, 0.45202096201820324, 5.52045165505752]

Accuracy: 0.31587513935340017
 Epoches: 3000
 Time: 244823ms
 Indices: [2, 4, 5, 6]
 Weights: [9.320370610116376, 3.956668366395041, 9.039316991058728, 0.14300762079232374]

Accuracy: 0.3021404682274248
 Epoches: 3000
 Time: 282406ms
 Indices: [2, 4, 5, 7]
 Weights: [7.233612934677453, 2.827428148608589, 6.540069645850533, 0.5841975339096537]

Accuracy: 0.6113489409141584
 Epoches: 3000
 Time: 273762ms
 Indices: [2, 4, 5, 8]
 Weights: [11.227857199560603, 0.22426108405302414, 7.989053950464441, 2.7593539555556523]

Accuracy: 0.26086956521739135
 Epoches: 3000
 Time: 283551ms
 Indices: [2, 4, 6, 7]
 Weights: [13.995245433452974, 7.696652961094772, 6.220622481140659, 0.4051661094622469]

Accuracy: 0.32729096989966555
 Epoches: 3000
 Time: 294517ms
 Indices: [2, 4, 6, 8]
 Weights: [10.103654144433188, 0.0011617045229711232, 5.4548768863839046, 4.537770453614406]

Accuracy: 0.4030546265328874
 Epoches: 3000
 Time: 304360ms
 Indices: [2, 4, 7, 8]
 Weights: [10.416784461912417, 1.9430865851453318E-4, 0.36430013824804897, 5.124240037915883]

Accuracy: 0.22269788182831662
 Epoches: 3000
 Time: 244893ms
 Indices: [2, 5, 6, 7]
 Weights: [8.328160434409217, 8.134036196265596, 0.006013351697525321, 1.43849105715372]

Accuracy: 0.5796878483835006
 Epoches: 3000
 Time: 247026ms
 Indices: [2, 5, 6, 8]
 Weights: [12.076024026622372, 7.89553612929242, 1.184440107049769, 3.163845791450094]

Accuracy: 0.22651059085841696
 Epoches: 3000
 Time: 281891ms
 Indices: [2, 5, 7, 8]
 Weights: [5.4873951938931995, 5.030377625266877, 0.8470227153751451, 1.3195082382366254]

Accuracy: 0.332463768115942
 Epoches: 3000
 Time: 283419ms
 Indices: [2, 6, 7, 8]
 Weights: [9.772097157143415, 5.780475317064954, 1.0430077963613533, 4.869846202113786]

Accuracy: 0.7171683389074693
 Epoches: 3000
 Time: 34587ms
 Indices: [3, 4, 5, 6]
 Weights: [4.428637626118814, 1.5734886453007941E-4, 8.705240540566724, 3.993809473404304]

Accuracy: 0.5968115942028985
 Epoches: 3000
 Time: 99388ms
 Indices: [3, 4, 5, 7]
 Weights: [1.2185496124726074, 5.731072347374891E-4, 7.0378737546019945, 3.530409499678701]

Accuracy: 0.7562764771460424
 Epoches: 3000
 Time: 42801ms
 Indices: [3, 4, 5, 8]
 Weights: [4.438447698961636, 0.008846911716427586, 13.231610106092212, 0.0022523692145837433]

Accuracy: 0.5918394648829431
 Epoches: 3000
 Time: 100830ms
 Indices: [3, 4, 6, 7]
 Weights: [4.763944584346508, 6.147886378358851E-7, 8.23781325134806, 3.906927503270548]

Accuracy: 0.6391527313266443
 Epoches: 3000
 Time: 37039ms
 Indices: [3, 4, 6, 8]
 Weights: [9.254031847827543, 6.716572226302365E-5, 18.714925291581924, 1.8503446050298944]

Accuracy: 0.3875139353400223
 Epoches: 3000
 Time: 251943ms
 Indices: [3, 4, 7, 8]
 Weights: [1.4095319060711957, 1.556814061944024E-4, 7.258779026719438, 6.351216638973629]

Accuracy: 0.3546711259754738
 Epoches: 3000
 Time: 79420ms
 Indices: [3, 5, 6, 7]
 Weights: [3.5710028890229726, 10.188122333989213, 3.4989085589401774, 6.45841134183207]

Accuracy: 0.7675808249721293
 Epoches: 3000
 Time: 34512ms
 Indices: [3, 5, 6, 8]
 Weights: [4.791327893500531, 8.85307694103833, 3.910508860253046, 3.0904662550883727E-4]

Accuracy: 0.347603121516165
 Epoches: 3000
 Time: 112476ms
 Indices: [3, 5, 7, 8]
 Weights: [1.9034310920710937, 12.472186529821565, 6.875821196180639, 0.5973176235026458]

Accuracy: 0.5540691192865106
 Epoches: 3000
 Time: 141060ms
 Indices: [3, 6, 7, 8]
 Weights: [1.7442433258726966, 5.335311394739574, 3.198673447021184, 1.9517516519111713]

Accuracy: 0.3554515050167224
 Epoches: 3000
 Time: 44493ms
 Indices: [4, 5, 6, 7]
 Weights: [2.6608168046468337, 13.63776816105562, 2.8686122341229994, 8.568822846460753]

Accuracy: 0.6918840579710145
 Epoches: 3000
 Time: 38101ms
 Indices: [4, 5, 6, 8]
 Weights: [4.038167544277208, 15.001863853684544, 6.13124856040419, 1.7225830480628566]

Accuracy: 0.5124637681159421
 Epoches: 3000
 Time: 134261ms
 Indices: [4, 5, 7, 8]
 Weights: [0.5651021910018165, 17.80058985903708, 10.841271730369462, 2.4884522823207456]

Accuracy: 0.5955629877369009
 Epoches: 3000
 Time: 169653ms
 Indices: [4, 6, 7, 8]
 Weights: [0.04301609924901821, 10.269881889249586, 6.673689938355101, 5.152644045538465]

Accuracy: 0.41181716833890747
 Epoches: 3000
 Time: 86856ms
 Indices: [5, 6, 7, 8]
 Weights: [10.3032207197399, 5.48753695743248, 8.392897330292092, 3.269400025689605]

Best IWA: Accuracy: 0.7993534002229654
 Epoches: 3000
 Time: 29067ms
 Indices: [0, 1, 5, 8]
 Weights: [1.3856617826000992, 10.339059878380603, 7.089256873139087, 0.809631440344754]--------------------------------

_________________________________
size = 5
Accuracy: 0.5083835005574135
 Epoches: 3000
 Time: 267666ms
 Indices: [0, 1, 2, 3, 4]
 Weights: [9.490766225494246, 8.347819377232653, 7.015101894066479, 6.736180214690507, 0.0025763749077778687]

Accuracy: 0.3431884057971014
 Epoches: 3000
 Time: 218478ms
 Indices: [0, 1, 2, 3, 5]
 Weights: [5.974752771623496, 11.026825573450003, 6.621543860841176, 3.192094471527118, 9.663059306090023]

Accuracy: 0.5203567447045707
 Epoches: 3000
 Time: 236638ms
 Indices: [0, 1, 2, 3, 6]
 Weights: [8.10030504086423, 4.917260159877742, 2.9751430471195204, 3.439988197383271, 3.936042767615417]

Accuracy: 0.47353400222965436
 Epoches: 3000
 Time: 276367ms
 Indices: [0, 1, 2, 3, 7]
 Weights: [5.921734216041069, 9.933613368611596, 9.010200373596684, 7.4083082067621335, 2.3502939380831722E-4]

Accuracy: 0.30758082497212935
 Epoches: 3000
 Time: 278501ms
 Indices: [0, 1, 2, 3, 8]
 Weights: [8.597582682126568, 6.635797160387107, 5.175755985320384, 0.11675350064358535, 3.804908534020192]

Accuracy: 0.5338238573021181
 Epoches: 3000
 Time: 121697ms
 Indices: [0, 1, 2, 4, 5]
 Weights: [8.264224569877022, 8.045324084000022, 4.621463022183813, 1.5285815393941304, 6.602424049107487]

Accuracy: 0.566711259754738
 Epoches: 3000
 Time: 221545ms
 Indices: [0, 1, 2, 4, 6]
 Weights: [5.272551192746881, 11.19798131951213, 5.917784995862819, 5.374254996661002, 6.269622556478322]

Accuracy: 0.25119286510590855
 Epoches: 3000
 Time: 274589ms
 Indices: [0, 1, 2, 4, 7]
 Weights: [5.3611047277197414, 7.886594602779014, 6.330756463620695, 5.475823374332117, 6.801403287255269E-8]

Accuracy: 0.4964102564102564
 Epoches: 3000
 Time: 265346ms
 Indices: [0, 1, 2, 4, 8]
 Weights: [5.888344848084143, 8.49851327235676, 6.138655233178663, 6.161903378860613E-4, 4.030770137776489]

Accuracy: 0.2610479375696767
 Epoches: 3000
 Time: 71851ms
 Indices: [0, 1, 2, 5, 6]
 Weights: [8.305031685420929, 10.863193981457483, 6.615803843652792, 9.361497685218374, 0.06971833324012681]

Accuracy: 0.2216945373467113
 Epoches: 3000
 Time: 84865ms
 Indices: [0, 1, 2, 5, 7]
 Weights: [3.2787566214143595, 7.350146556550059, 4.41696987237027, 6.5785821893092535, 4.885133699884666E-5]

Accuracy: 0.5690746934225195
 Epoches: 3000
 Time: 243902ms
 Indices: [0, 1, 2, 5, 8]
 Weights: [6.872036306960143, 5.342346408277514, 3.2641490212476767, 4.243500645786646, 1.4613288130973512]

Accuracy: 0.23219620958751397
 Epoches: 3000
 Time: 252971ms
 Indices: [0, 1, 2, 6, 7]
 Weights: [4.109785684990221, 8.01081793745417, 6.5205030142589155, 3.2695860654061395, 7.545293272085017E-7]

Accuracy: 0.3451505016722408
 Epoches: 3000
 Time: 248080ms
 Indices: [0, 1, 2, 6, 8]
 Weights: [6.287350533838406, 11.148328720969756, 6.296534604914698, 6.097161371420476, 4.825769580454517]

Accuracy: 0.5264659977703456
 Epoches: 3000
 Time: 282433ms
 Indices: [0, 1, 2, 7, 8]
 Weights: [1.2111820550914505, 9.857419616738003, 7.081011656468471, 8.441950074309187E-4, 4.89882517642585]

Accuracy: 0.7512151616499443
 Epoches: 3000
 Time: 36644ms
 Indices: [0, 1, 3, 4, 5]
 Weights: [9.344319244829753, 12.519608959998783, 1.4146437570786654, 0.035160935458533396, 9.257383005177005]

Accuracy: 0.7264882943143813
 Epoches: 3000
 Time: 27787ms
 Indices: [0, 1, 3, 4, 6]
 Weights: [2.1047377555311826, 6.324854491377909, 2.7543791933428965, 5.206136733869385E-9, 5.276820577338368]

Accuracy: 0.626845039018952
 Epoches: 3000
 Time: 38864ms
 Indices: [0, 1, 3, 4, 7]
 Weights: [9.460927074867998, 13.90290940894597, 6.604283847502463, 6.900337781309261E-5, 0.9437947267662206]

Accuracy: 0.7191304347826086
 Epoches: 3000
 Time: 30902ms
 Indices: [0, 1, 3, 4, 8]
 Weights: [3.633160857365159, 20.902500299815106, 0.6605599905413223, 0.0019858449905257934, 6.226236151807365]

Accuracy: 0.678283166109253
 Epoches: 3000
 Time: 29164ms
 Indices: [0, 1, 3, 5, 6]
 Weights: [1.895827342961786, 6.32835236043191, 1.15922950136583, 4.350664700613218, 0.6431472856715355]

Accuracy: 0.7939130434782609
 Epoches: 3000
 Time: 56871ms
 Indices: [0, 1, 3, 5, 7]
 Weights: [5.608268743867285, 10.860509455383237, 1.2082022426642176, 8.490635363150174, 0.46464385082939946]

Accuracy: 0.7279598662207358
 Epoches: 3000
 Time: 34465ms
 Indices: [0, 1, 3, 5, 8]
 Weights: [4.7239928671975235, 8.905753436645716, 0.44368970438833866, 5.99479432546993, 0.5144411183377362]

Accuracy: 0.6944258639910814
 Epoches: 3000
 Time: 30167ms
 Indices: [0, 1, 3, 6, 7]
 Weights: [4.52617700903953, 9.143008447563398, 4.132864470456917, 8.065584695552566, 0.40532752280679596]

Accuracy: 0.6030992196209588
 Epoches: 3000
 Time: 31524ms
 Indices: [0, 1, 3, 6, 8]
 Weights: [4.046565273202779, 11.971326868632616, 1.0675667287823871, 8.005203618976763, 3.044786351023764]

Accuracy: 0.6586399108138239
 Epoches: 3000
 Time: 126070ms
 Indices: [0, 1, 3, 7, 8]
 Weights: [4.088871209522076, 18.770576575627725, 0.48505181009795517, 1.8902296564382421, 7.149685402281498]

Accuracy: 0.7471571906354515
 Epoches: 3000
 Time: 30652ms
 Indices: [0, 1, 4, 5, 6]
 Weights: [8.639697600509379, 12.966141687013447, 1.0178150934480905, 10.089275169360478, 0.6312295342915704]

Accuracy: 0.7558082497212932
 Epoches: 3000
 Time: 48951ms
 Indices: [0, 1, 4, 5, 7]
 Weights: [7.396584309372723, 14.443373848243125, 0.6272938397142465, 11.865488791583218, 0.4601265275934373]

Accuracy: 0.7089186176142698
 Epoches: 3000
 Time: 34917ms
 Indices: [0, 1, 4, 5, 8]
 Weights: [1.4600412035253876, 12.541976448449653, 0.03011753076384284, 8.365479543771484, 0.9173446060691205]

Accuracy: 0.5454849498327758
 Epoches: 3000
 Time: 42012ms
 Indices: [0, 1, 4, 6, 7]
 Weights: [1.7869790350358432, 9.372430921803423, 2.628322198636796, 5.817772231507684, 0.26998880191017255]

Accuracy: 0.7420066889632106
 Epoches: 3000
 Time: 31194ms
 Indices: [0, 1, 4, 6, 8]
 Weights: [3.2455812150052354, 10.371200972024546, 1.0722124437068257E-4, 6.553446319307821, 2.9675536445711455]

Accuracy: 0.7107246376811593
 Epoches: 3000
 Time: 128043ms
 Indices: [0, 1, 4, 7, 8]
 Weights: [2.715597754836614, 15.194794388531147, 0.0021661597767228865, 1.4514679863000401, 5.900820266864171]

Accuracy: 0.6935785953177258
 Epoches: 3000
 Time: 35928ms
 Indices: [0, 1, 5, 6, 7]
 Weights: [9.618977167971657, 9.82381527250684, 8.998737773272902, 0.2968538951912064, 0.4359583269540884]

Accuracy: 0.5775027870680045
 Epoches: 3000
 Time: 29972ms
 Indices: [0, 1, 5, 6, 8]
 Weights: [1.1955613762348691, 12.30178151367135, 7.180830235198431, 2.180711356704848, 1.601429971417063]

Accuracy: 0.7678929765886288
 Epoches: 3000
 Time: 55639ms
 Indices: [0, 1, 5, 7, 8]
 Weights: [6.948853790438001, 11.31424935595637, 8.932289063847884, 0.5168124126962783, 1.0707627030710651]

Accuracy: 0.660066889632107
 Epoches: 3000
 Time: 51955ms
 Indices: [0, 1, 6, 7, 8]
 Weights: [7.035281035294639, 11.004428295430078, 7.440892628298947, 0.5946213215044167, 3.314110871116865]

Accuracy: 0.39596432552954297
 Epoches: 3000
 Time: 266093ms
 Indices: [0, 2, 3, 4, 5]
 Weights: [7.247127402444227, 4.297288193181092, 1.7993323111136548, 2.597592792687431E-4, 4.302852800056976]

Accuracy: 0.5872909698996656
 Epoches: 3000
 Time: 260424ms
 Indices: [0, 2, 3, 4, 6]
 Weights: [5.93532036061249, 7.731954939328579, 5.566678233746271, 3.0617683134878226E-4, 7.802423962293886]

Accuracy: 0.3982162764771461
 Epoches: 3000
 Time: 293135ms
 Indices: [0, 2, 3, 4, 7]
 Weights: [1.7089844416893158, 13.101889456167926, 7.657193635571042, 0.006723823545062177, 0.07440853454044243]

Accuracy: 0.38459308807134895
 Epoches: 3000
 Time: 310013ms
 Indices: [0, 2, 3, 4, 8]
 Weights: [2.1222569744586766, 12.677090836279328, 0.2472380016140718, 7.08253872694432E-5, 5.556101859185162]

Accuracy: 0.4558751393534002
 Epoches: 3000
 Time: 241995ms
 Indices: [0, 2, 3, 5, 6]
 Weights: [2.440013221702762, 9.090258770743548, 3.6073550766587164, 8.841220052958123, 1.2922191888941719]

Accuracy: 0.27937569676700114
 Epoches: 3000
 Time: 279055ms
 Indices: [0, 2, 3, 5, 7]
 Weights: [3.7512319995537458, 9.904831532205423, 5.763457269055819, 11.653069274082522, 1.0327791815978176]

Accuracy: 0.5891192865105909
 Epoches: 3000
 Time: 277491ms
 Indices: [0, 2, 3, 5, 8]
 Weights: [1.4305075431123484, 10.184136654941902, 2.101901348799114, 8.921852426565861, 1.9470296798096844]

Accuracy: 0.5555629877369008
 Epoches: 3000
 Time: 260116ms
 Indices: [0, 2, 3, 6, 7]
 Weights: [1.6675362768585207, 6.024768782014709, 4.685961952947576, 5.149600593076183, 0.3944265717168187]

Accuracy: 0.2362095875139354
 Epoches: 3000
 Time: 269176ms
 Indices: [0, 2, 3, 6, 8]
 Weights: [7.410672121557903, 11.406855450326047, 2.147936811117321, 7.457904181611603, 3.674977703937422]

Accuracy: 0.2364994425863991
 Epoches: 3000
 Time: 304130ms
 Indices: [0, 2, 3, 7, 8]
 Weights: [5.172536479110346, 7.779302870234515, 0.09305175243420127, 0.40628215566450937, 3.6880618705971053]

Accuracy: 0.7038127090301003
 Epoches: 3000
 Time: 257098ms
 Indices: [0, 2, 4, 5, 6]
 Weights: [8.801023083577748, 9.545755084871805, 3.6970221304685182, 9.109790603669197, 0.11299482662345788]

Accuracy: 0.22160535117056857
 Epoches: 3000
 Time: 265018ms
 Indices: [0, 2, 4, 5, 7]
 Weights: [7.295370631629526, 11.640265795495925, 3.4934343760556272, 11.148858822304733, 1.4717526527463098]

Accuracy: 0.6280267558528427
 Epoches: 3000
 Time: 274743ms
 Indices: [0, 2, 4, 5, 8]
 Weights: [1.767713256110048, 10.418633019884899, 0.18455704568499948, 7.895732398834591, 2.952825040057487]

Accuracy: 0.31172798216276476
 Epoches: 3000
 Time: 294322ms
 Indices: [0, 2, 4, 6, 7]
 Weights: [2.2780225556381613, 17.657594510388307, 9.98444540549218, 7.959852139331314, 0.47607490736023883]

Accuracy: 0.4964994425863991
 Epoches: 3000
 Time: 274856ms
 Indices: [0, 2, 4, 6, 8]
 Weights: [7.560515213301221, 10.428396231881472, 0.0021065532189220386, 5.188820453503249, 4.543015021475502]

Accuracy: 0.30202898550724633
 Epoches: 3000
 Time: 299472ms
 Indices: [0, 2, 4, 7, 8]
 Weights: [5.426022510209676, 13.794703323705072, 0.00862321897992102, 0.8076325171153067, 6.744661809787963]

Accuracy: 0.6905908584169453
 Epoches: 3000
 Time: 238621ms
 Indices: [0, 2, 5, 6, 7]
 Weights: [9.929341980084754, 9.441123072782238, 10.59437019718896, 0.03538058991861752, 1.66823781161214]

Accuracy: 0.6110367892976589
 Epoches: 3000
 Time: 291080ms
 Indices: [0, 2, 5, 6, 8]
 Weights: [9.018974269397098, 13.291713502077274, 9.023003252261532, 0.9779111309592932, 3.7794933789681346]

Accuracy: 0.5937346711259754
 Epoches: 3000
 Time: 288768ms
 Indices: [0, 2, 5, 7, 8]
 Weights: [5.341746510331023, 10.092765721649318, 8.3175051130831, 1.5179677350695688, 2.711414712706612]

Accuracy: 0.5432552954292085
 Epoches: 3000
 Time: 276062ms
 Indices: [0, 2, 6, 7, 8]
 Weights: [4.2501772108790075, 11.083245778143867, 6.782868513050751, 1.4982283050211642, 4.833207269369841]

Accuracy: 0.6964994425863991
 Epoches: 3000
 Time: 34379ms
 Indices: [0, 3, 4, 5, 6]
 Weights: [5.836031983192906, 5.118234712377545, 1.0751055687578487E-4, 9.256325854563618, 4.072574950958816]

Accuracy: 0.3928874024526199
 Epoches: 3000
 Time: 104276ms
 Indices: [0, 3, 4, 5, 7]
 Weights: [7.800109609615922, 2.9595661307887786, 0.0356084873069368, 13.744974568698673, 7.111482641180935]

Accuracy: 0.807469342251951
 Epoches: 3000
 Time: 42443ms
 Indices: [0, 3, 4, 5, 8]
 Weights: [5.694484981609834, 4.262953822336113, 0.0016554949568936357, 12.487332116698346, 9.859231569870086E-4]

Accuracy: 0.543768115942029
 Epoches: 3000
 Time: 99098ms
 Indices: [0, 3, 4, 6, 7]
 Weights: [8.492659509257166, 6.706298525852463, 1.169884219192287E-4, 12.645343713595922, 5.089051564264965]

Accuracy: 0.5414715719063545
 Epoches: 3000
 Time: 36403ms
 Indices: [0, 3, 4, 6, 8]
 Weights: [7.174373794119425, 7.027837590191791, 6.535419730005202E-7, 12.990206060787994, 1.1935327275500631]

Accuracy: 0.3755183946488294
 Epoches: 3000
 Time: 268741ms
 Indices: [0, 3, 4, 7, 8]
 Weights: [8.726081364055688, 0.9668240891259119, 4.177551578340895E-4, 7.566907848339092, 6.3122080679128265]

Accuracy: 0.4487848383500558
 Epoches: 3000
 Time: 72629ms
 Indices: [0, 3, 5, 6, 7]
 Weights: [7.0128027768584955, 4.629491872874184, 12.441143442012834, 5.304986588941641, 7.573762651955864]

Accuracy: 0.6470457079152732
 Epoches: 3000
 Time: 34537ms
 Indices: [0, 3, 5, 6, 8]
 Weights: [4.986890918821346, 6.435145297440551, 12.844385216065078, 5.149451750968589, 0.0035136652478939155]

Accuracy: 0.2883389074693422
 Epoches: 3000
 Time: 130246ms
 Indices: [0, 3, 5, 7, 8]
 Weights: [7.1573638755210105, 1.4754826715711342, 9.391021351082344, 5.180266672547249, 0.8560808116784753]

Accuracy: 0.6459308807134894
 Epoches: 3000
 Time: 114786ms
 Indices: [0, 3, 6, 7, 8]
 Weights: [4.843898702921441, 3.3798549836700045, 11.05331165315878, 6.34034773984812, 3.4396102071901478]

Accuracy: 0.4581939799331104
 Epoches: 3000
 Time: 46930ms
 Indices: [0, 4, 5, 6, 7]
 Weights: [5.2304016202771955, 1.781632831957189, 8.928996513953745, 1.5884169902135339, 4.952572174645623]

Accuracy: 0.7532664437012263
 Epoches: 3000
 Time: 36566ms
 Indices: [0, 4, 5, 6, 8]
 Weights: [1.8052390799238622, 4.0123689101767495, 12.65662678711782, 4.787112876913709, 1.7458573331135292]

Accuracy: 0.589319955406912
 Epoches: 3000
 Time: 145116ms
 Indices: [0, 4, 5, 7, 8]
 Weights: [2.061749225424118, 0.41488324959290424, 16.57953403860214, 9.622014632222783, 2.598871310892842]

Accuracy: 0.4308584169453734
 Epoches: 3000
 Time: 183298ms
 Indices: [0, 4, 6, 7, 8]
 Weights: [9.47508136013212, 0.020124686320382463, 7.495147853757705, 5.59825237637794, 4.30623482767812]

Accuracy: 0.6590412486064661
 Epoches: 3000
 Time: 86392ms
 Indices: [0, 5, 6, 7, 8]
 Weights: [6.653818541783057, 7.524210925347745, 3.996578951973194, 6.8220206821266025, 2.7812752600005526]

Accuracy: 0.28499442586399104
 Epoches: 3000
 Time: 229951ms
 Indices: [1, 2, 3, 4, 5]
 Weights: [8.318740276289669, 5.014128725503485, 2.2353563408498864, 0.01636766744321129, 7.145489424237293]

Accuracy: 0.7025863991081382
 Epoches: 3000
 Time: 258266ms
 Indices: [1, 2, 3, 4, 6]
 Weights: [8.675060007813698, 5.317460074510052, 5.665215960671659, 0.0010008511507279792, 7.039567170999108]

Accuracy: 0.6001114827201783
 Epoches: 3000
 Time: 315033ms
 Indices: [1, 2, 3, 4, 7]
 Weights: [10.469214080734675, 8.696276444003997, 7.76970573684648, 0.008721885730189385, 7.493868613280589E-4]

Accuracy: 0.3711036789297659
 Epoches: 3000
 Time: 297006ms
 Indices: [1, 2, 3, 4, 8]
 Weights: [9.60506654059844, 7.303149692465045, 0.24962532767281878, 0.0012589757320483439, 5.066485166186823]

Accuracy: 0.38929765886287626
 Epoches: 3000
 Time: 159039ms
 Indices: [1, 2, 3, 5, 6]
 Weights: [15.110967438674415, 9.138505037651633, 4.932397114949077, 11.474013450278106, 2.6869188180876074]

Accuracy: 0.3657748049052397
 Epoches: 3000
 Time: 284981ms
 Indices: [1, 2, 3, 5, 7]
 Weights: [9.939478024323353, 6.070217807480863, 2.5837847089744996, 8.83005180592633, 0.00545703886637743]

Accuracy: 0.3250836120401338
 Epoches: 3000
 Time: 281781ms
 Indices: [1, 2, 3, 5, 8]
 Weights: [11.562660127171823, 6.928019606087521, 1.06503531911577, 8.506367982928346, 2.118907180884224]

Accuracy: 0.4845707915273133
 Epoches: 3000
 Time: 240942ms
 Indices: [1, 2, 3, 6, 7]
 Weights: [7.988773873541956, 4.892671790029471, 4.803782463012741, 6.219837688634722, 1.50404200663761E-4]

Accuracy: 0.5050390189520624
 Epoches: 3000
 Time: 296368ms
 Indices: [1, 2, 3, 6, 8]
 Weights: [15.00995363707456, 8.661261038364682, 1.6517668780986021, 8.82167936842233, 5.718425222901004]

Accuracy: 0.5441471571906354
 Epoches: 3000
 Time: 319704ms
 Indices: [1, 2, 3, 7, 8]
 Weights: [13.327152144593878, 10.48024104361716, 0.8943689844834217, 0.03623697866819796, 7.118260822471222]

Accuracy: 0.3087402452619844
 Epoches: 3000
 Time: 134164ms
 Indices: [1, 2, 4, 5, 6]
 Weights: [8.073607825631699, 4.566824120854636, 1.6101517568537893, 6.985075596664037, 0.14926876565924188]

Accuracy: 0.3356744704570791
 Epoches: 3000
 Time: 193994ms
 Indices: [1, 2, 4, 5, 7]
 Weights: [13.408963716333604, 7.56020766087547, 2.897826038090493, 11.37949890054079, 0.012625013180797777]

Accuracy: 0.3818952062430323
 Epoches: 3000
 Time: 282051ms
 Indices: [1, 2, 4, 5, 8]
 Weights: [10.189706515355345, 6.143236006769889, 0.06647439971097771, 7.407065230774507, 2.2452449650707]

Accuracy: 0.4463545150501672
 Epoches: 3000
 Time: 274511ms
 Indices: [1, 2, 4, 6, 7]
 Weights: [11.25647782100841, 7.160605799262708, 6.532374078879799, 5.4740968863789226, 1.1788270341338747E-4]

Accuracy: 0.42947603121516165
 Epoches: 3000
 Time: 299393ms
 Indices: [1, 2, 4, 6, 8]
 Weights: [12.183048177827388, 7.267580585019347, 0.04509820174379835, 6.957334830053722, 5.389149845518004]

Accuracy: 0.4741360089186176
 Epoches: 3000
 Time: 317685ms
 Indices: [1, 2, 4, 7, 8]
 Weights: [10.375347138273769, 6.569813677356834, 0.0027232291072684105, 8.059309713102032E-4, 4.790187719545614]

Accuracy: 0.3566555183946488
 Epoches: 3000
 Time: 91493ms
 Indices: [1, 2, 5, 6, 7]
 Weights: [11.896107694070528, 7.203518311368527, 10.724062316479342, 0.166541175750811, 0.013021297163651654]

Accuracy: 0.6165663322185062
 Epoches: 3000
 Time: 240810ms
 Indices: [1, 2, 5, 6, 8]
 Weights: [11.913562524597426, 6.409528827444271, 6.463646744117498, 1.7952602516515586, 2.8313564962643643]

Accuracy: 0.35190635451505015
 Epoches: 3000
 Time: 261130ms
 Indices: [1, 2, 5, 7, 8]
 Weights: [15.004373390039742, 8.718830207314678, 10.479221628184392, 0.05523762650621157, 2.914110596592483]

Accuracy: 0.32013377926421405
 Epoches: 3000
 Time: 337221ms
 Indices: [1, 2, 6, 7, 8]
 Weights: [9.178109587412456, 5.24315903190937, 5.034098677108953, 5.653757573169865E-4, 3.609198422063579]

Accuracy: 0.6932664437012264
 Epoches: 3000
 Time: 33139ms
 Indices: [1, 3, 4, 5, 6]
 Weights: [16.732086701497206, 2.9753699991498195, 0.03293757249934019, 11.64435111437565, 2.3403465486630024]

Accuracy: 0.7706354515050167
 Epoches: 3000
 Time: 67281ms
 Indices: [1, 3, 4, 5, 7]
 Weights: [13.089894422122, 1.1479365535804693, 0.004235830042558918, 10.452692145389152, 0.498698097427229]

Accuracy: 0.7729319955406913
 Epoches: 3000
 Time: 42591ms
 Indices: [1, 3, 4, 5, 8]
 Weights: [10.703584549886356, 0.5038340085101064, 0.0037749807040523683, 7.932090883512038, 0.5845761537476589]

Accuracy: 0.6301003344481606
 Epoches: 3000
 Time: 45383ms
 Indices: [1, 3, 4, 6, 7]
 Weights: [7.821579950313436, 4.089090369570614, 1.1725309789159003E-6, 7.454169942212056, 0.3849602967430528]

Accuracy: 0.681092530657748
 Epoches: 3000
 Time: 39506ms
 Indices: [1, 3, 4, 6, 8]
 Weights: [15.427935682066204, 1.4833162745833346, 0.0017503028760882894, 9.88037565465555, 3.8056699442763424]

Accuracy: 0.6134671125975474
 Epoches: 3000
 Time: 141695ms
 Indices: [1, 3, 4, 7, 8]
 Weights: [23.49650220268627, 0.9643518876844103, 0.006281318309199071, 2.4087073399301184, 8.45682737094536]

Accuracy: 0.7045930880713489
 Epoches: 3000
 Time: 35625ms
 Indices: [1, 3, 5, 6, 7]
 Weights: [15.710553886028931, 3.097856339182267, 10.90755867176926, 2.699045373502216, 0.46972019531438886]

Accuracy: 0.7356967670011147
 Epoches: 3000
 Time: 34199ms
 Indices: [1, 3, 5, 6, 8]
 Weights: [12.335881453289522, 1.2083818972143043, 7.506582965309751, 2.1540303064758217, 0.979356820076942]

Accuracy: 0.7890969899665552
 Epoches: 3000
 Time: 63255ms
 Indices: [1, 3, 5, 7, 8]
 Weights: [13.717329383921244, 0.7317231546867856, 11.087678267833647, 0.6288703019586832, 0.7899669581617251]

Accuracy: 0.7159420289855072
 Epoches: 3000
 Time: 59527ms
 Indices: [1, 3, 6, 7, 8]
 Weights: [15.115430102401524, 1.2128811427029766, 11.098460666228492, 0.9971897796460858, 4.220717785407283]

Accuracy: 0.7245930880713489
 Epoches: 3000
 Time: 42227ms
 Indices: [1, 4, 5, 6, 7]
 Weights: [11.906940883671858, 1.011543350675494, 9.442115377639551, 0.6603139292713539, 0.4017143097928561]

Accuracy: 0.699041248606466
 Epoches: 3000
 Time: 34470ms
 Indices: [1, 4, 5, 6, 8]
 Weights: [12.553155891541724, 0.03150580375091962, 7.070571401392121, 2.340774519851775, 1.4097375947297681]

Accuracy: 0.6925083612040134
 Epoches: 3000
 Time: 56108ms
 Indices: [1, 4, 5, 7, 8]
 Weights: [12.343708833814325, 0.026538689857802514, 9.416648045117013, 0.5108660963616942, 1.2286792982641526]

Accuracy: 0.6756967670011148
 Epoches: 3000
 Time: 48251ms
 Indices: [1, 4, 6, 7, 8]
 Weights: [19.435468148986416, 0.041056913199124315, 13.783430009562467, 1.3748928421677697, 6.357097062302534]

Accuracy: 0.694314381270903
 Epoches: 3000
 Time: 40373ms
 Indices: [1, 5, 6, 7, 8]
 Weights: [14.638456025543032, 9.465946932807128, 2.769152746554514, 0.713036472256986, 1.9944478319352914]

Accuracy: 0.5603790412486065
 Epoches: 3000
 Time: 306837ms
 Indices: [2, 3, 4, 5, 6]
 Weights: [7.87154282180698, 3.5532595406544987, 0.006758123355413186, 7.678051869263048, 0.7149275807728017]

Accuracy: 0.3602898550724638
 Epoches: 3000
 Time: 316185ms
 Indices: [2, 3, 4, 5, 7]
 Weights: [8.71625878297524, 4.084666023514329, 0.03091167830861412, 9.713420531973165, 0.9913589999168567]

Accuracy: 0.598974358974359
 Epoches: 3000
 Time: 344780ms
 Indices: [2, 3, 4, 5, 8]
 Weights: [11.380210441241296, 1.221578565592299, 0.053769725244455766, 8.962168230422973, 2.277813091216208]

Accuracy: 0.461984392419175
 Epoches: 3000
 Time: 302959ms
 Indices: [2, 3, 4, 6, 7]
 Weights: [8.622913435933777, 6.993688880279475, 8.357408451282896E-4, 7.971139468045058, 0.7576091103097854]

Accuracy: 0.28332218506131546
 Epoches: 3000
 Time: 326063ms
 Indices: [2, 3, 4, 6, 8]
 Weights: [13.312648618954164, 2.618540873288131, 0.008265682478371908, 8.029243067264739, 4.598429159047558]

Accuracy: 0.3454849498327759
 Epoches: 3000
 Time: 342931ms
 Indices: [2, 3, 4, 7, 8]
 Weights: [23.652400088236018, 1.9439312675405485, 0.06235991792408088, 1.8388577318841863, 10.215915665322825]

Accuracy: 0.23112597547380154
 Epoches: 3000
 Time: 283652ms
 Indices: [2, 3, 5, 6, 7]
 Weights: [9.100707674739155, 4.7228302291285, 9.043634865995589, 1.879987969664916, 1.472624967432057]

Accuracy: 0.5892976588628762
 Epoches: 3000
 Time: 293990ms
 Indices: [2, 3, 5, 6, 8]
 Weights: [11.741851356892294, 3.2102290355783643, 9.231186278306875, 1.65143175558068, 1.8127045936181942]

Accuracy: 0.6480936454849499
 Epoches: 3000
 Time: 332339ms
 Indices: [2, 3, 5, 7, 8]
 Weights: [13.60395105964484, 2.2578968618884185, 12.301897419960623, 1.5389142895289112, 2.938464140881407]

Accuracy: 0.3083835005574136
 Epoches: 3000
 Time: 325724ms
 Indices: [2, 3, 6, 7, 8]
 Weights: [13.557413952105524, 2.7202153656030843, 8.46048689065345, 1.8045169315502099, 4.928770136716502]

Accuracy: 0.31507246376811593
 Epoches: 3000
 Time: 318368ms
 Indices: [2, 4, 5, 6, 7]
 Weights: [12.575772958867493, 4.816715094929874, 11.891061498701974, 0.4462882800735372, 1.2405074324508196]

Accuracy: 0.3138015607580825
 Epoches: 3000
 Time: 301666ms
 Indices: [2, 4, 5, 6, 8]
 Weights: [11.35959464476399, 0.2756420352056536, 8.251989664614056, 1.0281953562549448, 3.0013111999941815]

Accuracy: 0.5571460423634337
 Epoches: 3000
 Time: 327398ms
 Indices: [2, 4, 5, 7, 8]
 Weights: [14.056067398774164, 0.6256670036964249, 12.37575191323955, 2.128972738493821, 3.485257644239254]

Accuracy: 0.5786622073578596
 Epoches: 3000
 Time: 317922ms
 Indices: [2, 4, 6, 7, 8]
 Weights: [10.182568312130947, 0.015411866244528121, 6.590239810248662, 1.312827047351123, 4.614603956906677]

Accuracy: 0.342742474916388
 Epoches: 3000
 Time: 319778ms
 Indices: [2, 5, 6, 7, 8]
 Weights: [11.407181892815867, 8.128928415081262, 1.556567176836134, 1.7192589786569616, 2.9780627339756185]

Accuracy: 0.6645930880713489
 Epoches: 3000
 Time: 76505ms
 Indices: [3, 4, 5, 6, 7]
 Weights: [6.123724136648835, 0.23915267644397367, 16.795214614180658, 6.4246158210944, 10.27820138865081]

Accuracy: 0.7911705685618728
 Epoches: 3000
 Time: 41712ms
 Indices: [3, 4, 5, 6, 8]
 Weights: [6.988885396733534, 0.036647523211573566, 12.827560144593505, 6.655721573081315, 0.016701450714910884]

Accuracy: 0.3638127090301003
 Epoches: 3000
 Time: 161212ms
 Indices: [3, 4, 5, 7, 8]
 Weights: [1.9262171469229226, 0.034825263625781214, 14.855731394710077, 8.177060986698118, 1.1096731067781498]

Accuracy: 0.5004682274247492
 Epoches: 3000
 Time: 162687ms
 Indices: [3, 4, 6, 7, 8]
 Weights: [5.666334281816764, 0.06379700053817074, 20.09000441197948, 11.934373413231183, 6.321739786873195]

Accuracy: 0.45977703455964325
 Epoches: 3000
 Time: 95526ms
 Indices: [3, 5, 6, 7, 8]
 Weights: [4.135461093433987, 9.566190840076882, 5.6128378903322025, 7.639361150267499, 1.3590031249311456]

Accuracy: 0.32989966555183947
 Epoches: 3000
 Time: 94502ms
 Indices: [4, 5, 6, 7, 8]
 Weights: [0.725112350164487, 10.177450164248702, 5.267232134600557, 8.516374126431483, 3.050088231993873]

Best IWA: Accuracy: 0.807469342251951
 Epoches: 3000
 Time: 42443ms
 Indices: [0, 3, 4, 5, 8]
 Weights: [5.694484981609834, 4.262953822336113, 0.0016554949568936357, 12.487332116698346, 9.859231569870086E-4]
